#
# There is insufficient memory for the Java Runtime Environment to continue.
# Native memory allocation (mmap) failed to map 65011712 bytes. Error detail: G1 virtual space
# Possible reasons:
#   The system is out of physical RAM or swap space
#   This process is running with CompressedOops enabled, and the Java Heap may be blocking the growth of the native heap
# Possible solutions:
#   Reduce memory load on the system
#   Increase physical memory or swap space
#   Check if swap backing store is full
#   Decrease Java heap size (-Xmx/-Xms)
#   Decrease number of Java threads
#   Decrease Java thread stack sizes (-Xss)
#   Set larger code cache with -XX:ReservedCodeCacheSize=
#   JVM is running with Unscaled Compressed Oops mode in which the Java heap is
#     placed in the first 4GB address space. The Java Heap base address is the
#     maximum limit for the native heap growth. Please use -XX:HeapBaseMinAddress
#     to set the Java Heap base and to place the Java Heap above 4GB virtual address.
# This output file may be truncated or incomplete.
#
#  Out of Memory Error (os_windows.cpp:3707), pid=16392, tid=13892
#
# JRE version:  (23.0.2+7) (build )
# Java VM: Java HotSpot(TM) 64-Bit Server VM (23.0.2+7-58, mixed mode, sharing, tiered, compressed oops, compressed class ptrs, g1 gc, windows-amd64)
# No core dump will be written. Minidumps are not enabled by default on client versions of Windows
#

---------------  S U M M A R Y ------------

Command Line: za.ac.cput.courseenrolmentsystem.CourseEnrolmentSystem

Host: Intel(R) Celeron(R) N4020 CPU @ 1.10GHz, 2 cores, 3G,  Windows 11 , 64 bit Build 26100 (10.0.26100.6725)
Time: Wed Oct  8 20:05:45 2025 South Africa Standard Time elapsed time: 0.284654 seconds (0d 0h 0m 0s)

---------------  T H R E A D  ---------------

Current thread (0x0000024c634c2aa0):  JavaThread "Unknown thread" [_thread_in_vm, id=13892, stack(0x000000c0a4500000,0x000000c0a4600000) (1024K)]

Stack: [0x000000c0a4500000,0x000000c0a4600000]
Native frames: (J=compiled Java code, j=interpreted, Vv=VM code, C=native code)
V  [jvm.dll+0x6e0b99]  (no source info available)
V  [jvm.dll+0x87e2b3]  (no source info available)
V  [jvm.dll+0x88073e]  (no source info available)
V  [jvm.dll+0x880e13]  (no source info available)
V  [jvm.dll+0x27b006]  (no source info available)
V  [jvm.dll+0x6dd485]  (no source info available)
V  [jvm.dll+0x6d127a]  (no source info available)
V  [jvm.dll+0x35b50a]  (no source info available)
V  [jvm.dll+0x363916]  (no source info available)
V  [jvm.dll+0x34fe7e]  (no source info available)
V  [jvm.dll+0x350118]  (no source info available)
V  [jvm.dll+0x328aec]  (no source info available)
V  [jvm.dll+0x32978e]  (no source info available)
V  [jvm.dll+0x8449a5]  (no source info available)
V  [jvm.dll+0x3b9a08]  (no source info available)
V  [jvm.dll+0x82d68c]  (no source info available)
V  [jvm.dll+0x454f2e]  (no source info available)
V  [jvm.dll+0x456db1]  (no source info available)
C  [jli.dll+0x52a3]  (no source info available)
C  [ucrtbase.dll+0x37b0]  (no source info available)
C  [KERNEL32.DLL+0x2e8d7]  (no source info available)
C  [ntdll.dll+0x8c53c]  (no source info available)

Lock stack of current Java thread (top to bottom):


---------------  P R O C E S S  ---------------

Threads class SMR info:
_java_thread_list=0x00007ffa1edb4618, length=0, elements={
}

Java Threads: ( => current thread )
Total: 0

Other Threads:
  0x0000024c658e2e00 WorkerThread "GC Thread#0"                     [id=18240, stack(0x000000c0a4600000,0x000000c0a4700000) (1024K)]
  0x0000024c658ed770 ConcurrentGCThread "G1 Main Marker"            [id=13416, stack(0x000000c0a4700000,0x000000c0a4800000) (1024K)]
  0x0000024c658ef100 WorkerThread "G1 Conc#0"                       [id=13920, stack(0x000000c0a4800000,0x000000c0a4900000) (1024K)]

[error occurred during error reporting (printing all threads), id 0xc0000005, EXCEPTION_ACCESS_VIOLATION (0xc0000005) at pc=0x00007ffa1e4fc0da]
VM state: not at safepoint (not fully initialized)

VM Mutex/Monitor currently owned by a thread:  ([mutex/lock_event])
[0x00007ffa1ee34988] Heap_lock - owner thread: 0x0000024c634c2aa0

Heap address: 0x00000000c2c00000, size: 980 MB, Compressed Oops mode: 32-bit

CDS archive(s) mapped at: [0x0000000000000000-0x0000000000000000-0x0000000000000000), size 0, SharedBaseAddress: 0x0000000800000000, ArchiveRelocationMode: 1.
Narrow klass base: 0x0000000000000000, Narrow klass shift: 0, Narrow klass range: 0x0

GC Precious Log:
 CardTable entry size: 512
 Card Set container configuration: InlinePtr #cards 5 size 8 Array Of Cards #cards 10 size 36 Howl #buckets 4 coarsen threshold 1843 Howl Bitmap #cards 512 size 80 coarsen threshold 460 Card regions per heap region 1 cards per card region 2048

Heap:
 garbage-first heap   total reserved 1003520K, committed 0K, used 0K [0x00000000c2c00000, 0x0000000100000000)
  region size 1024K, 0 young (0K), 0 survivors (0K)

[error occurred during error reporting (printing heap information), id 0xc0000005, EXCEPTION_ACCESS_VIOLATION (0xc0000005) at pc=0x00007ffa1e8fc6a9]
GC Heap History (0 events):
No events

Dll operation events (1 events):
Event: 0.091 Loaded shared library C:\Program Files\Java\jdk-23\bin\java.dll

Deoptimization events (0 events):
No events

Classes loaded (0 events):
No events

Classes unloaded (0 events):
No events

Classes redefined (0 events):
No events

Internal exceptions (0 events):
No events

VM Operations (0 events):
No events

Memory protections (0 events):
No events

Nmethod flushes (0 events):
No events

Events (0 events):
No events


Dynamic libraries:
0x00007ff6b2170000 - 0x00007ff6b2180000 	C:\Program Files\Java\jdk-23\bin\java.exe
0x00007ffa83080000 - 0x00007ffa832e8000 	C:\Windows\SYSTEM32\ntdll.dll
0x00007ffa81cd0000 - 0x00007ffa81d99000 	C:\Windows\System32\KERNEL32.DLL
0x00007ffa80210000 - 0x00007ffa80602000 	C:\Windows\System32\KERNELBASE.dll
0x00007ffa80980000 - 0x00007ffa80acb000 	C:\Windows\System32\ucrtbase.dll
0x00007ffa60040000 - 0x00007ffa60057000 	C:\Program Files\Java\jdk-23\bin\jli.dll
0x00007ffa80e50000 - 0x00007ffa81015000 	C:\Windows\System32\USER32.dll
0x00007ffa808b0000 - 0x00007ffa808d7000 	C:\Windows\System32\win32u.dll
0x00007ffa81250000 - 0x00007ffa8127b000 	C:\Windows\System32\GDI32.dll
0x00007ffa80780000 - 0x00007ffa808ad000 	C:\Windows\System32\gdi32full.dll
0x00007ffa80b60000 - 0x00007ffa80c03000 	C:\Windows\System32\msvcp_win.dll
0x00007ffa66f20000 - 0x00007ffa66f3b000 	C:\Program Files\Java\jdk-23\bin\VCRUNTIME140.dll
0x00007ffa6e580000 - 0x00007ffa6e813000 	C:\Windows\WinSxS\amd64_microsoft.windows.common-controls_6595b64144ccf1df_6.0.26100.6725_none_3e085828e334708b\COMCTL32.dll
0x00007ffa81f00000 - 0x00007ffa81fa9000 	C:\Windows\System32\msvcrt.dll
0x00007ffa81da0000 - 0x00007ffa81dcf000 	C:\Windows\System32\IMM32.DLL
0x00007ffa6d8f0000 - 0x00007ffa6d8fc000 	C:\Program Files\Java\jdk-23\bin\vcruntime140_1.dll
0x00007ffa4f2a0000 - 0x00007ffa4f32e000 	C:\Program Files\Java\jdk-23\bin\msvcp140.dll
0x00007ffa1e1c0000 - 0x00007ffa1ef10000 	C:\Program Files\Java\jdk-23\bin\server\jvm.dll
0x00007ffa81360000 - 0x00007ffa81414000 	C:\Windows\System32\ADVAPI32.dll
0x00007ffa81560000 - 0x00007ffa81606000 	C:\Windows\System32\sechost.dll
0x00007ffa82e20000 - 0x00007ffa82f38000 	C:\Windows\System32\RPCRT4.dll
0x00007ffa81de0000 - 0x00007ffa81e54000 	C:\Windows\System32\WS2_32.dll
0x00007ffa7ffc0000 - 0x00007ffa8001e000 	C:\Windows\SYSTEM32\POWRPROF.dll
0x00007ffa69f80000 - 0x00007ffa69fb5000 	C:\Windows\SYSTEM32\WINMM.dll
0x00007ffa6d0b0000 - 0x00007ffa6d0bb000 	C:\Windows\SYSTEM32\VERSION.dll
0x00007ffa7feb0000 - 0x00007ffa7fec4000 	C:\Windows\SYSTEM32\UMPDC.dll
0x00007ffa7efe0000 - 0x00007ffa7effb000 	C:\Windows\SYSTEM32\kernel.appcore.dll
0x00007ffa67a00000 - 0x00007ffa67a0a000 	C:\Program Files\Java\jdk-23\bin\jimage.dll
0x00007ffa7d950000 - 0x00007ffa7db92000 	C:\Windows\SYSTEM32\DBGHELP.DLL
0x00007ffa81780000 - 0x00007ffa81afb000 	C:\Windows\System32\combase.dll
0x00007ffa81280000 - 0x00007ffa81357000 	C:\Windows\System32\OLEAUT32.dll
0x00007ffa62340000 - 0x00007ffa6237c000 	C:\Windows\SYSTEM32\dbgcore.DLL
0x00007ffa808e0000 - 0x00007ffa80978000 	C:\Windows\System32\bcryptPrimitives.dll
0x00007ffa62200000 - 0x00007ffa6221e000 	C:\Program Files\Java\jdk-23\bin\java.dll
0x00007ffa82c80000 - 0x00007ffa82e18000 	C:\Windows\System32\ole32.dll
0x00007ffa82450000 - 0x00007ffa82b9c000 	C:\Windows\System32\SHELL32.dll
0x00007ffa80610000 - 0x00007ffa8077b000 	C:\Windows\System32\wintypes.dll

dbghelp: loaded successfully - version: 4.0.5 - missing functions: none
symbol engine: initialized successfully - sym options: 0x614 - pdb path: .;C:\Program Files\Java\jdk-23\bin;C:\Windows\SYSTEM32;C:\Windows\WinSxS\amd64_microsoft.windows.common-controls_6595b64144ccf1df_6.0.26100.6725_none_3e085828e334708b;C:\Program Files\Java\jdk-23\bin\server

VM Arguments:
java_command: za.ac.cput.courseenrolmentsystem.CourseEnrolmentSystem
java_class_path (initial): C:\Users\manga\Documents\NetBeansProjects\CourseEnrolmentSystem\target\classes;C:\Users\manga\.m2\repository\org\apache\derby\derbyclient\10.17.1.0\derbyclient-10.17.1.0.jar;C:\Users\manga\.m2\repository\org\apache\derby\derbyshared\10.17.1.0\derbyshared-10.17.1.0.jar
Launcher Type: SUN_STANDARD

[Global flags]
     intx CICompilerCount                          = 2                                         {product} {ergonomic}
     uint ConcGCThreads                            = 1                                         {product} {ergonomic}
     uint G1ConcRefinementThreads                  = 2                                         {product} {ergonomic}
   size_t G1HeapRegionSize                         = 1048576                                   {product} {ergonomic}
   size_t InitialHeapSize                          = 65011712                                  {product} {ergonomic}
   size_t MarkStackSize                            = 4194304                                   {product} {ergonomic}
   size_t MarkStackSizeMax                         = 536870912                                 {product} {ergonomic}
   size_t MaxHeapSize                              = 1027604480                                {product} {ergonomic}
   size_t MinHeapDeltaBytes                        = 1048576                                   {product} {ergonomic}
   size_t MinHeapSize                              = 8388608                                   {product} {ergonomic}
    uintx NonNMethodCodeHeapSize                   = 5767168                                {pd product} {ergonomic}
    uintx NonProfiledCodeHeapSize                  = 123011072                              {pd product} {ergonomic}
    uintx ProfiledCodeHeapSize                     = 122880000                              {pd product} {ergonomic}
    uintx ReservedCodeCacheSize                    = 251658240                              {pd product} {ergonomic}
     bool SegmentedCodeCache                       = true                                      {product} {ergonomic}
   size_t SoftMaxHeapSize                          = 1027604480                             {manageable} {ergonomic}
     bool UseCompressedOops                        = true                           {product lp64_product} {ergonomic}
     bool UseG1GC                                  = true                                      {product} {ergonomic}
     bool UseLargePagesIndividualAllocation        = false                                  {pd product} {ergonomic}

Logging:
Log output configuration:
 #0: stdout all=warning uptime,level,tags foldmultilines=false
 #1: stderr all=off uptime,level,tags foldmultilines=false

Environment Variables:
JAVA_HOME=C:\Program Files\Java\jdk-23
PATH=C:\Program Files\Common Files\Oracle\Java\javapath;C:\Windows\system32;C:\Windows;C:\Windows\System32\Wbem;C:\Windows\System32\WindowsPowerShell\v1.0\;C:\Windows\System32\OpenSSH\;C:\Program Files\MySQL\MySQL Shell 8.0\bin\;C:\Users\manga\AppData\Local\Microsoft\WindowsApps;C:\Users\manga\AppData\Local\Programs\Microsoft VS Code\bin
USERNAME=manga
OS=Windows_NT
PROCESSOR_IDENTIFIER=Intel64 Family 6 Model 122 Stepping 8, GenuineIntel
TMP=C:\Users\manga\AppData\Local\Temp
TEMP=C:\Users\manga\AppData\Local\Temp




Periodic native trim disabled

---------------  S Y S T E M  ---------------

OS:
 Windows 11 , 64 bit Build 26100 (10.0.26100.6725)
OS uptime: 5 days 2:07 hours

CPU: total 2 (initial active 2) (2 cores per cpu, 1 threads per core) family 6 model 122 stepping 8 microcode 0x1c, cx8, cmov, fxsr, mmx, 3dnowpref, sse, sse2, sse3, ssse3, sse4.1, sse4.2, popcnt, tsc, tscinvbit, aes, erms, clmul, sha, clflush, clflushopt, rdtscp, rdpid
Processor Information for the first 2 processors :
  Max Mhz: 1101, Current Mhz: 1101, Mhz Limit: 1101

Memory: 4k page, system-wide physical 3918M (281M free)
TotalPageFile size 15694M (AvailPageFile size 46M)
current process WorkingSet (physical memory assigned to process): 13M, peak: 13M
current process commit charge ("private bytes"): 48M, peak: 109M

vm_info: Java HotSpot(TM) 64-Bit Server VM (23.0.2+7-58) for windows-amd64 JRE (23.0.2+7-58), built on 2024-11-29T09:34:55Z with MS VC++ 17.6 (VS2022)

END.
