#
# There is insufficient memory for the Java Runtime Environment to continue.
# Native memory allocation (malloc) failed to allocate 2086144 bytes. Error detail: Chunk::new
# Possible reasons:
#   The system is out of physical RAM or swap space
#   This process is running with CompressedOops enabled, and the Java Heap may be blocking the growth of the native heap
# Possible solutions:
#   Reduce memory load on the system
#   Increase physical memory or swap space
#   Check if swap backing store is full
#   Decrease Java heap size (-Xmx/-Xms)
#   Decrease number of Java threads
#   Decrease Java thread stack sizes (-Xss)
#   Set larger code cache with -XX:ReservedCodeCacheSize=
#   JVM is running with Unscaled Compressed Oops mode in which the Java heap is
#     placed in the first 4GB address space. The Java Heap base address is the
#     maximum limit for the native heap growth. Please use -XX:HeapBaseMinAddress
#     to set the Java Heap base and to place the Java Heap above 4GB virtual address.
# This output file may be truncated or incomplete.
#
#  Out of Memory Error (arena.cpp:149), pid=14548, tid=13360
#
# JRE version: Java(TM) SE Runtime Environment (23.0.2+7) (build 23.0.2+7-58)
# Java VM: Java HotSpot(TM) 64-Bit Server VM (23.0.2+7-58, mixed mode, sharing, tiered, compressed oops, compressed class ptrs, g1 gc, windows-amd64)
# No core dump will be written. Minidumps are not enabled by default on client versions of Windows
#

---------------  S U M M A R Y ------------

Command Line: -Dclassworlds.conf=C:\Program Files\NetBeans-25\netbeans\java\maven\bin\m2.conf -Dmaven.home=C:\Program Files\NetBeans-25\netbeans\java\maven -Dlibrary.jansi.path=C:\Program Files\NetBeans-25\netbeans\java\maven\lib\jansi-native -Dmaven.multiModuleProjectDirectory=C:\Users\manga\Documents\NetBeansProjects\CourseEnrolmentSystem org.codehaus.plexus.classworlds.launcher.Launcher -Dexec.vmArgs= -Dexec.args=${exec.vmArgs} -classpath %classpath ${exec.mainClass} ${exec.appArgs} -Dexec.appArgs= -Dexec.mainClass=za.ac.cput.courseenrolmentsystem.CourseEnrolmentSystem -Dexec.executable=C:\Program Files\Java\jdk-23\bin\java.exe -Dmaven.ext.class.path=C:\Program Files\NetBeans-25\netbeans\java\maven-nblib\netbeans-eventspy.jar --no-transfer-progress process-classes org.codehaus.mojo:exec-maven-plugin:3.1.0:exec

Host: Intel(R) Celeron(R) N4020 CPU @ 1.10GHz, 2 cores, 3G,  Windows 11 , 64 bit Build 26100 (10.0.26100.6725)
Time: Wed Oct  8 19:57:33 2025 South Africa Standard Time elapsed time: 18.244975 seconds (0d 0h 0m 18s)

---------------  T H R E A D  ---------------

Current thread (0x0000013650138d60):  JavaThread "C2 CompilerThread0" daemon [_thread_in_native, id=13360, stack(0x0000002321400000,0x0000002321500000) (1024K)]


Current CompileTask:
C2:18245 3783       4       java.lang.invoke.MethodType::makeImpl (109 bytes)

Stack: [0x0000002321400000,0x0000002321500000]
Native frames: (J=compiled Java code, j=interpreted, Vv=VM code, C=native code)
V  [jvm.dll+0x6e0b99]  (no source info available)
V  [jvm.dll+0x87e2b3]  (no source info available)
V  [jvm.dll+0x88073e]  (no source info available)
V  [jvm.dll+0x880e13]  (no source info available)
V  [jvm.dll+0x27b006]  (no source info available)
V  [jvm.dll+0xbc06f]  (no source info available)
V  [jvm.dll+0xbc2cb]  (no source info available)
V  [jvm.dll+0x3b3c5c]  (no source info available)
V  [jvm.dll+0x38a55b]  (no source info available)
V  [jvm.dll+0x3899ca]  (no source info available)
V  [jvm.dll+0x244ba1]  (no source info available)
V  [jvm.dll+0x243eff]  (no source info available)
V  [jvm.dll+0x1c34b0]  (no source info available)
V  [jvm.dll+0x253df1]  (no source info available)
V  [jvm.dll+0x2520aa]  (no source info available)
V  [jvm.dll+0x3ee226]  (no source info available)
V  [jvm.dll+0x8254cb]  (no source info available)
V  [jvm.dll+0x6df345]  (no source info available)
C  [ucrtbase.dll+0x37b0]  (no source info available)
C  [KERNEL32.DLL+0x2e8d7]  (no source info available)
C  [ntdll.dll+0x8c53c]  (no source info available)

Lock stack of current Java thread (top to bottom):


---------------  P R O C E S S  ---------------

Threads class SMR info:
_java_thread_list=0x0000013650562770, length=12, elements={
0x000001366ae658c0, 0x000001365012b640, 0x000001365012cdc0, 0x00000136501340a0,
0x0000013650134b00, 0x0000013650135560, 0x0000013650135fc0, 0x0000013650138d60,
0x00000136501a5a40, 0x00000136503b6130, 0x00000136503ba5d0, 0x00000136507a0f10
}

Java Threads: ( => current thread )
  0x000001366ae658c0 JavaThread "main"                              [_thread_in_native, id=15260, stack(0x0000002320600000,0x0000002320700000) (1024K)]
  0x000001365012b640 JavaThread "Reference Handler"          daemon [_thread_blocked, id=20492, stack(0x0000002320e00000,0x0000002320f00000) (1024K)]
  0x000001365012cdc0 JavaThread "Finalizer"                  daemon [_thread_blocked, id=13640, stack(0x0000002320f00000,0x0000002321000000) (1024K)]
  0x00000136501340a0 JavaThread "Signal Dispatcher"          daemon [_thread_blocked, id=20000, stack(0x0000002321000000,0x0000002321100000) (1024K)]
  0x0000013650134b00 JavaThread "Attach Listener"            daemon [_thread_blocked, id=11624, stack(0x0000002321100000,0x0000002321200000) (1024K)]
  0x0000013650135560 JavaThread "Service Thread"             daemon [_thread_blocked, id=9868, stack(0x0000002321200000,0x0000002321300000) (1024K)]
  0x0000013650135fc0 JavaThread "Monitor Deflation Thread"   daemon [_thread_blocked, id=18460, stack(0x0000002321300000,0x0000002321400000) (1024K)]
=>0x0000013650138d60 JavaThread "C2 CompilerThread0"         daemon [_thread_in_native, id=13360, stack(0x0000002321400000,0x0000002321500000) (1024K)]
  0x00000136501a5a40 JavaThread "C1 CompilerThread0"         daemon [_thread_blocked, id=16684, stack(0x0000002321500000,0x0000002321600000) (1024K)]
  0x00000136503b6130 JavaThread "Notification Thread"        daemon [_thread_blocked, id=17396, stack(0x0000002321600000,0x0000002321700000) (1024K)]
  0x00000136503ba5d0 JavaThread "Common-Cleaner"             daemon [_thread_blocked, id=19432, stack(0x0000002321700000,0x0000002321800000) (1024K)]
  0x00000136507a0f10 JavaThread "cleanup"                    daemon [_thread_in_native, id=3096, stack(0x0000002321800000,0x0000002321900000) (1024K)]
Total: 12

Other Threads:
  0x000001366d2d5dc0 VMThread "VM Thread"                           [id=15332, stack(0x0000002320d00000,0x0000002320e00000) (1024K)]
  0x000001365011c1d0 WatcherThread "VM Periodic Task Thread"        [id=19428, stack(0x0000002320c00000,0x0000002320d00000) (1024K)]
  0x000001366d252f80 WorkerThread "GC Thread#0"                     [id=3584, stack(0x0000002320700000,0x0000002320800000) (1024K)]
  0x0000013650171e40 WorkerThread "GC Thread#1"                     [id=15968, stack(0x0000002321900000,0x0000002321a00000) (1024K)]
  0x000001366d25d800 ConcurrentGCThread "G1 Main Marker"            [id=10412, stack(0x0000002320800000,0x0000002320900000) (1024K)]
  0x000001366d25f150 WorkerThread "G1 Conc#0"                       [id=9248, stack(0x0000002320900000,0x0000002320a00000) (1024K)]
  0x000001366d2ab3f0 ConcurrentGCThread "G1 Refine#0"               [id=12852, stack(0x0000002320a00000,0x0000002320b00000) (1024K)]
  0x000001366d2abe80 ConcurrentGCThread "G1 Service"                [id=16408, stack(0x0000002320b00000,0x0000002320c00000) (1024K)]
Total: 8

Threads with active compile tasks:
C2 CompilerThread0  18369 3783       4       java.lang.invoke.MethodType::makeImpl (109 bytes)
Total: 1

VM state: not at safepoint (normal execution)

VM Mutex/Monitor currently owned by a thread: None

Heap address: 0x00000000c2c00000, size: 980 MB, Compressed Oops mode: 32-bit

CDS archive(s) mapped at: [0x000001360f000000-0x000001360fd70000-0x000001360fd70000), size 14090240, SharedBaseAddress: 0x000001360f000000, ArchiveRelocationMode: 1.
Compressed class space mapped at: 0x0000013610000000-0x0000013650000000, reserved size: 1073741824
Narrow klass base: 0x000001360f000000, Narrow klass shift: 0, Narrow klass range: 0x41000000

GC Precious Log:
 CardTable entry size: 512
 Card Set container configuration: InlinePtr #cards 5 size 8 Array Of Cards #cards 10 size 36 Howl #buckets 4 coarsen threshold 1843 Howl Bitmap #cards 512 size 80 coarsen threshold 460 Card regions per heap region 1 cards per card region 2048
 CPUs: 2 total, 2 available
 Memory: 3918M
 Large Page Support: Disabled
 NUMA Support: Disabled
 Compressed Oops: Enabled (32-bit)
 Heap Region Size: 1M
 Heap Min Capacity: 8M
 Heap Initial Capacity: 62M
 Heap Max Capacity: 980M
 Pre-touch: Disabled
 Parallel Workers: 2
 Concurrent Workers: 1
 Concurrent Refinement Workers: 2
 Periodic GC: Disabled

Heap:
 garbage-first heap   total reserved 1003520K, committed 63488K, used 16847K [0x00000000c2c00000, 0x0000000100000000)
  region size 1024K, 13 young (13312K), 5 survivors (5120K)
 Metaspace       used 16801K, committed 17024K, reserved 1114112K
  class space    used 2061K, committed 2176K, reserved 1048576K

Heap Regions: E=young(eden), S=young(survivor), O=old, HS=humongous(starts), HC=humongous(continues), CS=collection set, F=free, TAMS=top-at-mark-start, PB=parsable bottom
|   0|0x00000000c2c00000, 0x00000000c2d00000, 0x00000000c2d00000|100%| O|  |TAMS 0x00000000c2c00000| PB 0x00000000c2c00000| Untracked |  0
|   1|0x00000000c2d00000, 0x00000000c2e00000, 0x00000000c2e00000|100%| O|  |TAMS 0x00000000c2d00000| PB 0x00000000c2d00000| Untracked |  0
|   2|0x00000000c2e00000, 0x00000000c2f00000, 0x00000000c2f00000|100%| O|  |TAMS 0x00000000c2e00000| PB 0x00000000c2e00000| Untracked |  0
|   3|0x00000000c2f00000, 0x00000000c3000000, 0x00000000c3000000|100%| O|  |TAMS 0x00000000c2f00000| PB 0x00000000c2f00000| Untracked |  0
|   4|0x00000000c3000000, 0x00000000c3073fd0, 0x00000000c3100000| 45%| O|  |TAMS 0x00000000c3000000| PB 0x00000000c3000000| Untracked |  0
|   5|0x00000000c3100000, 0x00000000c3100000, 0x00000000c3200000|  0%| F|  |TAMS 0x00000000c3100000| PB 0x00000000c3100000| Untracked |  0
|   6|0x00000000c3200000, 0x00000000c3200000, 0x00000000c3300000|  0%| F|  |TAMS 0x00000000c3200000| PB 0x00000000c3200000| Untracked |  0
|   7|0x00000000c3300000, 0x00000000c3300000, 0x00000000c3400000|  0%| F|  |TAMS 0x00000000c3300000| PB 0x00000000c3300000| Untracked |  0
|   8|0x00000000c3400000, 0x00000000c3400000, 0x00000000c3500000|  0%| F|  |TAMS 0x00000000c3400000| PB 0x00000000c3400000| Untracked |  0
|   9|0x00000000c3500000, 0x00000000c3500000, 0x00000000c3600000|  0%| F|  |TAMS 0x00000000c3500000| PB 0x00000000c3500000| Untracked |  0
|  10|0x00000000c3600000, 0x00000000c3600000, 0x00000000c3700000|  0%| F|  |TAMS 0x00000000c3600000| PB 0x00000000c3600000| Untracked |  0
|  11|0x00000000c3700000, 0x00000000c3700000, 0x00000000c3800000|  0%| F|  |TAMS 0x00000000c3700000| PB 0x00000000c3700000| Untracked |  0
|  12|0x00000000c3800000, 0x00000000c3800000, 0x00000000c3900000|  0%| F|  |TAMS 0x00000000c3800000| PB 0x00000000c3800000| Untracked |  0
|  13|0x00000000c3900000, 0x00000000c3900000, 0x00000000c3a00000|  0%| F|  |TAMS 0x00000000c3900000| PB 0x00000000c3900000| Untracked |  0
|  14|0x00000000c3a00000, 0x00000000c3a00000, 0x00000000c3b00000|  0%| F|  |TAMS 0x00000000c3a00000| PB 0x00000000c3a00000| Untracked |  0
|  15|0x00000000c3b00000, 0x00000000c3b00000, 0x00000000c3c00000|  0%| F|  |TAMS 0x00000000c3b00000| PB 0x00000000c3b00000| Untracked |  0
|  16|0x00000000c3c00000, 0x00000000c3c00000, 0x00000000c3d00000|  0%| F|  |TAMS 0x00000000c3c00000| PB 0x00000000c3c00000| Untracked |  0
|  17|0x00000000c3d00000, 0x00000000c3d00000, 0x00000000c3e00000|  0%| F|  |TAMS 0x00000000c3d00000| PB 0x00000000c3d00000| Untracked |  0
|  18|0x00000000c3e00000, 0x00000000c3e00000, 0x00000000c3f00000|  0%| F|  |TAMS 0x00000000c3e00000| PB 0x00000000c3e00000| Untracked |  0
|  19|0x00000000c3f00000, 0x00000000c3f00000, 0x00000000c4000000|  0%| F|  |TAMS 0x00000000c3f00000| PB 0x00000000c3f00000| Untracked |  0
|  20|0x00000000c4000000, 0x00000000c4000000, 0x00000000c4100000|  0%| F|  |TAMS 0x00000000c4000000| PB 0x00000000c4000000| Untracked |  0
|  21|0x00000000c4100000, 0x00000000c4100000, 0x00000000c4200000|  0%| F|  |TAMS 0x00000000c4100000| PB 0x00000000c4100000| Untracked |  0
|  22|0x00000000c4200000, 0x00000000c4200000, 0x00000000c4300000|  0%| F|  |TAMS 0x00000000c4200000| PB 0x00000000c4200000| Untracked |  0
|  23|0x00000000c4300000, 0x00000000c4300000, 0x00000000c4400000|  0%| F|  |TAMS 0x00000000c4300000| PB 0x00000000c4300000| Untracked |  0
|  24|0x00000000c4400000, 0x00000000c4500000, 0x00000000c4500000|100%| S|CS|TAMS 0x00000000c4400000| PB 0x00000000c4400000| Complete |  0
|  25|0x00000000c4500000, 0x00000000c4600000, 0x00000000c4600000|100%| S|CS|TAMS 0x00000000c4500000| PB 0x00000000c4500000| Complete |  0
|  26|0x00000000c4600000, 0x00000000c4700000, 0x00000000c4700000|100%| S|CS|TAMS 0x00000000c4600000| PB 0x00000000c4600000| Complete |  0
|  27|0x00000000c4700000, 0x00000000c4800000, 0x00000000c4800000|100%| S|CS|TAMS 0x00000000c4700000| PB 0x00000000c4700000| Complete |  0
|  28|0x00000000c4800000, 0x00000000c4900000, 0x00000000c4900000|100%| S|CS|TAMS 0x00000000c4800000| PB 0x00000000c4800000| Complete |  0
|  29|0x00000000c4900000, 0x00000000c4900000, 0x00000000c4a00000|  0%| F|  |TAMS 0x00000000c4900000| PB 0x00000000c4900000| Untracked |  0
|  30|0x00000000c4a00000, 0x00000000c4a00000, 0x00000000c4b00000|  0%| F|  |TAMS 0x00000000c4a00000| PB 0x00000000c4a00000| Untracked |  0
|  31|0x00000000c4b00000, 0x00000000c4b00000, 0x00000000c4c00000|  0%| F|  |TAMS 0x00000000c4b00000| PB 0x00000000c4b00000| Untracked |  0
|  32|0x00000000c4c00000, 0x00000000c4c00000, 0x00000000c4d00000|  0%| F|  |TAMS 0x00000000c4c00000| PB 0x00000000c4c00000| Untracked |  0
|  33|0x00000000c4d00000, 0x00000000c4d00000, 0x00000000c4e00000|  0%| F|  |TAMS 0x00000000c4d00000| PB 0x00000000c4d00000| Untracked |  0
|  34|0x00000000c4e00000, 0x00000000c4e00000, 0x00000000c4f00000|  0%| F|  |TAMS 0x00000000c4e00000| PB 0x00000000c4e00000| Untracked |  0
|  35|0x00000000c4f00000, 0x00000000c4f00000, 0x00000000c5000000|  0%| F|  |TAMS 0x00000000c4f00000| PB 0x00000000c4f00000| Untracked |  0
|  36|0x00000000c5000000, 0x00000000c5000000, 0x00000000c5100000|  0%| F|  |TAMS 0x00000000c5000000| PB 0x00000000c5000000| Untracked |  0
|  37|0x00000000c5100000, 0x00000000c5100000, 0x00000000c5200000|  0%| F|  |TAMS 0x00000000c5100000| PB 0x00000000c5100000| Untracked |  0
|  38|0x00000000c5200000, 0x00000000c5200000, 0x00000000c5300000|  0%| F|  |TAMS 0x00000000c5200000| PB 0x00000000c5200000| Untracked |  0
|  39|0x00000000c5300000, 0x00000000c5300000, 0x00000000c5400000|  0%| F|  |TAMS 0x00000000c5300000| PB 0x00000000c5300000| Untracked |  0
|  40|0x00000000c5400000, 0x00000000c5400000, 0x00000000c5500000|  0%| F|  |TAMS 0x00000000c5400000| PB 0x00000000c5400000| Untracked |  0
|  41|0x00000000c5500000, 0x00000000c5500000, 0x00000000c5600000|  0%| F|  |TAMS 0x00000000c5500000| PB 0x00000000c5500000| Untracked |  0
|  42|0x00000000c5600000, 0x00000000c5600000, 0x00000000c5700000|  0%| F|  |TAMS 0x00000000c5600000| PB 0x00000000c5600000| Untracked |  0
|  43|0x00000000c5700000, 0x00000000c5700000, 0x00000000c5800000|  0%| F|  |TAMS 0x00000000c5700000| PB 0x00000000c5700000| Untracked |  0
|  44|0x00000000c5800000, 0x00000000c5800000, 0x00000000c5900000|  0%| F|  |TAMS 0x00000000c5800000| PB 0x00000000c5800000| Untracked |  0
|  45|0x00000000c5900000, 0x00000000c5900000, 0x00000000c5a00000|  0%| F|  |TAMS 0x00000000c5900000| PB 0x00000000c5900000| Untracked |  0
|  46|0x00000000c5a00000, 0x00000000c5a00000, 0x00000000c5b00000|  0%| F|  |TAMS 0x00000000c5a00000| PB 0x00000000c5a00000| Untracked |  0
|  47|0x00000000c5b00000, 0x00000000c5b00000, 0x00000000c5c00000|  0%| F|  |TAMS 0x00000000c5b00000| PB 0x00000000c5b00000| Untracked |  0
|  48|0x00000000c5c00000, 0x00000000c5c00000, 0x00000000c5d00000|  0%| F|  |TAMS 0x00000000c5c00000| PB 0x00000000c5c00000| Untracked |  0
|  49|0x00000000c5d00000, 0x00000000c5d00000, 0x00000000c5e00000|  0%| F|  |TAMS 0x00000000c5d00000| PB 0x00000000c5d00000| Untracked |  0
|  50|0x00000000c5e00000, 0x00000000c5e00000, 0x00000000c5f00000|  0%| F|  |TAMS 0x00000000c5e00000| PB 0x00000000c5e00000| Untracked |  0
|  51|0x00000000c5f00000, 0x00000000c5f00000, 0x00000000c6000000|  0%| F|  |TAMS 0x00000000c5f00000| PB 0x00000000c5f00000| Untracked |  0
|  52|0x00000000c6000000, 0x00000000c6000000, 0x00000000c6100000|  0%| F|  |TAMS 0x00000000c6000000| PB 0x00000000c6000000| Untracked |  0
|  53|0x00000000c6100000, 0x00000000c6100000, 0x00000000c6200000|  0%| F|  |TAMS 0x00000000c6100000| PB 0x00000000c6100000| Untracked |  0
|  54|0x00000000c6200000, 0x00000000c6280000, 0x00000000c6300000| 50%| E|  |TAMS 0x00000000c6200000| PB 0x00000000c6200000| Complete |  0
|  55|0x00000000c6300000, 0x00000000c6400000, 0x00000000c6400000|100%| E|CS|TAMS 0x00000000c6300000| PB 0x00000000c6300000| Complete |  0
|  56|0x00000000c6400000, 0x00000000c6500000, 0x00000000c6500000|100%| E|CS|TAMS 0x00000000c6400000| PB 0x00000000c6400000| Complete |  0
|  57|0x00000000c6500000, 0x00000000c6600000, 0x00000000c6600000|100%| E|CS|TAMS 0x00000000c6500000| PB 0x00000000c6500000| Complete |  0
|  58|0x00000000c6600000, 0x00000000c6700000, 0x00000000c6700000|100%| E|CS|TAMS 0x00000000c6600000| PB 0x00000000c6600000| Complete |  0
|  59|0x00000000c6700000, 0x00000000c6800000, 0x00000000c6800000|100%| E|CS|TAMS 0x00000000c6700000| PB 0x00000000c6700000| Complete |  0
|  60|0x00000000c6800000, 0x00000000c6900000, 0x00000000c6900000|100%| E|CS|TAMS 0x00000000c6800000| PB 0x00000000c6800000| Complete |  0
|  61|0x00000000c6900000, 0x00000000c6a00000, 0x00000000c6a00000|100%| E|CS|TAMS 0x00000000c6900000| PB 0x00000000c6900000| Complete |  0

Card table byte_map: [0x000001366cfd0000,0x000001366d1c0000] _byte_map_base: 0x000001366c9ba000

Marking Bits: (CMBitMap*) 0x000001366d2535a0
 Bits: [0x0000013675960000, 0x00000136768b0000)

Polling page: 0x000001366b050000

Metaspace:

Usage:
  Non-class:     14.39 MB used.
      Class:      2.01 MB used.
       Both:     16.41 MB used.

Virtual space:
  Non-class space:       64.00 MB reserved,      14.50 MB ( 23%) committed,  1 nodes.
      Class space:        1.00 GB reserved,       2.12 MB ( <1%) committed,  1 nodes.
             Both:        1.06 GB reserved,      16.62 MB (  2%) committed. 

Chunk freelists:
   Non-Class:  1.50 MB
       Class:  13.78 MB
        Both:  15.28 MB

MaxMetaspaceSize: unlimited
CompressedClassSpaceSize: 1.00 GB
Initial GC threshold: 21.00 MB
Current GC threshold: 21.00 MB
CDS: on
 - commit_granule_bytes: 65536.
 - commit_granule_words: 8192.
 - virtual_space_node_default_size: 8388608.
 - enlarge_chunks_in_place: 1.
 - use_allocation_guard: 0.


Internal statistics:

num_allocs_failed_limit: 0.
num_arena_births: 178.
num_arena_deaths: 0.
num_vsnodes_births: 2.
num_vsnodes_deaths: 0.
num_space_committed: 266.
num_space_uncommitted: 0.
num_chunks_returned_to_freelist: 0.
num_chunks_taken_from_freelist: 739.
num_chunk_merges: 0.
num_chunk_splits: 513.
num_chunks_enlarged: 415.
num_inconsistent_stats: 0.

CodeHeap 'non-profiled nmethods': size=120128Kb used=1222Kb max_used=1222Kb free=118905Kb
 bounds [0x0000013607ab0000, 0x0000013607d20000, 0x000001360f000000]
CodeHeap 'profiled nmethods': size=120000Kb used=5996Kb max_used=5996Kb free=114003Kb
 bounds [0x0000013600000000, 0x00000136005e0000, 0x0000013607530000]
CodeHeap 'non-nmethods': size=5632Kb used=1419Kb max_used=1426Kb free=4212Kb
 bounds [0x0000013607530000, 0x00000136077a0000, 0x0000013607ab0000]
CodeCache: size=245760Kb, used=8637Kb, max_used=8644Kb, free=237120Kb
 total_blobs=4382, nmethods=3863, adapters=424, full_count=0
Compilation: enabled, stopped_count=0, restarted_count=0

Compilation events (20 events):
Event: 18.228 Thread 0x00000136501a5a40 3830       1       org.apache.maven.model.Build::getSourceDirectory (5 bytes)
Event: 18.228 Thread 0x00000136501a5a40 nmethod 3830 0x0000013607bdf288 code [0x0000013607bdf3a0, 0x0000013607bdf468]
Event: 18.228 Thread 0x00000136501a5a40 3831       1       org.apache.maven.model.Build::getScriptSourceDirectory (5 bytes)
Event: 18.228 Thread 0x00000136501a5a40 nmethod 3831 0x0000013607bdf588 code [0x0000013607bdf6a0, 0x0000013607bdf768]
Event: 18.228 Thread 0x00000136501a5a40 3832       1       org.apache.maven.model.Build::getTestSourceDirectory (5 bytes)
Event: 18.228 Thread 0x00000136501a5a40 nmethod 3832 0x0000013607bdf888 code [0x0000013607bdf9a0, 0x0000013607bdfa68]
Event: 18.228 Thread 0x00000136501a5a40 3833       1       org.apache.maven.model.Build::getOutputDirectory (5 bytes)
Event: 18.229 Thread 0x00000136501a5a40 nmethod 3833 0x0000013607bdfb88 code [0x0000013607bdfca0, 0x0000013607bdfd68]
Event: 18.229 Thread 0x00000136501a5a40 3834       3       org.apache.maven.model.RepositoryBase::setLocation (220 bytes)
Event: 18.230 Thread 0x00000136501a5a40 nmethod 3834 0x00000136005c6908 code [0x00000136005c6b80, 0x00000136005c7ef0]
Event: 18.230 Thread 0x00000136501a5a40 3835       1       org.apache.maven.model.Model::getUrl (5 bytes)
Event: 18.230 Thread 0x00000136501a5a40 nmethod 3835 0x0000013607bdfe88 code [0x0000013607bdffa0, 0x0000013607be0068]
Event: 18.231 Thread 0x00000136501a5a40 3836       1       org.apache.maven.model.Build::getTestOutputDirectory (5 bytes)
Event: 18.231 Thread 0x00000136501a5a40 nmethod 3836 0x0000013607be0188 code [0x0000013607be02a0, 0x0000013607be0368]
Event: 18.231 Thread 0x00000136501a5a40 3837       3       jdk.internal.reflect.DirectMethodHandleAccessor::checkReceiver (63 bytes)
Event: 18.232 Thread 0x00000136501a5a40 nmethod 3837 0x00000136005c7f88 code [0x00000136005c81c0, 0x00000136005c8bc8]
Event: 18.232 Thread 0x00000136501a5a40 3838       3       jdk.internal.reflect.DirectMethodHandleAccessor::checkArgumentCount (53 bytes)
Event: 18.232 Thread 0x00000136501a5a40 nmethod 3838 0x00000136005c8c88 code [0x00000136005c8e60, 0x00000136005c9610]
Event: 18.233 Thread 0x00000136501a5a40 3839       3       org.apache.maven.model.validation.DefaultModelValidator::validateEffectiveDependency (631 bytes)
Event: 18.242 Thread 0x00000136501a5a40 nmethod 3839 0x00000136005c9688 code [0x00000136005c9f60, 0x00000136005ce690]

GC Heap History (12 events):
Event: 8.344 GC heap before
{Heap before GC invocations=0 (full 0):
 garbage-first heap   total reserved 1003520K, committed 63488K, used 6144K [0x00000000c2c00000, 0x0000000100000000)
  region size 1024K, 7 young (7168K), 0 survivors (0K)
 Metaspace       used 2346K, committed 2496K, reserved 1114112K
  class space    used 227K, committed 320K, reserved 1048576K
}
Event: 8.356 GC heap after
{Heap after GC invocations=1 (full 0):
 garbage-first heap   total reserved 1003520K, committed 63488K, used 2191K [0x00000000c2c00000, 0x0000000100000000)
  region size 1024K, 1 young (1024K), 1 survivors (1024K)
 Metaspace       used 2346K, committed 2496K, reserved 1114112K
  class space    used 227K, committed 320K, reserved 1048576K
}
Event: 9.164 GC heap before
{Heap before GC invocations=1 (full 0):
 garbage-first heap   total reserved 1003520K, committed 63488K, used 8335K [0x00000000c2c00000, 0x0000000100000000)
  region size 1024K, 7 young (7168K), 1 survivors (1024K)
 Metaspace       used 3935K, committed 4096K, reserved 1114112K
  class space    used 423K, committed 512K, reserved 1048576K
}
Event: 9.171 GC heap after
{Heap after GC invocations=2 (full 0):
 garbage-first heap   total reserved 1003520K, committed 63488K, used 3372K [0x00000000c2c00000, 0x0000000100000000)
  region size 1024K, 1 young (1024K), 1 survivors (1024K)
 Metaspace       used 3935K, committed 4096K, reserved 1114112K
  class space    used 423K, committed 512K, reserved 1048576K
}
Event: 9.880 GC heap before
{Heap before GC invocations=2 (full 0):
 garbage-first heap   total reserved 1003520K, committed 63488K, used 15660K [0x00000000c2c00000, 0x0000000100000000)
  region size 1024K, 13 young (13312K), 1 survivors (1024K)
 Metaspace       used 6046K, committed 6208K, reserved 1114112K
  class space    used 743K, committed 832K, reserved 1048576K
}
Event: 9.890 GC heap after
{Heap after GC invocations=3 (full 0):
 garbage-first heap   total reserved 1003520K, committed 63488K, used 4249K [0x00000000c2c00000, 0x0000000100000000)
  region size 1024K, 2 young (2048K), 2 survivors (2048K)
 Metaspace       used 6046K, committed 6208K, reserved 1114112K
  class space    used 743K, committed 832K, reserved 1048576K
}
Event: 11.255 GC heap before
{Heap before GC invocations=3 (full 0):
 garbage-first heap   total reserved 1003520K, committed 63488K, used 21657K [0x00000000c2c00000, 0x0000000100000000)
  region size 1024K, 19 young (19456K), 2 survivors (2048K)
 Metaspace       used 7812K, committed 8000K, reserved 1114112K
  class space    used 942K, committed 1024K, reserved 1048576K
}
Event: 11.266 GC heap after
{Heap after GC invocations=4 (full 0):
 garbage-first heap   total reserved 1003520K, committed 63488K, used 4892K [0x00000000c2c00000, 0x0000000100000000)
  region size 1024K, 2 young (2048K), 2 survivors (2048K)
 Metaspace       used 7812K, committed 8000K, reserved 1114112K
  class space    used 942K, committed 1024K, reserved 1048576K
}
Event: 13.179 GC heap before
{Heap before GC invocations=4 (full 0):
 garbage-first heap   total reserved 1003520K, committed 63488K, used 29468K [0x00000000c2c00000, 0x0000000100000000)
  region size 1024K, 27 young (27648K), 2 survivors (2048K)
 Metaspace       used 12708K, committed 12928K, reserved 1114112K
  class space    used 1590K, committed 1728K, reserved 1048576K
}
Event: 13.190 GC heap after
{Heap after GC invocations=5 (full 0):
 garbage-first heap   total reserved 1003520K, committed 63488K, used 6756K [0x00000000c2c00000, 0x0000000100000000)
  region size 1024K, 4 young (4096K), 4 survivors (4096K)
 Metaspace       used 12708K, committed 12928K, reserved 1114112K
  class space    used 1590K, committed 1728K, reserved 1048576K
}
Event: 17.846 GC heap before
{Heap before GC invocations=5 (full 0):
 garbage-first heap   total reserved 1003520K, committed 63488K, used 36452K [0x00000000c2c00000, 0x0000000100000000)
  region size 1024K, 33 young (33792K), 4 survivors (4096K)
 Metaspace       used 16095K, committed 16384K, reserved 1114112K
  class space    used 1973K, committed 2112K, reserved 1048576K
}
Event: 17.862 GC heap after
{Heap after GC invocations=6 (full 0):
 garbage-first heap   total reserved 1003520K, committed 63488K, used 9679K [0x00000000c2c00000, 0x0000000100000000)
  region size 1024K, 5 young (5120K), 5 survivors (5120K)
 Metaspace       used 16095K, committed 16384K, reserved 1114112K
  class space    used 1973K, committed 2112K, reserved 1048576K
}

Dll operation events (8 events):
Event: 0.028 Loaded shared library C:\Program Files\Java\jdk-23\bin\java.dll
Event: 0.155 Loaded shared library C:\Program Files\Java\jdk-23\bin\jsvml.dll
Event: 0.438 Loaded shared library C:\Program Files\Java\jdk-23\bin\net.dll
Event: 0.442 Loaded shared library C:\Program Files\Java\jdk-23\bin\nio.dll
Event: 0.449 Loaded shared library C:\Program Files\Java\jdk-23\bin\zip.dll
Event: 1.377 Loaded shared library C:\Program Files\NetBeans-25\netbeans\java\maven\lib\jansi-native\Windows\x86_64\jansi.dll
Event: 1.827 Loaded shared library C:\Program Files\Java\jdk-23\bin\verify.dll
Event: 2.036 Loaded shared library C:\Program Files\Java\jdk-23\bin\jimage.dll

Deoptimization events (20 events):
Event: 17.890 Thread 0x000001366ae658c0 DEOPT PACKING pc=0x0000013600576a2a sp=0x00000023206fae70
Event: 17.890 Thread 0x000001366ae658c0 DEOPT UNPACKING pc=0x0000013607584b83 sp=0x00000023206fa308 mode 0
Event: 17.903 Thread 0x000001366ae658c0 Uncommon trap: trap_request=0xffffffc6 fr.pc=0x0000013607b7aaa0 relative=0x0000000000000080
Event: 17.903 Thread 0x000001366ae658c0 Uncommon trap: reason=bimorphic_or_optimized_type_check action=maybe_recompile pc=0x0000013607b7aaa0 method=com.google.inject.internal.LinkedBindingImpl.acceptTargetVisitor(Lcom/google/inject/spi/BindingTargetVisitor;)Ljava/lang/Object; @ 2 c2
Event: 17.903 Thread 0x000001366ae658c0 DEOPT PACKING pc=0x0000013607b7aaa0 sp=0x00000023206fdbc0
Event: 17.903 Thread 0x000001366ae658c0 DEOPT UNPACKING pc=0x00000136075843fc sp=0x00000023206fdb48 mode 2
Event: 17.904 Thread 0x000001366ae658c0 Uncommon trap: trap_request=0xffffffc6 fr.pc=0x0000013607b7aaa0 relative=0x0000000000000080
Event: 17.904 Thread 0x000001366ae658c0 Uncommon trap: reason=bimorphic_or_optimized_type_check action=maybe_recompile pc=0x0000013607b7aaa0 method=com.google.inject.internal.LinkedBindingImpl.acceptTargetVisitor(Lcom/google/inject/spi/BindingTargetVisitor;)Ljava/lang/Object; @ 2 c2
Event: 17.904 Thread 0x000001366ae658c0 DEOPT PACKING pc=0x0000013607b7aaa0 sp=0x00000023206fdbc0
Event: 17.904 Thread 0x000001366ae658c0 DEOPT UNPACKING pc=0x00000136075843fc sp=0x00000023206fdb48 mode 2
Event: 17.938 Thread 0x000001366ae658c0 Uncommon trap: trap_request=0xffffff45 fr.pc=0x0000013607ae2160 relative=0x0000000000000060
Event: 17.938 Thread 0x000001366ae658c0 Uncommon trap: reason=unstable_if action=reinterpret pc=0x0000013607ae2160 method=java.lang.ref.ReferenceQueue.poll()Ljava/lang/ref/Reference; @ 4 c2
Event: 17.938 Thread 0x000001366ae658c0 DEOPT PACKING pc=0x0000013607ae2160 sp=0x00000023206fd570
Event: 17.939 Thread 0x000001366ae658c0 DEOPT UNPACKING pc=0x00000136075843fc sp=0x00000023206fd500 mode 2
Event: 18.074 Thread 0x000001366ae658c0 DEOPT PACKING pc=0x0000013600464bf4 sp=0x00000023206fe3b0
Event: 18.074 Thread 0x000001366ae658c0 DEOPT UNPACKING pc=0x0000013607584b83 sp=0x00000023206fd808 mode 0
Event: 18.167 Thread 0x000001366ae658c0 Uncommon trap: trap_request=0xffffff6e fr.pc=0x0000013607bd6064 relative=0x0000000000000144
Event: 18.167 Thread 0x000001366ae658c0 Uncommon trap: reason=loop_limit_check action=maybe_recompile pc=0x0000013607bd6064 method=java.util.regex.Pattern$Start.match(Ljava/util/regex/Matcher;ILjava/lang/CharSequence;)Z @ 34 c2
Event: 18.167 Thread 0x000001366ae658c0 DEOPT PACKING pc=0x0000013607bd6064 sp=0x00000023206fd6f0
Event: 18.167 Thread 0x000001366ae658c0 DEOPT UNPACKING pc=0x00000136075843fc sp=0x00000023206fd680 mode 2

Classes loaded (20 events):
Event: 18.046 Loading class java/time/DateTimeException done
Event: 18.046 Loading class java/time/format/DateTimeParseException done
Event: 18.053 Loading class java/time/zone/ZoneRulesProvider
Event: 18.053 Loading class java/time/zone/ZoneRulesProvider done
Event: 18.053 Loading class java/time/zone/ZoneRulesProvider$1
Event: 18.053 Loading class java/time/zone/ZoneRulesProvider$1 done
Event: 18.053 Loading class java/time/zone/TzdbZoneRulesProvider
Event: 18.054 Loading class java/time/zone/TzdbZoneRulesProvider done
Event: 18.058 Loading class java/time/zone/Ser
Event: 18.059 Loading class java/io/Externalizable
Event: 18.059 Loading class java/io/Externalizable done
Event: 18.059 Loading class java/time/zone/Ser done
Event: 18.060 Loading class java/time/zone/ZoneOffsetTransition
Event: 18.060 Loading class java/time/zone/ZoneOffsetTransition done
Event: 18.070 Loading class jdk/internal/reflect/MethodHandleBooleanFieldAccessorImpl
Event: 18.071 Loading class jdk/internal/reflect/MethodHandleBooleanFieldAccessorImpl done
Event: 18.113 Loading class java/lang/Character$UnicodeBlock
Event: 18.115 Loading class java/lang/Character$Subset
Event: 18.115 Loading class java/lang/Character$Subset done
Event: 18.117 Loading class java/lang/Character$UnicodeBlock done

Classes unloaded (0 events):
No events

Classes redefined (0 events):
No events

Internal exceptions (20 events):
Event: 12.155 Thread 0x000001366ae658c0 Exception <a 'java/lang/NoSuchMethodError'{0x00000000c596c2b8}: 'java.lang.Object java.lang.invoke.DirectMethodHandle$Holder.invokeSpecial(java.lang.Object, java.lang.Object, java.lang.Object, java.lang.Object, long)'> (0x00000000c596c2b8) 
thrown [s\open\src\hotspot\share\interpreter\linkResolver.cpp, line 796]
Event: 12.156 Thread 0x000001366ae658c0 Exception <a 'java/lang/NoSuchMethodError'{0x00000000c5977e48}: 'java.lang.Object java.lang.invoke.DirectMethodHandle$Holder.invokeSpecial(java.lang.Object, java.lang.Object, java.lang.Object, int, java.lang.Object)'> (0x00000000c5977e48) 
thrown [s\open\src\hotspot\share\interpreter\linkResolver.cpp, line 796]
Event: 12.161 Thread 0x000001366ae658c0 Implicit null exception at 0x0000013607b19cbd to 0x0000013607b19df4
Event: 12.164 Thread 0x000001366ae658c0 Exception <a 'java/lang/NoSuchMethodError'{0x00000000c59a0e48}: 'java.lang.Object java.lang.invoke.Invokers$Holder.invokeExact_MT(java.lang.Object, int, java.lang.Object)'> (0x00000000c59a0e48) 
thrown [s\open\src\hotspot\share\interpreter\linkResolver.cpp, line 796]
Event: 13.149 Thread 0x000001366ae658c0 Exception <a 'java/lang/NoSuchMethodError'{0x00000000c4fcd318}: 'void java.lang.invoke.Invokers$Holder.invokeExact_MT(java.lang.Object, java.lang.Object, java.lang.Object, java.lang.Object)'> (0x00000000c4fcd318) 
thrown [s\open\src\hotspot\share\interpreter\linkResolver.cpp, line 796]
Event: 13.209 Thread 0x000001366ae658c0 Exception <a 'java/lang/NoClassDefFoundError'{0x00000000c6969a50}: com/google/inject/servlet/ServletModuleTargetVisitor> (0x00000000c6969a50) 
thrown [s\open\src\hotspot\share\classfile\systemDictionary.cpp, line 302]
Event: 13.644 Thread 0x000001366ae658c0 Exception <a 'java/lang/NoSuchMethodError'{0x00000000c661a5f8}: 'void java.lang.invoke.DirectMethodHandle$Holder.invokeVirtual(java.lang.Object, java.lang.Object)'> (0x00000000c661a5f8) 
thrown [s\open\src\hotspot\share\interpreter\linkResolver.cpp, line 796]
Event: 13.898 Thread 0x000001366ae658c0 Exception <a 'java/lang/NoSuchMethodError'{0x00000000c66aa150}: 'java.lang.Object java.lang.invoke.DirectMethodHandle$Holder.invokeStaticInit(java.lang.Object, int, int, int, int)'> (0x00000000c66aa150) 
thrown [s\open\src\hotspot\share\interpreter\linkResolver.cpp, line 796]
Event: 15.054 Thread 0x000001366ae658c0 Exception <a 'java/lang/NoSuchMethodError'{0x00000000c613b500}: 'void java.lang.invoke.DirectMethodHandle$Holder.invokeSpecial(java.lang.Object, java.lang.Object, java.lang.Object, java.lang.Object, java.lang.Object)'> (0x00000000c613b500) 
thrown [s\open\src\hotspot\share\interpreter\linkResolver.cpp, line 796]
Event: 15.064 Thread 0x000001366ae658c0 Exception <a 'java/lang/NoSuchMethodError'{0x00000000c61556a8}: 'java.lang.Object java.lang.invoke.DirectMethodHandle$Holder.invokeVirtual(java.lang.Object, java.lang.Object, java.lang.Object)'> (0x00000000c61556a8) 
thrown [s\open\src\hotspot\share\interpreter\linkResolver.cpp, line 796]
Event: 15.078 Thread 0x000001366ae658c0 Exception <a 'java/lang/NoSuchMethodError'{0x00000000c6162b10}: 'void java.lang.invoke.DirectMethodHandle$Holder.invokeSpecial(java.lang.Object, java.lang.Object, java.lang.Object, java.lang.Object, java.lang.Object, java.lang.Object)'> (0x00000000c6162b10) 
thrown [s\open\src\hotspot\share\interpreter\linkResolver.cpp, line 796]
Event: 15.285 Thread 0x000001366ae658c0 Exception <a 'java/lang/NoSuchMethodError'{0x00000000c60f1f40}: 'void java.lang.invoke.DirectMethodHandle$Holder.invokeVirtual(java.lang.Object, java.lang.Object, int)'> (0x00000000c60f1f40) 
thrown [s\open\src\hotspot\share\interpreter\linkResolver.cpp, line 796]
Event: 15.285 Thread 0x000001366ae658c0 Exception <a 'java/lang/NoSuchMethodError'{0x00000000c60f5d58}: 'void java.lang.invoke.DirectMethodHandle$Holder.invokeSpecial(java.lang.Object, java.lang.Object, java.lang.Object, int)'> (0x00000000c60f5d58) 
thrown [s\open\src\hotspot\share\interpreter\linkResolver.cpp, line 796]
Event: 15.324 Thread 0x000001366ae658c0 Exception <a 'java/lang/NoSuchMethodError'{0x00000000c60f9440}: 'void java.lang.invoke.DelegatingMethodHandle$Holder.reinvoke_L(java.lang.Object, java.lang.Object, int)'> (0x00000000c60f9440) 
thrown [s\open\src\hotspot\share\interpreter\linkResolver.cpp, line 796]
Event: 16.889 Thread 0x000001366ae658c0 Implicit null exception at 0x0000013607b4ab68 to 0x0000013607b4ad58
Event: 16.890 Thread 0x000001366ae658c0 Implicit null exception at 0x0000013607ba4793 to 0x0000013607ba609c
Event: 16.890 Thread 0x000001366ae658c0 Implicit null exception at 0x0000013607b4b868 to 0x0000013607b4ba44
Event: 16.890 Thread 0x000001366ae658c0 Implicit null exception at 0x0000013607ba9afd to 0x0000013607baa374
Event: 17.007 Thread 0x000001366ae658c0 Exception <a 'java/lang/NoSuchMethodError'{0x00000000c5537e78}: 'java.lang.Object java.lang.invoke.DirectMethodHandle$Holder.newInvokeSpecial(java.lang.Object, java.lang.Object, java.lang.Object, java.lang.Object, java.lang.Object, java.lang.Object, java.lang.Object)'> (0x00000000c5537e78) 
thrown [s\open\src\hotspot\share\interpreter\linkResolver.cpp, line 796]
Event: 18.015 Thread 0x000001366ae658c0 Exception <a 'java/lang/NoSuchMethodError'{0x00000000c6843020}: 'int java.lang.invoke.DirectMethodHandle$Holder.invokeVirtual(java.lang.Object, java.lang.Object)'> (0x00000000c6843020) 
thrown [s\open\src\hotspot\share\interpreter\linkResolver.cpp, line 796]

VM Operations (20 events):
Event: 12.752 Executing VM operation: HandshakeAllThreads (Deoptimize)
Event: 12.752 Executing VM operation: HandshakeAllThreads (Deoptimize) done
Event: 13.141 Executing VM operation: HandshakeAllThreads (Deoptimize)
Event: 13.141 Executing VM operation: HandshakeAllThreads (Deoptimize) done
Event: 13.179 Executing VM operation: G1CollectForAllocation (G1 Evacuation Pause)
Event: 13.190 Executing VM operation: G1CollectForAllocation (G1 Evacuation Pause) done
Event: 13.762 Executing VM operation: HandshakeAllThreads (Deoptimize)
Event: 13.762 Executing VM operation: HandshakeAllThreads (Deoptimize) done
Event: 14.005 Executing VM operation: HandshakeAllThreads (Deoptimize)
Event: 14.005 Executing VM operation: HandshakeAllThreads (Deoptimize) done
Event: 14.833 Executing VM operation: HandshakeAllThreads (Deoptimize)
Event: 14.833 Executing VM operation: HandshakeAllThreads (Deoptimize) done
Event: 14.938 Executing VM operation: HandshakeAllThreads (Deoptimize)
Event: 14.938 Executing VM operation: HandshakeAllThreads (Deoptimize) done
Event: 14.940 Executing VM operation: HandshakeAllThreads (Deoptimize)
Event: 14.940 Executing VM operation: HandshakeAllThreads (Deoptimize) done
Event: 17.846 Executing VM operation: G1CollectForAllocation (G1 Evacuation Pause)
Event: 17.862 Executing VM operation: G1CollectForAllocation (G1 Evacuation Pause) done
Event: 18.072 Executing VM operation: HandshakeAllThreads (Deoptimize)
Event: 18.072 Executing VM operation: HandshakeAllThreads (Deoptimize) done

Memory protections (0 events):
No events

Nmethod flushes (0 events):
No events

Events (12 events):
Event: 0.087 Thread 0x000001366ae658c0 Thread added: 0x000001366ae658c0
Event: 0.149 Thread 0x000001366ae658c0 Thread added: 0x000001365012b640
Event: 0.149 Thread 0x000001366ae658c0 Thread added: 0x000001365012cdc0
Event: 0.152 Thread 0x000001366ae658c0 Thread added: 0x00000136501340a0
Event: 0.152 Thread 0x000001366ae658c0 Thread added: 0x0000013650134b00
Event: 0.152 Thread 0x000001366ae658c0 Thread added: 0x0000013650135560
Event: 0.152 Thread 0x000001366ae658c0 Thread added: 0x0000013650135fc0
Event: 0.152 Thread 0x000001366ae658c0 Thread added: 0x0000013650138d60
Event: 0.166 Thread 0x000001366ae658c0 Thread added: 0x00000136501a5a40
Event: 0.428 Thread 0x000001366ae658c0 Thread added: 0x00000136503b6130
Event: 0.434 Thread 0x000001366ae658c0 Thread added: 0x00000136503ba5d0
Event: 1.366 Thread 0x000001366ae658c0 Thread added: 0x00000136507a0f10


Dynamic libraries:
0x00007ff6b2170000 - 0x00007ff6b2180000 	C:\Program Files\Java\jdk-23\bin\java.exe
0x00007ffa83080000 - 0x00007ffa832e8000 	C:\Windows\SYSTEM32\ntdll.dll
0x00007ffa81cd0000 - 0x00007ffa81d99000 	C:\Windows\System32\KERNEL32.DLL
0x00007ffa80210000 - 0x00007ffa80602000 	C:\Windows\System32\KERNELBASE.dll
0x00007ffa80980000 - 0x00007ffa80acb000 	C:\Windows\System32\ucrtbase.dll
0x00007ffa60040000 - 0x00007ffa60057000 	C:\Program Files\Java\jdk-23\bin\jli.dll
0x00007ffa80e50000 - 0x00007ffa81015000 	C:\Windows\System32\USER32.dll
0x00007ffa808b0000 - 0x00007ffa808d7000 	C:\Windows\System32\win32u.dll
0x00007ffa81250000 - 0x00007ffa8127b000 	C:\Windows\System32\GDI32.dll
0x00007ffa80780000 - 0x00007ffa808ad000 	C:\Windows\System32\gdi32full.dll
0x00007ffa80b60000 - 0x00007ffa80c03000 	C:\Windows\System32\msvcp_win.dll
0x00007ffa66f20000 - 0x00007ffa66f3b000 	C:\Program Files\Java\jdk-23\bin\VCRUNTIME140.dll
0x00007ffa6e580000 - 0x00007ffa6e813000 	C:\Windows\WinSxS\amd64_microsoft.windows.common-controls_6595b64144ccf1df_6.0.26100.6725_none_3e085828e334708b\COMCTL32.dll
0x00007ffa81f00000 - 0x00007ffa81fa9000 	C:\Windows\System32\msvcrt.dll
0x00007ffa81da0000 - 0x00007ffa81dcf000 	C:\Windows\System32\IMM32.DLL
0x00007ffa6d8f0000 - 0x00007ffa6d8fc000 	C:\Program Files\Java\jdk-23\bin\vcruntime140_1.dll
0x00007ffa4f2a0000 - 0x00007ffa4f32e000 	C:\Program Files\Java\jdk-23\bin\msvcp140.dll
0x00007ffa1e1c0000 - 0x00007ffa1ef10000 	C:\Program Files\Java\jdk-23\bin\server\jvm.dll
0x00007ffa81360000 - 0x00007ffa81414000 	C:\Windows\System32\ADVAPI32.dll
0x00007ffa81560000 - 0x00007ffa81606000 	C:\Windows\System32\sechost.dll
0x00007ffa82e20000 - 0x00007ffa82f38000 	C:\Windows\System32\RPCRT4.dll
0x00007ffa81de0000 - 0x00007ffa81e54000 	C:\Windows\System32\WS2_32.dll
0x00007ffa7ffc0000 - 0x00007ffa8001e000 	C:\Windows\SYSTEM32\POWRPROF.dll
0x00007ffa69f80000 - 0x00007ffa69fb5000 	C:\Windows\SYSTEM32\WINMM.dll
0x00007ffa6d0b0000 - 0x00007ffa6d0bb000 	C:\Windows\SYSTEM32\VERSION.dll
0x00007ffa7feb0000 - 0x00007ffa7fec4000 	C:\Windows\SYSTEM32\UMPDC.dll
0x00007ffa7efe0000 - 0x00007ffa7effb000 	C:\Windows\SYSTEM32\kernel.appcore.dll
0x00007ffa67a00000 - 0x00007ffa67a0a000 	C:\Program Files\Java\jdk-23\bin\jimage.dll
0x00007ffa7d950000 - 0x00007ffa7db92000 	C:\Windows\SYSTEM32\DBGHELP.DLL
0x00007ffa81780000 - 0x00007ffa81afb000 	C:\Windows\System32\combase.dll
0x00007ffa81280000 - 0x00007ffa81357000 	C:\Windows\System32\OLEAUT32.dll
0x00007ffa62340000 - 0x00007ffa6237c000 	C:\Windows\SYSTEM32\dbgcore.DLL
0x00007ffa808e0000 - 0x00007ffa80978000 	C:\Windows\System32\bcryptPrimitives.dll
0x00007ffa62200000 - 0x00007ffa6221e000 	C:\Program Files\Java\jdk-23\bin\java.dll
0x00007ffa82c80000 - 0x00007ffa82e18000 	C:\Windows\System32\ole32.dll
0x00007ffa82450000 - 0x00007ffa82b9c000 	C:\Windows\System32\SHELL32.dll
0x00007ffa80610000 - 0x00007ffa8077b000 	C:\Windows\System32\wintypes.dll
0x00007ffa7dea0000 - 0x00007ffa7e6fd000 	C:\Windows\SYSTEM32\windows.storage.dll
0x00007ffa82f40000 - 0x00007ffa83032000 	C:\Windows\System32\SHCORE.dll
0x00007ffa81b00000 - 0x00007ffa81b62000 	C:\Windows\System32\shlwapi.dll
0x00007ffa80130000 - 0x00007ffa80159000 	C:\Windows\SYSTEM32\profapi.dll
0x00007ffa4f910000 - 0x00007ffa4f9e7000 	C:\Program Files\Java\jdk-23\bin\jsvml.dll
0x00007ffa66f80000 - 0x00007ffa66f90000 	C:\Program Files\Java\jdk-23\bin\net.dll
0x00007ffa7f550000 - 0x00007ffa7f5bb000 	C:\Windows\system32\mswsock.dll
0x00007ffa621c0000 - 0x00007ffa621d6000 	C:\Program Files\Java\jdk-23\bin\nio.dll
0x00007ffa60300000 - 0x00007ffa60317000 	C:\Program Files\Java\jdk-23\bin\zip.dll
0x00007ffa67040000 - 0x00007ffa67064000 	C:\Program Files\NetBeans-25\netbeans\java\maven\lib\jansi-native\Windows\x86_64\jansi.dll
0x00007ffa62450000 - 0x00007ffa62460000 	C:\Program Files\Java\jdk-23\bin\verify.dll

dbghelp: loaded successfully - version: 4.0.5 - missing functions: none
symbol engine: initialized successfully - sym options: 0x614 - pdb path: .;C:\Program Files\Java\jdk-23\bin;C:\Windows\SYSTEM32;C:\Windows\WinSxS\amd64_microsoft.windows.common-controls_6595b64144ccf1df_6.0.26100.6725_none_3e085828e334708b;C:\Program Files\Java\jdk-23\bin\server;C:\Program Files\NetBeans-25\netbeans\java\maven\lib\jansi-native\Windows\x86_64

VM Arguments:
jvm_args: -Dclassworlds.conf=C:\Program Files\NetBeans-25\netbeans\java\maven\bin\m2.conf -Dmaven.home=C:\Program Files\NetBeans-25\netbeans\java\maven -Dlibrary.jansi.path=C:\Program Files\NetBeans-25\netbeans\java\maven\lib\jansi-native -Dmaven.multiModuleProjectDirectory=C:\Users\manga\Documents\NetBeansProjects\CourseEnrolmentSystem 
java_command: org.codehaus.plexus.classworlds.launcher.Launcher -Dexec.vmArgs= -Dexec.args=${exec.vmArgs} -classpath %classpath ${exec.mainClass} ${exec.appArgs} -Dexec.appArgs= -Dexec.mainClass=za.ac.cput.courseenrolmentsystem.CourseEnrolmentSystem -Dexec.executable=C:\Program Files\Java\jdk-23\bin\java.exe -Dmaven.ext.class.path=C:\Program Files\NetBeans-25\netbeans\java\maven-nblib\netbeans-eventspy.jar --no-transfer-progress process-classes org.codehaus.mojo:exec-maven-plugin:3.1.0:exec
java_class_path (initial): C:\Program Files\NetBeans-25\netbeans\java\maven\boot\plexus-classworlds-2.8.0.jar
Launcher Type: SUN_STANDARD

[Global flags]
     intx CICompilerCount                          = 2                                         {product} {ergonomic}
     uint ConcGCThreads                            = 1                                         {product} {ergonomic}
     uint G1ConcRefinementThreads                  = 2                                         {product} {ergonomic}
   size_t G1HeapRegionSize                         = 1048576                                   {product} {ergonomic}
   size_t InitialHeapSize                          = 65011712                                  {product} {ergonomic}
   size_t MarkStackSize                            = 4194304                                   {product} {ergonomic}
   size_t MarkStackSizeMax                         = 536870912                                 {product} {ergonomic}
   size_t MaxHeapSize                              = 1027604480                                {product} {ergonomic}
   size_t MaxNewSize                               = 616562688                                 {product} {ergonomic}
   size_t MinHeapDeltaBytes                        = 1048576                                   {product} {ergonomic}
   size_t MinHeapSize                              = 8388608                                   {product} {ergonomic}
    uintx NonNMethodCodeHeapSize                   = 5767168                                {pd product} {ergonomic}
    uintx NonProfiledCodeHeapSize                  = 123011072                              {pd product} {ergonomic}
    uintx ProfiledCodeHeapSize                     = 122880000                              {pd product} {ergonomic}
    uintx ReservedCodeCacheSize                    = 251658240                              {pd product} {ergonomic}
     bool SegmentedCodeCache                       = true                                      {product} {ergonomic}
   size_t SoftMaxHeapSize                          = 1027604480                             {manageable} {ergonomic}
     bool UseCompressedOops                        = true                           {product lp64_product} {ergonomic}
     bool UseG1GC                                  = true                                      {product} {ergonomic}
     bool UseLargePagesIndividualAllocation        = false                                  {pd product} {ergonomic}

Logging:
Log output configuration:
 #0: stdout all=warning uptime,level,tags foldmultilines=false
 #1: stderr all=off uptime,level,tags foldmultilines=false

Environment Variables:
JAVA_HOME=C:\Program Files\Java\jdk-23
PATH=C:\Program Files\Common Files\Oracle\Java\javapath;C:\Windows\system32;C:\Windows;C:\Windows\System32\Wbem;C:\Windows\System32\WindowsPowerShell\v1.0\;C:\Windows\System32\OpenSSH\;C:\Program Files\MySQL\MySQL Shell 8.0\bin\;C:\Users\manga\AppData\Local\Microsoft\WindowsApps;C:\Users\manga\AppData\Local\Programs\Microsoft VS Code\bin
USERNAME=manga
OS=Windows_NT
PROCESSOR_IDENTIFIER=Intel64 Family 6 Model 122 Stepping 8, GenuineIntel
TMP=C:\Users\manga\AppData\Local\Temp
TEMP=C:\Users\manga\AppData\Local\Temp




Periodic native trim disabled

---------------  S Y S T E M  ---------------

OS:
 Windows 11 , 64 bit Build 26100 (10.0.26100.6725)
OS uptime: 5 days 1:59 hours

CPU: total 2 (initial active 2) (2 cores per cpu, 1 threads per core) family 6 model 122 stepping 8 microcode 0x1c, cx8, cmov, fxsr, mmx, 3dnowpref, sse, sse2, sse3, ssse3, sse4.1, sse4.2, popcnt, tsc, tscinvbit, aes, erms, clmul, sha, clflush, clflushopt, rdtscp, rdpid
Processor Information for the first 2 processors :
  Max Mhz: 1101, Current Mhz: 1101, Mhz Limit: 1101

Memory: 4k page, system-wide physical 3918M (111M free)
TotalPageFile size 15694M (AvailPageFile size 6M)
current process WorkingSet (physical memory assigned to process): 128M, peak: 128M
current process commit charge ("private bytes"): 177M, peak: 178M

vm_info: Java HotSpot(TM) 64-Bit Server VM (23.0.2+7-58) for windows-amd64 JRE (23.0.2+7-58), built on 2024-11-29T09:34:55Z with MS VC++ 17.6 (VS2022)

END.
