#
# There is insufficient memory for the Java Runtime Environment to continue.
# Native memory allocation (malloc) failed to allocate 32744 bytes. Error detail: Chunk::new
# Possible reasons:
#   The system is out of physical RAM or swap space
#   This process is running with CompressedOops enabled, and the Java Heap may be blocking the growth of the native heap
# Possible solutions:
#   Reduce memory load on the system
#   Increase physical memory or swap space
#   Check if swap backing store is full
#   Decrease Java heap size (-Xmx/-Xms)
#   Decrease number of Java threads
#   Decrease Java thread stack sizes (-Xss)
#   Set larger code cache with -XX:ReservedCodeCacheSize=
#   JVM is running with Unscaled Compressed Oops mode in which the Java heap is
#     placed in the first 4GB address space. The Java Heap base address is the
#     maximum limit for the native heap growth. Please use -XX:HeapBaseMinAddress
#     to set the Java Heap base and to place the Java Heap above 4GB virtual address.
# This output file may be truncated or incomplete.
#
#  Out of Memory Error (arena.cpp:149), pid=9068, tid=10288
#
# JRE version: Java(TM) SE Runtime Environment (23.0.2+7) (build 23.0.2+7-58)
# Java VM: Java HotSpot(TM) 64-Bit Server VM (23.0.2+7-58, mixed mode, sharing, tiered, compressed oops, compressed class ptrs, g1 gc, windows-amd64)
# No core dump will be written. Minidumps are not enabled by default on client versions of Windows
#

---------------  S U M M A R Y ------------

Command Line: za.ac.cput.courseenrolmentsystem.SystemGUI.StudentEnrol

Host: Intel(R) Celeron(R) N4020 CPU @ 1.10GHz, 2 cores, 3G,  Windows 11 , 64 bit Build 26100 (10.0.26100.6725)
Time: Mon Oct 13 15:03:57 2025 South Africa Standard Time elapsed time: 0.466640 seconds (0d 0h 0m 0s)

---------------  T H R E A D  ---------------

Current thread (0x0000016bc44de2f0):  JavaThread "C1 CompilerThread0" daemon [_thread_in_native, id=10288, stack(0x000000185b000000,0x000000185b100000) (1024K)]


Current CompileTask:
C1:466  249       3       jdk.internal.org.objectweb.asm.Frame::execute (2305 bytes)

Stack: [0x000000185b000000,0x000000185b100000]
Native frames: (J=compiled Java code, j=interpreted, Vv=VM code, C=native code)
V  [jvm.dll+0x6e0b99]  (no source info available)
V  [jvm.dll+0x87e2b3]  (no source info available)
V  [jvm.dll+0x88073e]  (no source info available)
V  [jvm.dll+0x880e13]  (no source info available)
V  [jvm.dll+0x27b006]  (no source info available)
V  [jvm.dll+0xbc06f]  (no source info available)
V  [jvm.dll+0xbc2cb]  (no source info available)
V  [jvm.dll+0x14fc01]  (no source info available)
V  [jvm.dll+0x16cccb]  (no source info available)
V  [jvm.dll+0x16fd76]  (no source info available)
V  [jvm.dll+0x16d110]  (no source info available)
V  [jvm.dll+0x16d3b7]  (no source info available)
V  [jvm.dll+0x16d1eb]  (no source info available)
V  [jvm.dll+0x1507c9]  (no source info available)
V  [jvm.dll+0x1502c9]  (no source info available)
V  [jvm.dll+0x1504db]  (no source info available)
V  [jvm.dll+0x14f8a8]  (no source info available)
V  [jvm.dll+0x1516ed]  (no source info available)
V  [jvm.dll+0x253df1]  (no source info available)
V  [jvm.dll+0x2520aa]  (no source info available)
V  [jvm.dll+0x3ee226]  (no source info available)
V  [jvm.dll+0x8254cb]  (no source info available)
V  [jvm.dll+0x6df345]  (no source info available)
C  [ucrtbase.dll+0x37b0]  (no source info available)
C  [KERNEL32.DLL+0x2e8d7]  (no source info available)
C  [ntdll.dll+0x8c53c]  (no source info available)

Lock stack of current Java thread (top to bottom):


---------------  P R O C E S S  ---------------

Threads class SMR info:
_java_thread_list=0x0000016bc476cf40, length=11, elements={
0x0000016ba77d24a0, 0x0000016bc44ca2d0, 0x0000016bc44cfa70, 0x0000016bc44d1f60,
0x0000016bc44d3310, 0x0000016bc44d39a0, 0x0000016bc44d25f0, 0x0000016bc44d8500,
0x0000016bc44de2f0, 0x0000016bc44d18d0, 0x0000016bc44d46c0
}

Java Threads: ( => current thread )
  0x0000016ba77d24a0 JavaThread "main"                              [_thread_in_vm, id=16868, stack(0x000000185a000000,0x000000185a100000) (1024K)]
  0x0000016bc44ca2d0 JavaThread "Reference Handler"          daemon [_thread_blocked, id=19240, stack(0x000000185a900000,0x000000185aa00000) (1024K)]
  0x0000016bc44cfa70 JavaThread "Finalizer"                  daemon [_thread_blocked, id=7564, stack(0x000000185aa00000,0x000000185ab00000) (1024K)]
  0x0000016bc44d1f60 JavaThread "Signal Dispatcher"          daemon [_thread_blocked, id=15592, stack(0x000000185ab00000,0x000000185ac00000) (1024K)]
  0x0000016bc44d3310 JavaThread "Attach Listener"            daemon [_thread_blocked, id=1812, stack(0x000000185ac00000,0x000000185ad00000) (1024K)]
  0x0000016bc44d39a0 JavaThread "Service Thread"             daemon [_thread_blocked, id=13452, stack(0x000000185ad00000,0x000000185ae00000) (1024K)]
  0x0000016bc44d25f0 JavaThread "Monitor Deflation Thread"   daemon [_thread_blocked, id=8216, stack(0x000000185ae00000,0x000000185af00000) (1024K)]
  0x0000016bc44d8500 JavaThread "C2 CompilerThread0"         daemon [_thread_blocked, id=18364, stack(0x000000185af00000,0x000000185b000000) (1024K)]
=>0x0000016bc44de2f0 JavaThread "C1 CompilerThread0"         daemon [_thread_in_native, id=10288, stack(0x000000185b000000,0x000000185b100000) (1024K)]
  0x0000016bc44d18d0 JavaThread "Notification Thread"        daemon [_thread_blocked, id=18240, stack(0x000000185b100000,0x000000185b200000) (1024K)]
  0x0000016bc44d46c0 JavaThread "Common-Cleaner"             daemon [_thread_blocked, id=18740, stack(0x000000185b200000,0x000000185b300000) (1024K)]
Total: 11

Other Threads:
  0x0000016ba9ba4c20 VMThread "VM Thread"                           [id=17376, stack(0x000000185a800000,0x000000185a900000) (1024K)]
  0x0000016ba9b92260 WatcherThread "VM Periodic Task Thread"        [id=17824, stack(0x000000185a700000,0x000000185a800000) (1024K)]
  0x0000016ba9b23e50 WorkerThread "GC Thread#0"                     [id=14492, stack(0x000000185a200000,0x000000185a300000) (1024K)]
  0x0000016ba9b2e7c0 ConcurrentGCThread "G1 Main Marker"            [id=19288, stack(0x000000185a300000,0x000000185a400000) (1024K)]
  0x0000016ba9b30150 WorkerThread "G1 Conc#0"                       [id=12296, stack(0x000000185a400000,0x000000185a500000) (1024K)]
  0x0000016ba9b7db50 ConcurrentGCThread "G1 Refine#0"               [id=16676, stack(0x000000185a500000,0x000000185a600000) (1024K)]
  0x0000016ba9b80400 ConcurrentGCThread "G1 Service"                [id=18988, stack(0x000000185a600000,0x000000185a700000) (1024K)]
Total: 7

Threads with active compile tasks:
C1 CompilerThread0  624  249       3       jdk.internal.org.objectweb.asm.Frame::execute (2305 bytes)
Total: 1

VM state: not at safepoint (normal execution)

VM Mutex/Monitor currently owned by a thread: None

Heap address: 0x00000000c2c00000, size: 980 MB, Compressed Oops mode: 32-bit

CDS archive(s) mapped at: [0x0000016bc5000000-0x0000016bc5d70000-0x0000016bc5d70000), size 14090240, SharedBaseAddress: 0x0000016bc5000000, ArchiveRelocationMode: 1.
Compressed class space mapped at: 0x0000016bc6000000-0x0000016c06000000, reserved size: 1073741824
Narrow klass base: 0x0000016bc5000000, Narrow klass shift: 0, Narrow klass range: 0x41000000

GC Precious Log:
 CardTable entry size: 512
 Card Set container configuration: InlinePtr #cards 5 size 8 Array Of Cards #cards 10 size 36 Howl #buckets 4 coarsen threshold 1843 Howl Bitmap #cards 512 size 80 coarsen threshold 460 Card regions per heap region 1 cards per card region 2048
 CPUs: 2 total, 2 available
 Memory: 3918M
 Large Page Support: Disabled
 NUMA Support: Disabled
 Compressed Oops: Enabled (32-bit)
 Heap Region Size: 1M
 Heap Min Capacity: 8M
 Heap Initial Capacity: 62M
 Heap Max Capacity: 980M
 Pre-touch: Disabled
 Parallel Workers: 2
 Concurrent Workers: 1
 Concurrent Refinement Workers: 2
 Periodic GC: Disabled

Heap:
 garbage-first heap   total reserved 1003520K, committed 63488K, used 2048K [0x00000000c2c00000, 0x0000000100000000)
  region size 1024K, 3 young (3072K), 0 survivors (0K)
 Metaspace       used 2168K, committed 2304K, reserved 1114112K
  class space    used 207K, committed 256K, reserved 1048576K

Heap Regions: E=young(eden), S=young(survivor), O=old, HS=humongous(starts), HC=humongous(continues), CS=collection set, F=free, TAMS=top-at-mark-start, PB=parsable bottom
|   0|0x00000000c2c00000, 0x00000000c2c00000, 0x00000000c2d00000|  0%| F|  |TAMS 0x00000000c2c00000| PB 0x00000000c2c00000| Untracked |  0
|   1|0x00000000c2d00000, 0x00000000c2d00000, 0x00000000c2e00000|  0%| F|  |TAMS 0x00000000c2d00000| PB 0x00000000c2d00000| Untracked |  0
|   2|0x00000000c2e00000, 0x00000000c2e00000, 0x00000000c2f00000|  0%| F|  |TAMS 0x00000000c2e00000| PB 0x00000000c2e00000| Untracked |  0
|   3|0x00000000c2f00000, 0x00000000c2f00000, 0x00000000c3000000|  0%| F|  |TAMS 0x00000000c2f00000| PB 0x00000000c2f00000| Untracked |  0
|   4|0x00000000c3000000, 0x00000000c3000000, 0x00000000c3100000|  0%| F|  |TAMS 0x00000000c3000000| PB 0x00000000c3000000| Untracked |  0
|   5|0x00000000c3100000, 0x00000000c3100000, 0x00000000c3200000|  0%| F|  |TAMS 0x00000000c3100000| PB 0x00000000c3100000| Untracked |  0
|   6|0x00000000c3200000, 0x00000000c3200000, 0x00000000c3300000|  0%| F|  |TAMS 0x00000000c3200000| PB 0x00000000c3200000| Untracked |  0
|   7|0x00000000c3300000, 0x00000000c3300000, 0x00000000c3400000|  0%| F|  |TAMS 0x00000000c3300000| PB 0x00000000c3300000| Untracked |  0
|   8|0x00000000c3400000, 0x00000000c3400000, 0x00000000c3500000|  0%| F|  |TAMS 0x00000000c3400000| PB 0x00000000c3400000| Untracked |  0
|   9|0x00000000c3500000, 0x00000000c3500000, 0x00000000c3600000|  0%| F|  |TAMS 0x00000000c3500000| PB 0x00000000c3500000| Untracked |  0
|  10|0x00000000c3600000, 0x00000000c3600000, 0x00000000c3700000|  0%| F|  |TAMS 0x00000000c3600000| PB 0x00000000c3600000| Untracked |  0
|  11|0x00000000c3700000, 0x00000000c3700000, 0x00000000c3800000|  0%| F|  |TAMS 0x00000000c3700000| PB 0x00000000c3700000| Untracked |  0
|  12|0x00000000c3800000, 0x00000000c3800000, 0x00000000c3900000|  0%| F|  |TAMS 0x00000000c3800000| PB 0x00000000c3800000| Untracked |  0
|  13|0x00000000c3900000, 0x00000000c3900000, 0x00000000c3a00000|  0%| F|  |TAMS 0x00000000c3900000| PB 0x00000000c3900000| Untracked |  0
|  14|0x00000000c3a00000, 0x00000000c3a00000, 0x00000000c3b00000|  0%| F|  |TAMS 0x00000000c3a00000| PB 0x00000000c3a00000| Untracked |  0
|  15|0x00000000c3b00000, 0x00000000c3b00000, 0x00000000c3c00000|  0%| F|  |TAMS 0x00000000c3b00000| PB 0x00000000c3b00000| Untracked |  0
|  16|0x00000000c3c00000, 0x00000000c3c00000, 0x00000000c3d00000|  0%| F|  |TAMS 0x00000000c3c00000| PB 0x00000000c3c00000| Untracked |  0
|  17|0x00000000c3d00000, 0x00000000c3d00000, 0x00000000c3e00000|  0%| F|  |TAMS 0x00000000c3d00000| PB 0x00000000c3d00000| Untracked |  0
|  18|0x00000000c3e00000, 0x00000000c3e00000, 0x00000000c3f00000|  0%| F|  |TAMS 0x00000000c3e00000| PB 0x00000000c3e00000| Untracked |  0
|  19|0x00000000c3f00000, 0x00000000c3f00000, 0x00000000c4000000|  0%| F|  |TAMS 0x00000000c3f00000| PB 0x00000000c3f00000| Untracked |  0
|  20|0x00000000c4000000, 0x00000000c4000000, 0x00000000c4100000|  0%| F|  |TAMS 0x00000000c4000000| PB 0x00000000c4000000| Untracked |  0
|  21|0x00000000c4100000, 0x00000000c4100000, 0x00000000c4200000|  0%| F|  |TAMS 0x00000000c4100000| PB 0x00000000c4100000| Untracked |  0
|  22|0x00000000c4200000, 0x00000000c4200000, 0x00000000c4300000|  0%| F|  |TAMS 0x00000000c4200000| PB 0x00000000c4200000| Untracked |  0
|  23|0x00000000c4300000, 0x00000000c4300000, 0x00000000c4400000|  0%| F|  |TAMS 0x00000000c4300000| PB 0x00000000c4300000| Untracked |  0
|  24|0x00000000c4400000, 0x00000000c4400000, 0x00000000c4500000|  0%| F|  |TAMS 0x00000000c4400000| PB 0x00000000c4400000| Untracked |  0
|  25|0x00000000c4500000, 0x00000000c4500000, 0x00000000c4600000|  0%| F|  |TAMS 0x00000000c4500000| PB 0x00000000c4500000| Untracked |  0
|  26|0x00000000c4600000, 0x00000000c4600000, 0x00000000c4700000|  0%| F|  |TAMS 0x00000000c4600000| PB 0x00000000c4600000| Untracked |  0
|  27|0x00000000c4700000, 0x00000000c4700000, 0x00000000c4800000|  0%| F|  |TAMS 0x00000000c4700000| PB 0x00000000c4700000| Untracked |  0
|  28|0x00000000c4800000, 0x00000000c4800000, 0x00000000c4900000|  0%| F|  |TAMS 0x00000000c4800000| PB 0x00000000c4800000| Untracked |  0
|  29|0x00000000c4900000, 0x00000000c4900000, 0x00000000c4a00000|  0%| F|  |TAMS 0x00000000c4900000| PB 0x00000000c4900000| Untracked |  0
|  30|0x00000000c4a00000, 0x00000000c4a00000, 0x00000000c4b00000|  0%| F|  |TAMS 0x00000000c4a00000| PB 0x00000000c4a00000| Untracked |  0
|  31|0x00000000c4b00000, 0x00000000c4b00000, 0x00000000c4c00000|  0%| F|  |TAMS 0x00000000c4b00000| PB 0x00000000c4b00000| Untracked |  0
|  32|0x00000000c4c00000, 0x00000000c4c00000, 0x00000000c4d00000|  0%| F|  |TAMS 0x00000000c4c00000| PB 0x00000000c4c00000| Untracked |  0
|  33|0x00000000c4d00000, 0x00000000c4d00000, 0x00000000c4e00000|  0%| F|  |TAMS 0x00000000c4d00000| PB 0x00000000c4d00000| Untracked |  0
|  34|0x00000000c4e00000, 0x00000000c4e00000, 0x00000000c4f00000|  0%| F|  |TAMS 0x00000000c4e00000| PB 0x00000000c4e00000| Untracked |  0
|  35|0x00000000c4f00000, 0x00000000c4f00000, 0x00000000c5000000|  0%| F|  |TAMS 0x00000000c4f00000| PB 0x00000000c4f00000| Untracked |  0
|  36|0x00000000c5000000, 0x00000000c5000000, 0x00000000c5100000|  0%| F|  |TAMS 0x00000000c5000000| PB 0x00000000c5000000| Untracked |  0
|  37|0x00000000c5100000, 0x00000000c5100000, 0x00000000c5200000|  0%| F|  |TAMS 0x00000000c5100000| PB 0x00000000c5100000| Untracked |  0
|  38|0x00000000c5200000, 0x00000000c5200000, 0x00000000c5300000|  0%| F|  |TAMS 0x00000000c5200000| PB 0x00000000c5200000| Untracked |  0
|  39|0x00000000c5300000, 0x00000000c5300000, 0x00000000c5400000|  0%| F|  |TAMS 0x00000000c5300000| PB 0x00000000c5300000| Untracked |  0
|  40|0x00000000c5400000, 0x00000000c5400000, 0x00000000c5500000|  0%| F|  |TAMS 0x00000000c5400000| PB 0x00000000c5400000| Untracked |  0
|  41|0x00000000c5500000, 0x00000000c5500000, 0x00000000c5600000|  0%| F|  |TAMS 0x00000000c5500000| PB 0x00000000c5500000| Untracked |  0
|  42|0x00000000c5600000, 0x00000000c5600000, 0x00000000c5700000|  0%| F|  |TAMS 0x00000000c5600000| PB 0x00000000c5600000| Untracked |  0
|  43|0x00000000c5700000, 0x00000000c5700000, 0x00000000c5800000|  0%| F|  |TAMS 0x00000000c5700000| PB 0x00000000c5700000| Untracked |  0
|  44|0x00000000c5800000, 0x00000000c5800000, 0x00000000c5900000|  0%| F|  |TAMS 0x00000000c5800000| PB 0x00000000c5800000| Untracked |  0
|  45|0x00000000c5900000, 0x00000000c5900000, 0x00000000c5a00000|  0%| F|  |TAMS 0x00000000c5900000| PB 0x00000000c5900000| Untracked |  0
|  46|0x00000000c5a00000, 0x00000000c5a00000, 0x00000000c5b00000|  0%| F|  |TAMS 0x00000000c5a00000| PB 0x00000000c5a00000| Untracked |  0
|  47|0x00000000c5b00000, 0x00000000c5b00000, 0x00000000c5c00000|  0%| F|  |TAMS 0x00000000c5b00000| PB 0x00000000c5b00000| Untracked |  0
|  48|0x00000000c5c00000, 0x00000000c5c00000, 0x00000000c5d00000|  0%| F|  |TAMS 0x00000000c5c00000| PB 0x00000000c5c00000| Untracked |  0
|  49|0x00000000c5d00000, 0x00000000c5d00000, 0x00000000c5e00000|  0%| F|  |TAMS 0x00000000c5d00000| PB 0x00000000c5d00000| Untracked |  0
|  50|0x00000000c5e00000, 0x00000000c5e00000, 0x00000000c5f00000|  0%| F|  |TAMS 0x00000000c5e00000| PB 0x00000000c5e00000| Untracked |  0
|  51|0x00000000c5f00000, 0x00000000c5f00000, 0x00000000c6000000|  0%| F|  |TAMS 0x00000000c5f00000| PB 0x00000000c5f00000| Untracked |  0
|  52|0x00000000c6000000, 0x00000000c6000000, 0x00000000c6100000|  0%| F|  |TAMS 0x00000000c6000000| PB 0x00000000c6000000| Untracked |  0
|  53|0x00000000c6100000, 0x00000000c6100000, 0x00000000c6200000|  0%| F|  |TAMS 0x00000000c6100000| PB 0x00000000c6100000| Untracked |  0
|  54|0x00000000c6200000, 0x00000000c6200000, 0x00000000c6300000|  0%| F|  |TAMS 0x00000000c6200000| PB 0x00000000c6200000| Untracked |  0
|  55|0x00000000c6300000, 0x00000000c6300000, 0x00000000c6400000|  0%| F|  |TAMS 0x00000000c6300000| PB 0x00000000c6300000| Untracked |  0
|  56|0x00000000c6400000, 0x00000000c6400000, 0x00000000c6500000|  0%| F|  |TAMS 0x00000000c6400000| PB 0x00000000c6400000| Untracked |  0
|  57|0x00000000c6500000, 0x00000000c6500000, 0x00000000c6600000|  0%| F|  |TAMS 0x00000000c6500000| PB 0x00000000c6500000| Untracked |  0
|  58|0x00000000c6600000, 0x00000000c6600000, 0x00000000c6700000|  0%| F|  |TAMS 0x00000000c6600000| PB 0x00000000c6600000| Untracked |  0
|  59|0x00000000c6700000, 0x00000000c6747b20, 0x00000000c6800000| 28%| E|  |TAMS 0x00000000c6700000| PB 0x00000000c6700000| Complete |  0
|  60|0x00000000c6800000, 0x00000000c6900000, 0x00000000c6900000|100%| E|CS|TAMS 0x00000000c6800000| PB 0x00000000c6800000| Complete |  0
|  61|0x00000000c6900000, 0x00000000c6a00000, 0x00000000c6a00000|100%| E|CS|TAMS 0x00000000c6900000| PB 0x00000000c6900000| Complete |  0

Card table byte_map: [0x0000016ba98a0000,0x0000016ba9a90000] _byte_map_base: 0x0000016ba928a000

Marking Bits: (CMBitMap*) 0x0000016ba9b24560
 Bits: [0x0000016bc1230000, 0x0000016bc2180000)

Polling page: 0x0000016ba7760000

Metaspace:

Usage:
  Non-class:      1.96 MB used.
      Class:    215.55 KB used.
       Both:      2.17 MB used.

Virtual space:
  Non-class space:       64.00 MB reserved,       2.06 MB (  3%) committed,  1 nodes.
      Class space:        1.00 GB reserved,     320.00 KB ( <1%) committed,  1 nodes.
             Both:        1.06 GB reserved,       2.38 MB ( <1%) committed. 

Chunk freelists:
   Non-Class:  11.92 MB
       Class:  15.71 MB
        Both:  27.63 MB

MaxMetaspaceSize: unlimited
CompressedClassSpaceSize: 1.00 GB
Initial GC threshold: 21.00 MB
Current GC threshold: 21.00 MB
CDS: on
 - commit_granule_bytes: 65536.
 - commit_granule_words: 8192.
 - virtual_space_node_default_size: 8388608.
 - enlarge_chunks_in_place: 1.
 - use_allocation_guard: 0.


Internal statistics:

num_allocs_failed_limit: 0.
num_arena_births: 70.
num_arena_deaths: 0.
num_vsnodes_births: 2.
num_vsnodes_deaths: 0.
num_space_committed: 38.
num_space_uncommitted: 0.
num_chunks_returned_to_freelist: 0.
num_chunks_taken_from_freelist: 88.
num_chunk_merges: 0.
num_chunk_splits: 52.
num_chunks_enlarged: 16.
num_inconsistent_stats: 0.

CodeHeap 'non-profiled nmethods': size=120128Kb used=101Kb max_used=101Kb free=120026Kb
 bounds [0x0000016bb9ce0000, 0x0000016bb9f50000, 0x0000016bc1230000]
CodeHeap 'profiled nmethods': size=120000Kb used=204Kb max_used=204Kb free=119795Kb
 bounds [0x0000016bb2230000, 0x0000016bb24a0000, 0x0000016bb9760000]
CodeHeap 'non-nmethods': size=5632Kb used=1340Kb max_used=1340Kb free=4291Kb
 bounds [0x0000016bb9760000, 0x0000016bb99d0000, 0x0000016bb9ce0000]
CodeCache: size=245760Kb, used=1645Kb, max_used=1645Kb, free=244112Kb
 total_blobs=732, nmethods=277, adapters=362, full_count=0
Compilation: enabled, stopped_count=0, restarted_count=0

Compilation events (20 events):
Event: 0.439 Thread 0x0000016bc44de2f0 nmethod 225 0x0000016bb225ed88 code [0x0000016bb225eea0, 0x0000016bb225f000]
Event: 0.440 Thread 0x0000016bc44de2f0  227       3       java.lang.invoke.MethodType::makeImpl (109 bytes)
Event: 0.442 Thread 0x0000016bc44de2f0 nmethod 227 0x0000016bb225f088 code [0x0000016bb225f340, 0x0000016bb2260840]
Event: 0.442 Thread 0x0000016bc44de2f0  229       1       java.lang.invoke.MethodTypeForm::erasedType (5 bytes)
Event: 0.442 Thread 0x0000016bc44de2f0 nmethod 229 0x0000016bb9cf0808 code [0x0000016bb9cf0920, 0x0000016bb9cf09e8]
Event: 0.442 Thread 0x0000016bc44de2f0  230       1       java.lang.invoke.MethodHandle::type (5 bytes)
Event: 0.442 Thread 0x0000016bc44de2f0 nmethod 230 0x0000016bb9cf0b08 code [0x0000016bb9cf0c20, 0x0000016bb9cf0ce8]
Event: 0.447 Thread 0x0000016bc44de2f0  236       3       jdk.internal.org.objectweb.asm.ByteVector::putByte (39 bytes)
Event: 0.447 Thread 0x0000016bc44de2f0 nmethod 236 0x0000016bb2260908 code [0x0000016bb2260a40, 0x0000016bb2260c18]
Event: 0.449 Thread 0x0000016bc44de2f0  240       3       sun.invoke.util.VerifyAccess::ensureTypeVisible (100 bytes)
Event: 0.450 Thread 0x0000016bc44de2f0 nmethod 240 0x0000016bb2260c88 code [0x0000016bb2260ee0, 0x0000016bb2261c00]
Event: 0.450 Thread 0x0000016bc44de2f0  242       3       java.lang.invoke.LambdaForm::internArgument (85 bytes)
Event: 0.451 Thread 0x0000016bc44de2f0 nmethod 242 0x0000016bb2261c88 code [0x0000016bb2261de0, 0x0000016bb2262118]
Event: 0.451 Thread 0x0000016bc44de2f0  245       3       java.lang.String::indexOf (65 bytes)
Event: 0.451 Thread 0x0000016bc44de2f0 nmethod 245 0x0000016bb2262188 code [0x0000016bb2262320, 0x0000016bb2262ab8]
Event: 0.451 Thread 0x0000016bc44de2f0  243       3       java.lang.invoke.MethodType::methodType (69 bytes)
Event: 0.452 Thread 0x0000016bc44de2f0 nmethod 243 0x0000016bb2262b08 code [0x0000016bb2262ca0, 0x0000016bb2263130]
Event: 0.452 Thread 0x0000016bc44de2f0  248       1       sun.invoke.util.Wrapper::basicTypeChar (5 bytes)
Event: 0.452 Thread 0x0000016bc44de2f0 nmethod 248 0x0000016bb9cf3588 code [0x0000016bb9cf36a0, 0x0000016bb9cf3770]
Event: 0.452 Thread 0x0000016bc44de2f0  249       3       jdk.internal.org.objectweb.asm.Frame::execute (2305 bytes)

GC Heap History (0 events):
No events

Dll operation events (7 events):
Event: 0.033 Loaded shared library C:\Program Files\Java\jdk-23\bin\java.dll
Event: 0.216 Loaded shared library C:\Program Files\Java\jdk-23\bin\jsvml.dll
Event: 0.338 Loaded shared library C:\Program Files\Java\jdk-23\bin\jimage.dll
Event: 0.351 Loaded shared library C:\Program Files\Java\jdk-23\bin\net.dll
Event: 0.355 Loaded shared library C:\Program Files\Java\jdk-23\bin\nio.dll
Event: 0.365 Loaded shared library C:\Program Files\Java\jdk-23\bin\zip.dll
Event: 0.427 Loaded shared library C:\Program Files\Java\jdk-23\bin\awt.dll

Deoptimization events (0 events):
No events

Classes loaded (20 events):
Event: 0.403 Loading class java/net/SocketPermission
Event: 0.403 Loading class java/net/SocketPermission done
Event: 0.403 Loading class java/lang/reflect/ReflectPermission
Event: 0.403 Loading class java/lang/reflect/ReflectPermission done
Event: 0.410 Loading class sun/awt/resources/awt
Event: 0.411 Loading class sun/awt/resources/awt done
Event: 0.412 Loading class java/util/ResourceBundle$BundleReference
Event: 0.412 Loading class java/util/ResourceBundle$BundleReference done
Event: 0.412 Loading class sun/awt/resources/awt_en
Event: 0.412 Loading class sun/awt/resources/awt_en done
Event: 0.412 Loading class sun/awt/resources/awt_en
Event: 0.412 Loading class sun/awt/resources/awt_en done
Event: 0.415 Loading class sun/awt/resources/awt_en_ZA
Event: 0.415 Loading class sun/awt/resources/awt_en_ZA done
Event: 0.415 Loading class sun/awt/resources/awt_en_ZA
Event: 0.415 Loading class sun/awt/resources/awt_en_ZA done
Event: 0.415 Loading class java/awt/Toolkit$2
Event: 0.415 Loading class java/awt/Toolkit$2 done
Event: 0.428 Loading class java/awt/Toolkit$1
Event: 0.428 Loading class java/awt/Toolkit$1 done

Classes unloaded (0 events):
No events

Classes redefined (0 events):
No events

Internal exceptions (2 events):
Event: 0.399 Thread 0x0000016ba77d24a0 Exception <a 'java/lang/ClassNotFoundException'{0x00000000c686ebf8}: sun/awt/resources/spi/awtProvider> (0x00000000c686ebf8) 
thrown [s\open\src\hotspot\share\classfile\systemDictionary.cpp, line 313]
Event: 0.462 Thread 0x0000016ba77d24a0 Exception <a 'java/io/FileNotFoundException'{0x00000000c68c37c8}> (0x00000000c68c37c8) 
thrown [s\open\src\hotspot\share\prims\jni.cpp, line 520]

VM Operations (2 events):
Event: 0.367 Executing VM operation: HandshakeAllThreads (Deoptimize)
Event: 0.367 Executing VM operation: HandshakeAllThreads (Deoptimize) done

Memory protections (0 events):
No events

Nmethod flushes (0 events):
No events

Events (11 events):
Event: 0.182 Thread 0x0000016ba77d24a0 Thread added: 0x0000016ba77d24a0
Event: 0.210 Thread 0x0000016ba77d24a0 Thread added: 0x0000016bc44ca2d0
Event: 0.210 Thread 0x0000016ba77d24a0 Thread added: 0x0000016bc44cfa70
Event: 0.210 Thread 0x0000016ba77d24a0 Thread added: 0x0000016bc44d1f60
Event: 0.210 Thread 0x0000016ba77d24a0 Thread added: 0x0000016bc44d3310
Event: 0.211 Thread 0x0000016ba77d24a0 Thread added: 0x0000016bc44d39a0
Event: 0.211 Thread 0x0000016ba77d24a0 Thread added: 0x0000016bc44d25f0
Event: 0.211 Thread 0x0000016ba77d24a0 Thread added: 0x0000016bc44d8500
Event: 0.213 Thread 0x0000016ba77d24a0 Thread added: 0x0000016bc44de2f0
Event: 0.281 Thread 0x0000016ba77d24a0 Thread added: 0x0000016bc44d18d0
Event: 0.287 Thread 0x0000016ba77d24a0 Thread added: 0x0000016bc44d46c0


Dynamic libraries:
0x00007ff7e6b80000 - 0x00007ff7e6b90000 	C:\Program Files\Java\jdk-23\bin\java.exe
0x00007ffe583e0000 - 0x00007ffe58648000 	C:\Windows\SYSTEM32\ntdll.dll
0x00007ffe57de0000 - 0x00007ffe57ea9000 	C:\Windows\System32\KERNEL32.DLL
0x00007ffe55a60000 - 0x00007ffe55e52000 	C:\Windows\System32\KERNELBASE.dll
0x00007ffe55e60000 - 0x00007ffe55fab000 	C:\Windows\System32\ucrtbase.dll
0x00007ffe349c0000 - 0x00007ffe349d7000 	C:\Program Files\Java\jdk-23\bin\jli.dll
0x00007ffe575b0000 - 0x00007ffe57775000 	C:\Windows\System32\USER32.dll
0x00007ffe560e0000 - 0x00007ffe56107000 	C:\Windows\System32\win32u.dll
0x00007ffe57d30000 - 0x00007ffe57d5b000 	C:\Windows\System32\GDI32.dll
0x00007ffe55fb0000 - 0x00007ffe560dd000 	C:\Windows\System32\gdi32full.dll
0x00007ffe55840000 - 0x00007ffe558e3000 	C:\Windows\System32\msvcp_win.dll
0x00007ffe432a0000 - 0x00007ffe432bb000 	C:\Program Files\Java\jdk-23\bin\VCRUNTIME140.dll
0x00007ffe43930000 - 0x00007ffe43bc3000 	C:\Windows\WinSxS\amd64_microsoft.windows.common-controls_6595b64144ccf1df_6.0.26100.6725_none_3e085828e334708b\COMCTL32.dll
0x00007ffe57900000 - 0x00007ffe579a9000 	C:\Windows\System32\msvcrt.dll
0x00007ffe57d90000 - 0x00007ffe57dbf000 	C:\Windows\System32\IMM32.DLL
0x00007ffe50140000 - 0x00007ffe5014c000 	C:\Program Files\Java\jdk-23\bin\vcruntime140_1.dll
0x00007ffe2d090000 - 0x00007ffe2d11e000 	C:\Program Files\Java\jdk-23\bin\msvcp140.dll
0x00007ffdd7fb0000 - 0x00007ffdd8d00000 	C:\Program Files\Java\jdk-23\bin\server\jvm.dll
0x00007ffe57790000 - 0x00007ffe57844000 	C:\Windows\System32\ADVAPI32.dll
0x00007ffe57850000 - 0x00007ffe578f6000 	C:\Windows\System32\sechost.dll
0x00007ffe56b50000 - 0x00007ffe56c68000 	C:\Windows\System32\RPCRT4.dll
0x00007ffe574b0000 - 0x00007ffe57524000 	C:\Windows\System32\WS2_32.dll
0x00007ffe553d0000 - 0x00007ffe5542e000 	C:\Windows\SYSTEM32\POWRPROF.dll
0x00007ffe3f4d0000 - 0x00007ffe3f505000 	C:\Windows\SYSTEM32\WINMM.dll
0x00007ffe424f0000 - 0x00007ffe424fb000 	C:\Windows\SYSTEM32\VERSION.dll
0x00007ffe553b0000 - 0x00007ffe553c4000 	C:\Windows\SYSTEM32\UMPDC.dll
0x00007ffe54340000 - 0x00007ffe5435b000 	C:\Windows\SYSTEM32\kernel.appcore.dll
0x00007ffe50110000 - 0x00007ffe5011a000 	C:\Program Files\Java\jdk-23\bin\jimage.dll
0x00007ffe52cb0000 - 0x00007ffe52ef2000 	C:\Windows\SYSTEM32\DBGHELP.DLL
0x00007ffe579b0000 - 0x00007ffe57d2b000 	C:\Windows\System32\combase.dll
0x00007ffe58160000 - 0x00007ffe58237000 	C:\Windows\System32\OLEAUT32.dll
0x00007ffe367d0000 - 0x00007ffe3680c000 	C:\Windows\SYSTEM32\dbgcore.DLL
0x00007ffe56110000 - 0x00007ffe561a8000 	C:\Windows\System32\bcryptPrimitives.dll
0x00007ffe43280000 - 0x00007ffe4329e000 	C:\Program Files\Java\jdk-23\bin\java.dll
0x00007ffe57fb0000 - 0x00007ffe58148000 	C:\Windows\System32\ole32.dll
0x00007ffe56ca0000 - 0x00007ffe573ec000 	C:\Windows\System32\SHELL32.dll
0x00007ffe558f0000 - 0x00007ffe55a5b000 	C:\Windows\System32\wintypes.dll
0x00007ffe53200000 - 0x00007ffe53a5d000 	C:\Windows\SYSTEM32\windows.storage.dll
0x00007ffe56930000 - 0x00007ffe56a22000 	C:\Windows\System32\SHCORE.dll
0x00007ffe573f0000 - 0x00007ffe57452000 	C:\Windows\System32\shlwapi.dll
0x00007ffe55490000 - 0x00007ffe554b9000 	C:\Windows\SYSTEM32\profapi.dll
0x00007ffdf5400000 - 0x00007ffdf54d7000 	C:\Program Files\Java\jdk-23\bin\jsvml.dll
0x00007ffe48e40000 - 0x00007ffe48e50000 	C:\Program Files\Java\jdk-23\bin\net.dll
0x00007ffe548b0000 - 0x00007ffe5491b000 	C:\Windows\system32\mswsock.dll
0x00007ffe429f0000 - 0x00007ffe42a06000 	C:\Program Files\Java\jdk-23\bin\nio.dll
0x00007ffe416b0000 - 0x00007ffe416c7000 	C:\Program Files\Java\jdk-23\bin\zip.dll
0x00007ffdf5270000 - 0x00007ffdf53fe000 	C:\Program Files\Java\jdk-23\bin\awt.dll
0x00007ffe52340000 - 0x00007ffe523df000 	C:\Windows\SYSTEM32\apphelp.dll

dbghelp: loaded successfully - version: 4.0.5 - missing functions: none
symbol engine: initialized successfully - sym options: 0x614 - pdb path: .;C:\Program Files\Java\jdk-23\bin;C:\Windows\SYSTEM32;C:\Windows\WinSxS\amd64_microsoft.windows.common-controls_6595b64144ccf1df_6.0.26100.6725_none_3e085828e334708b;C:\Program Files\Java\jdk-23\bin\server

VM Arguments:
java_command: za.ac.cput.courseenrolmentsystem.SystemGUI.StudentEnrol
java_class_path (initial): C:\Users\manga\Documents\NetBeansProjects\CourseEnrolmentSystem\target\classes;C:\Users\manga\.m2\repository\org\apache\derby\derbyclient\10.17.1.0\derbyclient-10.17.1.0.jar;C:\Users\manga\.m2\repository\org\apache\derby\derbyshared\10.17.1.0\derbyshared-10.17.1.0.jar
Launcher Type: SUN_STANDARD

[Global flags]
     intx CICompilerCount                          = 2                                         {product} {ergonomic}
     uint ConcGCThreads                            = 1                                         {product} {ergonomic}
     uint G1ConcRefinementThreads                  = 2                                         {product} {ergonomic}
   size_t G1HeapRegionSize                         = 1048576                                   {product} {ergonomic}
   size_t InitialHeapSize                          = 65011712                                  {product} {ergonomic}
   size_t MarkStackSize                            = 4194304                                   {product} {ergonomic}
   size_t MarkStackSizeMax                         = 536870912                                 {product} {ergonomic}
   size_t MaxHeapSize                              = 1027604480                                {product} {ergonomic}
   size_t MaxNewSize                               = 616562688                                 {product} {ergonomic}
   size_t MinHeapDeltaBytes                        = 1048576                                   {product} {ergonomic}
   size_t MinHeapSize                              = 8388608                                   {product} {ergonomic}
    uintx NonNMethodCodeHeapSize                   = 5767168                                {pd product} {ergonomic}
    uintx NonProfiledCodeHeapSize                  = 123011072                              {pd product} {ergonomic}
    uintx ProfiledCodeHeapSize                     = 122880000                              {pd product} {ergonomic}
    uintx ReservedCodeCacheSize                    = 251658240                              {pd product} {ergonomic}
     bool SegmentedCodeCache                       = true                                      {product} {ergonomic}
   size_t SoftMaxHeapSize                          = 1027604480                             {manageable} {ergonomic}
     bool UseCompressedOops                        = true                           {product lp64_product} {ergonomic}
     bool UseG1GC                                  = true                                      {product} {ergonomic}
     bool UseLargePagesIndividualAllocation        = false                                  {pd product} {ergonomic}

Logging:
Log output configuration:
 #0: stdout all=warning uptime,level,tags foldmultilines=false
 #1: stderr all=off uptime,level,tags foldmultilines=false

Environment Variables:
JAVA_HOME=C:\Program Files\Java\jdk-23
PATH=C:\Program Files\Common Files\Oracle\Java\javapath;C:\Windows\system32;C:\Windows;C:\Windows\System32\Wbem;C:\Windows\System32\WindowsPowerShell\v1.0\;C:\Windows\System32\OpenSSH\;C:\Program Files\MySQL\MySQL Shell 8.0\bin\;C:\Users\manga\AppData\Local\Microsoft\WindowsApps;C:\Users\manga\AppData\Local\Programs\Microsoft VS Code\bin
USERNAME=manga
OS=Windows_NT
PROCESSOR_IDENTIFIER=Intel64 Family 6 Model 122 Stepping 8, GenuineIntel
TMP=C:\Users\manga\AppData\Local\Temp
TEMP=C:\Users\manga\AppData\Local\Temp




Periodic native trim disabled

---------------  S Y S T E M  ---------------

OS:
 Windows 11 , 64 bit Build 26100 (10.0.26100.6725)
OS uptime: 4 days 17:44 hours

CPU: total 2 (initial active 2) (2 cores per cpu, 1 threads per core) family 6 model 122 stepping 8 microcode 0x1c, cx8, cmov, fxsr, mmx, 3dnowpref, sse, sse2, sse3, ssse3, sse4.1, sse4.2, popcnt, tsc, tscinvbit, aes, erms, clmul, sha, clflush, clflushopt, rdtscp, rdpid
Processor Information for the first 2 processors :
  Max Mhz: 1101, Current Mhz: 1101, Mhz Limit: 1101

Memory: 4k page, system-wide physical 3918M (239M free)
TotalPageFile size 15694M (AvailPageFile size 1M)
current process WorkingSet (physical memory assigned to process): 46M, peak: 46M
current process commit charge ("private bytes"): 134M, peak: 134M

vm_info: Java HotSpot(TM) 64-Bit Server VM (23.0.2+7-58) for windows-amd64 JRE (23.0.2+7-58), built on 2024-11-29T09:34:55Z with MS VC++ 17.6 (VS2022)

END.
