#
# There is insufficient memory for the Java Runtime Environment to continue.
# Native memory allocation (malloc) failed to allocate 1475072 bytes. Error detail: Chunk::new
# Possible reasons:
#   The system is out of physical RAM or swap space
#   This process is running with CompressedOops enabled, and the Java Heap may be blocking the growth of the native heap
# Possible solutions:
#   Reduce memory load on the system
#   Increase physical memory or swap space
#   Check if swap backing store is full
#   Decrease Java heap size (-Xmx/-Xms)
#   Decrease number of Java threads
#   Decrease Java thread stack sizes (-Xss)
#   Set larger code cache with -XX:ReservedCodeCacheSize=
#   JVM is running with Unscaled Compressed Oops mode in which the Java heap is
#     placed in the first 4GB address space. The Java Heap base address is the
#     maximum limit for the native heap growth. Please use -XX:HeapBaseMinAddress
#     to set the Java Heap base and to place the Java Heap above 4GB virtual address.
# This output file may be truncated or incomplete.
#
#  Out of Memory Error (arena.cpp:149), pid=14444, tid=6116
#
# JRE version: Java(TM) SE Runtime Environment (23.0.2+7) (build 23.0.2+7-58)
# Java VM: Java HotSpot(TM) 64-Bit Server VM (23.0.2+7-58, mixed mode, sharing, tiered, compressed oops, compressed class ptrs, g1 gc, windows-amd64)
# No core dump will be written. Minidumps are not enabled by default on client versions of Windows
#

---------------  S U M M A R Y ------------

Command Line: -Dclassworlds.conf=C:\Program Files\NetBeans-25\netbeans\java\maven\bin\m2.conf -Dmaven.home=C:\Program Files\NetBeans-25\netbeans\java\maven -Dlibrary.jansi.path=C:\Program Files\NetBeans-25\netbeans\java\maven\lib\jansi-native -Dmaven.multiModuleProjectDirectory=C:\Users\manga\Documents\NetBeansProjects\CourseEnrolmentSystem org.codehaus.plexus.classworlds.launcher.Launcher -Dexec.vmArgs= -Dexec.args=${exec.vmArgs} -classpath %classpath ${exec.mainClass} ${exec.appArgs} -Dexec.executable=C:\Program Files\Java\jdk-23\bin\java.exe -Dexec.mainClass=za.ac.cput.courseenrolmentsystem.SystemGUI.ServerGui -Dexec.classpathScope=runtime -Dexec.appArgs= -Dmaven.ext.class.path=C:\Program Files\NetBeans-25\netbeans\java\maven-nblib\netbeans-eventspy.jar --no-transfer-progress process-classes org.codehaus.mojo:exec-maven-plugin:3.1.0:exec

Host: Intel(R) Celeron(R) N4020 CPU @ 1.10GHz, 2 cores, 3G,  Windows 11 , 64 bit Build 26100 (10.0.26100.6725)
Time: Wed Oct  8 19:45:09 2025 South Africa Standard Time elapsed time: 20.775774 seconds (0d 0h 0m 20s)

---------------  T H R E A D  ---------------

Current thread (0x000002b4c113c530):  JavaThread "C2 CompilerThread0" daemon [_thread_in_native, id=6116, stack(0x000000ea2bb00000,0x000000ea2bc00000) (1024K)]


Current CompileTask:
C2:20775 3799       4       java.lang.invoke.MethodType::makeImpl (109 bytes)

Stack: [0x000000ea2bb00000,0x000000ea2bc00000]
Native frames: (J=compiled Java code, j=interpreted, Vv=VM code, C=native code)
V  [jvm.dll+0x6e0b99]  (no source info available)
V  [jvm.dll+0x87e2b3]  (no source info available)
V  [jvm.dll+0x88073e]  (no source info available)
V  [jvm.dll+0x880e13]  (no source info available)
V  [jvm.dll+0x27b006]  (no source info available)
V  [jvm.dll+0xbc06f]  (no source info available)
V  [jvm.dll+0xbc2cb]  (no source info available)
V  [jvm.dll+0x3b3c5c]  (no source info available)
V  [jvm.dll+0x1dc4ae]  (no source info available)
V  [jvm.dll+0x244ce5]  (no source info available)
V  [jvm.dll+0x243eff]  (no source info available)
V  [jvm.dll+0x1c34b0]  (no source info available)
V  [jvm.dll+0x253df1]  (no source info available)
V  [jvm.dll+0x2520aa]  (no source info available)
V  [jvm.dll+0x3ee226]  (no source info available)
V  [jvm.dll+0x8254cb]  (no source info available)
V  [jvm.dll+0x6df345]  (no source info available)
C  [ucrtbase.dll+0x37b0]  (no source info available)
C  [KERNEL32.DLL+0x2e8d7]  (no source info available)
C  [ntdll.dll+0x8c53c]  (no source info available)

Lock stack of current Java thread (top to bottom):


---------------  P R O C E S S  ---------------

Threads class SMR info:
_java_thread_list=0x000002b4c15bc3f0, length=12, elements={
0x000002b4caf79490, 0x000002b4c112f8a0, 0x000002b4c1132e80, 0x000002b4c1137870,
0x000002b4c11382d0, 0x000002b4c1138d30, 0x000002b4c1139790, 0x000002b4c113c530,
0x000002b4c115b010, 0x000002b4c13f7530, 0x000002b4c14023d0, 0x000002b4c17786a0
}

Java Threads: ( => current thread )
  0x000002b4caf79490 JavaThread "main"                              [_thread_in_vm, id=6184, stack(0x000000ea2ad00000,0x000000ea2ae00000) (1024K)]
  0x000002b4c112f8a0 JavaThread "Reference Handler"          daemon [_thread_blocked, id=19720, stack(0x000000ea2b500000,0x000000ea2b600000) (1024K)]
  0x000002b4c1132e80 JavaThread "Finalizer"                  daemon [_thread_blocked, id=20464, stack(0x000000ea2b600000,0x000000ea2b700000) (1024K)]
  0x000002b4c1137870 JavaThread "Signal Dispatcher"          daemon [_thread_blocked, id=15284, stack(0x000000ea2b700000,0x000000ea2b800000) (1024K)]
  0x000002b4c11382d0 JavaThread "Attach Listener"            daemon [_thread_blocked, id=18268, stack(0x000000ea2b800000,0x000000ea2b900000) (1024K)]
  0x000002b4c1138d30 JavaThread "Service Thread"             daemon [_thread_blocked, id=20080, stack(0x000000ea2b900000,0x000000ea2ba00000) (1024K)]
  0x000002b4c1139790 JavaThread "Monitor Deflation Thread"   daemon [_thread_blocked, id=21448, stack(0x000000ea2ba00000,0x000000ea2bb00000) (1024K)]
=>0x000002b4c113c530 JavaThread "C2 CompilerThread0"         daemon [_thread_in_native, id=6116, stack(0x000000ea2bb00000,0x000000ea2bc00000) (1024K)]
  0x000002b4c115b010 JavaThread "C1 CompilerThread0"         daemon [_thread_blocked, id=7628, stack(0x000000ea2bc00000,0x000000ea2bd00000) (1024K)]
  0x000002b4c13f7530 JavaThread "Notification Thread"        daemon [_thread_blocked, id=20016, stack(0x000000ea2bd00000,0x000000ea2be00000) (1024K)]
  0x000002b4c14023d0 JavaThread "Common-Cleaner"             daemon [_thread_blocked, id=16280, stack(0x000000ea2be00000,0x000000ea2bf00000) (1024K)]
  0x000002b4c17786a0 JavaThread "cleanup"                    daemon [_thread_in_native, id=19052, stack(0x000000ea2bf00000,0x000000ea2c000000) (1024K)]
Total: 12

Other Threads:
  0x000002b4cb039070 VMThread "VM Thread"                           [id=17044, stack(0x000000ea2b400000,0x000000ea2b500000) (1024K)]
  0x000002b4c111d1e0 WatcherThread "VM Periodic Task Thread"        [id=1716, stack(0x000000ea2b300000,0x000000ea2b400000) (1024K)]
  0x000002b4cafb3850 WorkerThread "GC Thread#0"                     [id=8956, stack(0x000000ea2ae00000,0x000000ea2af00000) (1024K)]
  0x000002b4c1471f60 WorkerThread "GC Thread#1"                     [id=3788, stack(0x000000ea2c000000,0x000000ea2c100000) (1024K)]
  0x000002b4cafbf0e0 ConcurrentGCThread "G1 Main Marker"            [id=16844, stack(0x000000ea2af00000,0x000000ea2b000000) (1024K)]
  0x000002b4cafc0a20 WorkerThread "G1 Conc#0"                       [id=14592, stack(0x000000ea2b000000,0x000000ea2b100000) (1024K)]
  0x000002b4cb00cd70 ConcurrentGCThread "G1 Refine#0"               [id=7572, stack(0x000000ea2b100000,0x000000ea2b200000) (1024K)]
  0x000002b4cb00d800 ConcurrentGCThread "G1 Service"                [id=20568, stack(0x000000ea2b200000,0x000000ea2b300000) (1024K)]
Total: 8

Threads with active compile tasks:
C2 CompilerThread0  20928 3799       4       java.lang.invoke.MethodType::makeImpl (109 bytes)
Total: 1

VM state: not at safepoint (normal execution)

VM Mutex/Monitor currently owned by a thread: None

Heap address: 0x00000000c2c00000, size: 980 MB, Compressed Oops mode: 32-bit

CDS archive(s) mapped at: [0x000002b480000000-0x000002b480d70000-0x000002b480d70000), size 14090240, SharedBaseAddress: 0x000002b480000000, ArchiveRelocationMode: 1.
Compressed class space mapped at: 0x000002b481000000-0x000002b4c1000000, reserved size: 1073741824
Narrow klass base: 0x000002b480000000, Narrow klass shift: 0, Narrow klass range: 0x41000000

GC Precious Log:
 CardTable entry size: 512
 Card Set container configuration: InlinePtr #cards 5 size 8 Array Of Cards #cards 10 size 36 Howl #buckets 4 coarsen threshold 1843 Howl Bitmap #cards 512 size 80 coarsen threshold 460 Card regions per heap region 1 cards per card region 2048
 CPUs: 2 total, 2 available
 Memory: 3918M
 Large Page Support: Disabled
 NUMA Support: Disabled
 Compressed Oops: Enabled (32-bit)
 Heap Region Size: 1M
 Heap Min Capacity: 8M
 Heap Initial Capacity: 62M
 Heap Max Capacity: 980M
 Pre-touch: Disabled
 Parallel Workers: 2
 Concurrent Workers: 1
 Concurrent Refinement Workers: 2
 Periodic GC: Disabled

Heap:
 garbage-first heap   total reserved 1003520K, committed 63488K, used 14578K [0x00000000c2c00000, 0x0000000100000000)
  region size 1024K, 11 young (11264K), 5 survivors (5120K)
 Metaspace       used 16820K, committed 17088K, reserved 1114112K
  class space    used 2059K, committed 2176K, reserved 1048576K

Heap Regions: E=young(eden), S=young(survivor), O=old, HS=humongous(starts), HC=humongous(continues), CS=collection set, F=free, TAMS=top-at-mark-start, PB=parsable bottom
|   0|0x00000000c2c00000, 0x00000000c2d00000, 0x00000000c2d00000|100%| O|  |TAMS 0x00000000c2c00000| PB 0x00000000c2c00000| Untracked |  0
|   1|0x00000000c2d00000, 0x00000000c2e00000, 0x00000000c2e00000|100%| O|  |TAMS 0x00000000c2d00000| PB 0x00000000c2d00000| Untracked |  0
|   2|0x00000000c2e00000, 0x00000000c2f00000, 0x00000000c2f00000|100%| O|  |TAMS 0x00000000c2e00000| PB 0x00000000c2e00000| Untracked |  0
|   3|0x00000000c2f00000, 0x00000000c3000000, 0x00000000c3000000|100%| O|  |TAMS 0x00000000c2f00000| PB 0x00000000c2f00000| Untracked |  0
|   4|0x00000000c3000000, 0x00000000c3075e40, 0x00000000c3100000| 46%| O|  |TAMS 0x00000000c3000000| PB 0x00000000c3000000| Untracked |  0
|   5|0x00000000c3100000, 0x00000000c3100000, 0x00000000c3200000|  0%| F|  |TAMS 0x00000000c3100000| PB 0x00000000c3100000| Untracked |  0
|   6|0x00000000c3200000, 0x00000000c3200000, 0x00000000c3300000|  0%| F|  |TAMS 0x00000000c3200000| PB 0x00000000c3200000| Untracked |  0
|   7|0x00000000c3300000, 0x00000000c3300000, 0x00000000c3400000|  0%| F|  |TAMS 0x00000000c3300000| PB 0x00000000c3300000| Untracked |  0
|   8|0x00000000c3400000, 0x00000000c3400000, 0x00000000c3500000|  0%| F|  |TAMS 0x00000000c3400000| PB 0x00000000c3400000| Untracked |  0
|   9|0x00000000c3500000, 0x00000000c3500000, 0x00000000c3600000|  0%| F|  |TAMS 0x00000000c3500000| PB 0x00000000c3500000| Untracked |  0
|  10|0x00000000c3600000, 0x00000000c3600000, 0x00000000c3700000|  0%| F|  |TAMS 0x00000000c3600000| PB 0x00000000c3600000| Untracked |  0
|  11|0x00000000c3700000, 0x00000000c3700000, 0x00000000c3800000|  0%| F|  |TAMS 0x00000000c3700000| PB 0x00000000c3700000| Untracked |  0
|  12|0x00000000c3800000, 0x00000000c3800000, 0x00000000c3900000|  0%| F|  |TAMS 0x00000000c3800000| PB 0x00000000c3800000| Untracked |  0
|  13|0x00000000c3900000, 0x00000000c3900000, 0x00000000c3a00000|  0%| F|  |TAMS 0x00000000c3900000| PB 0x00000000c3900000| Untracked |  0
|  14|0x00000000c3a00000, 0x00000000c3a00000, 0x00000000c3b00000|  0%| F|  |TAMS 0x00000000c3a00000| PB 0x00000000c3a00000| Untracked |  0
|  15|0x00000000c3b00000, 0x00000000c3b00000, 0x00000000c3c00000|  0%| F|  |TAMS 0x00000000c3b00000| PB 0x00000000c3b00000| Untracked |  0
|  16|0x00000000c3c00000, 0x00000000c3c00000, 0x00000000c3d00000|  0%| F|  |TAMS 0x00000000c3c00000| PB 0x00000000c3c00000| Untracked |  0
|  17|0x00000000c3d00000, 0x00000000c3d00000, 0x00000000c3e00000|  0%| F|  |TAMS 0x00000000c3d00000| PB 0x00000000c3d00000| Untracked |  0
|  18|0x00000000c3e00000, 0x00000000c3e00000, 0x00000000c3f00000|  0%| F|  |TAMS 0x00000000c3e00000| PB 0x00000000c3e00000| Untracked |  0
|  19|0x00000000c3f00000, 0x00000000c3f00000, 0x00000000c4000000|  0%| F|  |TAMS 0x00000000c3f00000| PB 0x00000000c3f00000| Untracked |  0
|  20|0x00000000c4000000, 0x00000000c4000000, 0x00000000c4100000|  0%| F|  |TAMS 0x00000000c4000000| PB 0x00000000c4000000| Untracked |  0
|  21|0x00000000c4100000, 0x00000000c4100000, 0x00000000c4200000|  0%| F|  |TAMS 0x00000000c4100000| PB 0x00000000c4100000| Untracked |  0
|  22|0x00000000c4200000, 0x00000000c4200000, 0x00000000c4300000|  0%| F|  |TAMS 0x00000000c4200000| PB 0x00000000c4200000| Untracked |  0
|  23|0x00000000c4300000, 0x00000000c4300000, 0x00000000c4400000|  0%| F|  |TAMS 0x00000000c4300000| PB 0x00000000c4300000| Untracked |  0
|  24|0x00000000c4400000, 0x00000000c44c6a80, 0x00000000c4500000| 77%| S|CS|TAMS 0x00000000c4400000| PB 0x00000000c4400000| Complete |  0
|  25|0x00000000c4500000, 0x00000000c4600000, 0x00000000c4600000|100%| S|CS|TAMS 0x00000000c4500000| PB 0x00000000c4500000| Complete |  0
|  26|0x00000000c4600000, 0x00000000c4700000, 0x00000000c4700000|100%| S|CS|TAMS 0x00000000c4600000| PB 0x00000000c4600000| Complete |  0
|  27|0x00000000c4700000, 0x00000000c4800000, 0x00000000c4800000|100%| S|CS|TAMS 0x00000000c4700000| PB 0x00000000c4700000| Complete |  0
|  28|0x00000000c4800000, 0x00000000c4900000, 0x00000000c4900000|100%| S|CS|TAMS 0x00000000c4800000| PB 0x00000000c4800000| Complete |  0
|  29|0x00000000c4900000, 0x00000000c4900000, 0x00000000c4a00000|  0%| F|  |TAMS 0x00000000c4900000| PB 0x00000000c4900000| Untracked |  0
|  30|0x00000000c4a00000, 0x00000000c4a00000, 0x00000000c4b00000|  0%| F|  |TAMS 0x00000000c4a00000| PB 0x00000000c4a00000| Untracked |  0
|  31|0x00000000c4b00000, 0x00000000c4b00000, 0x00000000c4c00000|  0%| F|  |TAMS 0x00000000c4b00000| PB 0x00000000c4b00000| Untracked |  0
|  32|0x00000000c4c00000, 0x00000000c4c00000, 0x00000000c4d00000|  0%| F|  |TAMS 0x00000000c4c00000| PB 0x00000000c4c00000| Untracked |  0
|  33|0x00000000c4d00000, 0x00000000c4d00000, 0x00000000c4e00000|  0%| F|  |TAMS 0x00000000c4d00000| PB 0x00000000c4d00000| Untracked |  0
|  34|0x00000000c4e00000, 0x00000000c4e00000, 0x00000000c4f00000|  0%| F|  |TAMS 0x00000000c4e00000| PB 0x00000000c4e00000| Untracked |  0
|  35|0x00000000c4f00000, 0x00000000c4f00000, 0x00000000c5000000|  0%| F|  |TAMS 0x00000000c4f00000| PB 0x00000000c4f00000| Untracked |  0
|  36|0x00000000c5000000, 0x00000000c5000000, 0x00000000c5100000|  0%| F|  |TAMS 0x00000000c5000000| PB 0x00000000c5000000| Untracked |  0
|  37|0x00000000c5100000, 0x00000000c5100000, 0x00000000c5200000|  0%| F|  |TAMS 0x00000000c5100000| PB 0x00000000c5100000| Untracked |  0
|  38|0x00000000c5200000, 0x00000000c5200000, 0x00000000c5300000|  0%| F|  |TAMS 0x00000000c5200000| PB 0x00000000c5200000| Untracked |  0
|  39|0x00000000c5300000, 0x00000000c5300000, 0x00000000c5400000|  0%| F|  |TAMS 0x00000000c5300000| PB 0x00000000c5300000| Untracked |  0
|  40|0x00000000c5400000, 0x00000000c5400000, 0x00000000c5500000|  0%| F|  |TAMS 0x00000000c5400000| PB 0x00000000c5400000| Untracked |  0
|  41|0x00000000c5500000, 0x00000000c5500000, 0x00000000c5600000|  0%| F|  |TAMS 0x00000000c5500000| PB 0x00000000c5500000| Untracked |  0
|  42|0x00000000c5600000, 0x00000000c5600000, 0x00000000c5700000|  0%| F|  |TAMS 0x00000000c5600000| PB 0x00000000c5600000| Untracked |  0
|  43|0x00000000c5700000, 0x00000000c5700000, 0x00000000c5800000|  0%| F|  |TAMS 0x00000000c5700000| PB 0x00000000c5700000| Untracked |  0
|  44|0x00000000c5800000, 0x00000000c5800000, 0x00000000c5900000|  0%| F|  |TAMS 0x00000000c5800000| PB 0x00000000c5800000| Untracked |  0
|  45|0x00000000c5900000, 0x00000000c5900000, 0x00000000c5a00000|  0%| F|  |TAMS 0x00000000c5900000| PB 0x00000000c5900000| Untracked |  0
|  46|0x00000000c5a00000, 0x00000000c5a00000, 0x00000000c5b00000|  0%| F|  |TAMS 0x00000000c5a00000| PB 0x00000000c5a00000| Untracked |  0
|  47|0x00000000c5b00000, 0x00000000c5b00000, 0x00000000c5c00000|  0%| F|  |TAMS 0x00000000c5b00000| PB 0x00000000c5b00000| Untracked |  0
|  48|0x00000000c5c00000, 0x00000000c5c00000, 0x00000000c5d00000|  0%| F|  |TAMS 0x00000000c5c00000| PB 0x00000000c5c00000| Untracked |  0
|  49|0x00000000c5d00000, 0x00000000c5d00000, 0x00000000c5e00000|  0%| F|  |TAMS 0x00000000c5d00000| PB 0x00000000c5d00000| Untracked |  0
|  50|0x00000000c5e00000, 0x00000000c5e00000, 0x00000000c5f00000|  0%| F|  |TAMS 0x00000000c5e00000| PB 0x00000000c5e00000| Untracked |  0
|  51|0x00000000c5f00000, 0x00000000c5f00000, 0x00000000c6000000|  0%| F|  |TAMS 0x00000000c5f00000| PB 0x00000000c5f00000| Untracked |  0
|  52|0x00000000c6000000, 0x00000000c6000000, 0x00000000c6100000|  0%| F|  |TAMS 0x00000000c6000000| PB 0x00000000c6000000| Untracked |  0
|  53|0x00000000c6100000, 0x00000000c6100000, 0x00000000c6200000|  0%| F|  |TAMS 0x00000000c6100000| PB 0x00000000c6100000| Untracked |  0
|  54|0x00000000c6200000, 0x00000000c6200000, 0x00000000c6300000|  0%| F|  |TAMS 0x00000000c6200000| PB 0x00000000c6200000| Untracked |  0
|  55|0x00000000c6300000, 0x00000000c6300000, 0x00000000c6400000|  0%| F|  |TAMS 0x00000000c6300000| PB 0x00000000c6300000| Untracked |  0
|  56|0x00000000c6400000, 0x00000000c6480000, 0x00000000c6500000| 50%| E|  |TAMS 0x00000000c6400000| PB 0x00000000c6400000| Complete |  0
|  57|0x00000000c6500000, 0x00000000c6600000, 0x00000000c6600000|100%| E|CS|TAMS 0x00000000c6500000| PB 0x00000000c6500000| Complete |  0
|  58|0x00000000c6600000, 0x00000000c6700000, 0x00000000c6700000|100%| E|CS|TAMS 0x00000000c6600000| PB 0x00000000c6600000| Complete |  0
|  59|0x00000000c6700000, 0x00000000c6800000, 0x00000000c6800000|100%| E|CS|TAMS 0x00000000c6700000| PB 0x00000000c6700000| Complete |  0
|  60|0x00000000c6800000, 0x00000000c6900000, 0x00000000c6900000|100%| E|CS|TAMS 0x00000000c6800000| PB 0x00000000c6800000| Complete |  0
|  61|0x00000000c6900000, 0x00000000c6a00000, 0x00000000c6a00000|100%| E|CS|TAMS 0x00000000c6900000| PB 0x00000000c6900000| Complete |  0

Card table byte_map: [0x000002b4cad30000,0x000002b4caf20000] _byte_map_base: 0x000002b4ca71a000

Marking Bits: (CMBitMap*) 0x000002b4cafb3e70
 Bits: [0x000002b4e26c0000, 0x000002b4e3610000)

Polling page: 0x000002b4c8d00000

Metaspace:

Usage:
  Non-class:     14.42 MB used.
      Class:      2.01 MB used.
       Both:     16.43 MB used.

Virtual space:
  Non-class space:       64.00 MB reserved,      14.56 MB ( 23%) committed,  1 nodes.
      Class space:        1.00 GB reserved,       2.12 MB ( <1%) committed,  1 nodes.
             Both:        1.06 GB reserved,      16.69 MB (  2%) committed. 

Chunk freelists:
   Non-Class:  512.00 KB
       Class:  13.78 MB
        Both:  14.28 MB

MaxMetaspaceSize: unlimited
CompressedClassSpaceSize: 1.00 GB
Initial GC threshold: 21.00 MB
Current GC threshold: 21.00 MB
CDS: on
 - commit_granule_bytes: 65536.
 - commit_granule_words: 8192.
 - virtual_space_node_default_size: 8388608.
 - enlarge_chunks_in_place: 1.
 - use_allocation_guard: 0.


Internal statistics:

num_allocs_failed_limit: 0.
num_arena_births: 178.
num_arena_deaths: 0.
num_vsnodes_births: 2.
num_vsnodes_deaths: 0.
num_space_committed: 267.
num_space_uncommitted: 0.
num_chunks_returned_to_freelist: 0.
num_chunks_taken_from_freelist: 731.
num_chunk_merges: 0.
num_chunk_splits: 510.
num_chunks_enlarged: 420.
num_inconsistent_stats: 0.

CodeHeap 'non-profiled nmethods': size=120128Kb used=1260Kb max_used=1260Kb free=118867Kb
 bounds [0x000002b4db170000, 0x000002b4db3e0000, 0x000002b4e26c0000]
CodeHeap 'profiled nmethods': size=120000Kb used=6118Kb max_used=6118Kb free=113882Kb
 bounds [0x000002b4d36c0000, 0x000002b4d3cc0000, 0x000002b4dabf0000]
CodeHeap 'non-nmethods': size=5632Kb used=1415Kb max_used=1422Kb free=4216Kb
 bounds [0x000002b4dabf0000, 0x000002b4dae60000, 0x000002b4db170000]
CodeCache: size=245760Kb, used=8793Kb, max_used=8800Kb, free=236965Kb
 total_blobs=4394, nmethods=3875, adapters=424, full_count=0
Compilation: enabled, stopped_count=0, restarted_count=0

Compilation events (20 events):
Event: 20.509 Thread 0x000002b4c115b010 3855       1       org.apache.maven.model.Build::getTestOutputDirectory (5 bytes)
Event: 20.509 Thread 0x000002b4c115b010 nmethod 3855 0x000002b4db2aa288 code [0x000002b4db2aa3a0, 0x000002b4db2aa468]
Event: 20.510 Thread 0x000002b4c115b010 3856   !   3       jdk.internal.reflect.DirectMethodHandleAccessor::invoke (92 bytes)
Event: 20.513 Thread 0x000002b4c115b010 nmethod 3856 0x000002b4d3ca5b08 code [0x000002b4d3ca5f40, 0x000002b4d3ca8708]
Event: 20.514 Thread 0x000002b4c115b010 3857       3       org.apache.maven.model.validation.DefaultModelValidator::validateEffectiveDependency (631 bytes)
Event: 20.520 Thread 0x000002b4c115b010 nmethod 3857 0x000002b4d3ca8808 code [0x000002b4d3ca90e0, 0x000002b4d3cad810]
Event: 20.522 Thread 0x000002b4c115b010 3858       3       java.util.regex.Pattern$CharProperty::match (71 bytes)
Event: 20.522 Thread 0x000002b4c115b010 nmethod 3858 0x000002b4d3cada08 code [0x000002b4d3cadb80, 0x000002b4d3cae060]
Event: 20.523 Thread 0x000002b4c115b010 3859       3       java.util.Collections$UnmodifiableMap::isEmpty (10 bytes)
Event: 20.523 Thread 0x000002b4c115b010 nmethod 3859 0x000002b4d3cae088 code [0x000002b4d3cae1a0, 0x000002b4d3cae378]
Event: 20.530 Thread 0x000002b4c115b010 3860       3       sun.nio.ch.FileKey::hashCode (15 bytes)
Event: 20.530 Thread 0x000002b4c115b010 nmethod 3860 0x000002b4d3cae388 code [0x000002b4d3cae4a0, 0x000002b4d3cae5b8]
Event: 20.533 Thread 0x000002b4c115b010 3861       3       java.lang.String::valueOf (14 bytes)
Event: 20.533 Thread 0x000002b4c115b010 nmethod 3861 0x000002b4d3cae688 code [0x000002b4d3cae7a0, 0x000002b4d3cae908]
Event: 20.534 Thread 0x000002b4c115b010 3862       3       org.apache.maven.model.io.xpp3.MavenXpp3Reader::parseDependency (486 bytes)
Event: 20.537 Thread 0x000002b4c115b010 nmethod 3862 0x000002b4d3cae988 code [0x000002b4d3caefc0, 0x000002b4d3cb2130]
Event: 20.540 Thread 0x000002b4c115b010 3863       3       org.apache.maven.model.validation.DefaultModelValidator::validateNotNull (42 bytes)
Event: 20.540 Thread 0x000002b4c115b010 nmethod 3863 0x000002b4d3cb2308 code [0x000002b4d3cb24a0, 0x000002b4d3cb2af0]
Event: 20.544 Thread 0x000002b4c115b010 3864       3       java.util.regex.Matcher::match (154 bytes)
Event: 20.545 Thread 0x000002b4c115b010 nmethod 3864 0x000002b4d3cb2b88 code [0x000002b4d3cb2ce0, 0x000002b4d3cb3228]

GC Heap History (12 events):
Event: 6.695 GC heap before
{Heap before GC invocations=0 (full 0):
 garbage-first heap   total reserved 1003520K, committed 63488K, used 6144K [0x00000000c2c00000, 0x0000000100000000)
  region size 1024K, 7 young (7168K), 0 survivors (0K)
 Metaspace       used 2347K, committed 2560K, reserved 1114112K
  class space    used 225K, committed 320K, reserved 1048576K
}
Event: 6.713 GC heap after
{Heap after GC invocations=1 (full 0):
 garbage-first heap   total reserved 1003520K, committed 63488K, used 2191K [0x00000000c2c00000, 0x0000000100000000)
  region size 1024K, 1 young (1024K), 1 survivors (1024K)
 Metaspace       used 2347K, committed 2560K, reserved 1114112K
  class space    used 225K, committed 320K, reserved 1048576K
}
Event: 7.402 GC heap before
{Heap before GC invocations=1 (full 0):
 garbage-first heap   total reserved 1003520K, committed 63488K, used 8335K [0x00000000c2c00000, 0x0000000100000000)
  region size 1024K, 7 young (7168K), 1 survivors (1024K)
 Metaspace       used 3947K, committed 4096K, reserved 1114112K
  class space    used 423K, committed 512K, reserved 1048576K
}
Event: 7.410 GC heap after
{Heap after GC invocations=2 (full 0):
 garbage-first heap   total reserved 1003520K, committed 63488K, used 3350K [0x00000000c2c00000, 0x0000000100000000)
  region size 1024K, 1 young (1024K), 1 survivors (1024K)
 Metaspace       used 3947K, committed 4096K, reserved 1114112K
  class space    used 423K, committed 512K, reserved 1048576K
}
Event: 8.511 GC heap before
{Heap before GC invocations=2 (full 0):
 garbage-first heap   total reserved 1003520K, committed 63488K, used 15638K [0x00000000c2c00000, 0x0000000100000000)
  region size 1024K, 13 young (13312K), 1 survivors (1024K)
 Metaspace       used 6058K, committed 6272K, reserved 1114112K
  class space    used 743K, committed 832K, reserved 1048576K
}
Event: 8.517 GC heap after
{Heap after GC invocations=3 (full 0):
 garbage-first heap   total reserved 1003520K, committed 63488K, used 4035K [0x00000000c2c00000, 0x0000000100000000)
  region size 1024K, 2 young (2048K), 2 survivors (2048K)
 Metaspace       used 6058K, committed 6272K, reserved 1114112K
  class space    used 743K, committed 832K, reserved 1048576K
}
Event: 12.149 GC heap before
{Heap before GC invocations=3 (full 0):
 garbage-first heap   total reserved 1003520K, committed 63488K, used 22467K [0x00000000c2c00000, 0x0000000100000000)
  region size 1024K, 20 young (20480K), 2 survivors (2048K)
 Metaspace       used 8107K, committed 8320K, reserved 1114112K
  class space    used 972K, committed 1088K, reserved 1048576K
}
Event: 12.155 GC heap after
{Heap after GC invocations=4 (full 0):
 garbage-first heap   total reserved 1003520K, committed 63488K, used 4877K [0x00000000c2c00000, 0x0000000100000000)
  region size 1024K, 2 young (2048K), 2 survivors (2048K)
 Metaspace       used 8107K, committed 8320K, reserved 1114112K
  class space    used 972K, committed 1088K, reserved 1048576K
}
Event: 15.313 GC heap before
{Heap before GC invocations=4 (full 0):
 garbage-first heap   total reserved 1003520K, committed 63488K, used 30477K [0x00000000c2c00000, 0x0000000100000000)
  region size 1024K, 27 young (27648K), 2 survivors (2048K)
 Metaspace       used 12961K, committed 13184K, reserved 1114112K
  class space    used 1624K, committed 1728K, reserved 1048576K
}
Event: 15.328 GC heap after
{Heap after GC invocations=5 (full 0):
 garbage-first heap   total reserved 1003520K, committed 63488K, used 7006K [0x00000000c2c00000, 0x0000000100000000)
  region size 1024K, 4 young (4096K), 4 survivors (4096K)
 Metaspace       used 12961K, committed 13184K, reserved 1114112K
  class space    used 1624K, committed 1728K, reserved 1048576K
}
Event: 20.000 GC heap before
{Heap before GC invocations=5 (full 0):
 garbage-first heap   total reserved 1003520K, committed 63488K, used 36702K [0x00000000c2c00000, 0x0000000100000000)
  region size 1024K, 33 young (33792K), 4 survivors (4096K)
 Metaspace       used 16286K, committed 16512K, reserved 1114112K
  class space    used 1993K, committed 2112K, reserved 1048576K
}
Event: 20.018 GC heap after
{Heap after GC invocations=6 (full 0):
 garbage-first heap   total reserved 1003520K, committed 63488K, used 9458K [0x00000000c2c00000, 0x0000000100000000)
  region size 1024K, 5 young (5120K), 5 survivors (5120K)
 Metaspace       used 16286K, committed 16512K, reserved 1114112K
  class space    used 1993K, committed 2112K, reserved 1048576K
}

Dll operation events (8 events):
Event: 0.021 Loaded shared library C:\Program Files\Java\jdk-23\bin\java.dll
Event: 0.104 Loaded shared library C:\Program Files\Java\jdk-23\bin\jsvml.dll
Event: 0.264 Loaded shared library C:\Program Files\Java\jdk-23\bin\net.dll
Event: 0.268 Loaded shared library C:\Program Files\Java\jdk-23\bin\nio.dll
Event: 0.275 Loaded shared library C:\Program Files\Java\jdk-23\bin\zip.dll
Event: 1.591 Loaded shared library C:\Program Files\NetBeans-25\netbeans\java\maven\lib\jansi-native\Windows\x86_64\jansi.dll
Event: 1.724 Loaded shared library C:\Program Files\Java\jdk-23\bin\verify.dll
Event: 1.867 Loaded shared library C:\Program Files\Java\jdk-23\bin\jimage.dll

Deoptimization events (20 events):
Event: 19.926 Thread 0x000002b4caf79490 DEOPT PACKING pc=0x000002b4db240a20 sp=0x000000ea2adfdc70
Event: 19.926 Thread 0x000002b4caf79490 DEOPT UNPACKING pc=0x000002b4dac443fc sp=0x000000ea2adfdbf8 mode 2
Event: 19.947 Thread 0x000002b4caf79490 Uncommon trap: trap_request=0xffffffc6 fr.pc=0x000002b4db240a20 relative=0x0000000000000080
Event: 19.947 Thread 0x000002b4caf79490 Uncommon trap: reason=bimorphic_or_optimized_type_check action=maybe_recompile pc=0x000002b4db240a20 method=com.google.inject.internal.LinkedBindingImpl.acceptTargetVisitor(Lcom/google/inject/spi/BindingTargetVisitor;)Ljava/lang/Object; @ 2 c2
Event: 19.947 Thread 0x000002b4caf79490 DEOPT PACKING pc=0x000002b4db240a20 sp=0x000000ea2adfdc70
Event: 19.947 Thread 0x000002b4caf79490 DEOPT UNPACKING pc=0x000002b4dac443fc sp=0x000000ea2adfdbf8 mode 2
Event: 19.948 Thread 0x000002b4caf79490 Uncommon trap: trap_request=0xffffffc6 fr.pc=0x000002b4db240a20 relative=0x0000000000000080
Event: 19.948 Thread 0x000002b4caf79490 Uncommon trap: reason=bimorphic_or_optimized_type_check action=maybe_recompile pc=0x000002b4db240a20 method=com.google.inject.internal.LinkedBindingImpl.acceptTargetVisitor(Lcom/google/inject/spi/BindingTargetVisitor;)Ljava/lang/Object; @ 2 c2
Event: 19.948 Thread 0x000002b4caf79490 DEOPT PACKING pc=0x000002b4db240a20 sp=0x000000ea2adfdc70
Event: 19.948 Thread 0x000002b4caf79490 DEOPT UNPACKING pc=0x000002b4dac443fc sp=0x000000ea2adfdbf8 mode 2
Event: 20.020 Thread 0x000002b4c112f8a0 Uncommon trap: trap_request=0xffffff45 fr.pc=0x000002b4db223ea4 relative=0x0000000000000184
Event: 20.020 Thread 0x000002b4c112f8a0 Uncommon trap: reason=unstable_if action=reinterpret pc=0x000002b4db223ea4 method=java.util.concurrent.locks.ReentrantLock$NonfairSync.initialTryLock()Z @ 25 c2
Event: 20.020 Thread 0x000002b4c112f8a0 DEOPT PACKING pc=0x000002b4db223ea4 sp=0x000000ea2b5ff180
Event: 20.020 Thread 0x000002b4c112f8a0 DEOPT UNPACKING pc=0x000002b4dac443fc sp=0x000000ea2b5ff068 mode 2
Event: 20.102 Thread 0x000002b4caf79490 DEOPT PACKING pc=0x000002b4d3b434f4 sp=0x000000ea2adfe460
Event: 20.102 Thread 0x000002b4caf79490 DEOPT UNPACKING pc=0x000002b4dac44b83 sp=0x000000ea2adfd8b8 mode 0
Event: 20.523 Thread 0x000002b4caf79490 Uncommon trap: trap_request=0xffffff45 fr.pc=0x000002b4db20f0b4 relative=0x0000000000000094
Event: 20.523 Thread 0x000002b4caf79490 Uncommon trap: reason=unstable_if action=reinterpret pc=0x000002b4db20f0b4 method=java.lang.ref.ReferenceQueue.poll()Ljava/lang/ref/Reference; @ 4 c2
Event: 20.523 Thread 0x000002b4caf79490 DEOPT PACKING pc=0x000002b4db20f0b4 sp=0x000000ea2adfda50
Event: 20.523 Thread 0x000002b4caf79490 DEOPT UNPACKING pc=0x000002b4dac443fc sp=0x000000ea2adfd938 mode 2

Classes loaded (20 events):
Event: 20.053 Loading class java/time/DateTimeException done
Event: 20.053 Loading class java/time/format/DateTimeParseException done
Event: 20.058 Loading class java/time/zone/ZoneRulesProvider
Event: 20.059 Loading class java/time/zone/ZoneRulesProvider done
Event: 20.059 Loading class java/time/zone/ZoneRulesProvider$1
Event: 20.059 Loading class java/time/zone/ZoneRulesProvider$1 done
Event: 20.059 Loading class java/time/zone/TzdbZoneRulesProvider
Event: 20.059 Loading class java/time/zone/TzdbZoneRulesProvider done
Event: 20.067 Loading class java/time/zone/Ser
Event: 20.067 Loading class java/io/Externalizable
Event: 20.067 Loading class java/io/Externalizable done
Event: 20.067 Loading class java/time/zone/Ser done
Event: 20.070 Loading class java/time/zone/ZoneOffsetTransition
Event: 20.074 Loading class java/time/zone/ZoneOffsetTransition done
Event: 20.097 Loading class jdk/internal/reflect/MethodHandleBooleanFieldAccessorImpl
Event: 20.098 Loading class jdk/internal/reflect/MethodHandleBooleanFieldAccessorImpl done
Event: 20.157 Loading class java/lang/Character$UnicodeBlock
Event: 20.164 Loading class java/lang/Character$Subset
Event: 20.164 Loading class java/lang/Character$Subset done
Event: 20.166 Loading class java/lang/Character$UnicodeBlock done

Classes unloaded (0 events):
No events

Classes redefined (0 events):
No events

Internal exceptions (20 events):
Event: 14.018 Thread 0x000002b4caf79490 Exception <a 'java/lang/NoSuchMethodError'{0x00000000c5a5f7e8}: 'java.lang.Object java.lang.invoke.DirectMethodHandle$Holder.invokeSpecial(java.lang.Object, java.lang.Object, java.lang.Object, int, java.lang.Object)'> (0x00000000c5a5f7e8) 
thrown [s\open\src\hotspot\share\interpreter\linkResolver.cpp, line 796]
Event: 14.026 Thread 0x000002b4caf79490 Implicit null exception at 0x000002b4db1e163d to 0x000002b4db1e1774
Event: 14.029 Thread 0x000002b4caf79490 Exception <a 'java/lang/NoSuchMethodError'{0x00000000c5a887e8}: 'java.lang.Object java.lang.invoke.Invokers$Holder.invokeExact_MT(java.lang.Object, int, java.lang.Object)'> (0x00000000c5a887e8) 
thrown [s\open\src\hotspot\share\interpreter\linkResolver.cpp, line 796]
Event: 15.191 Thread 0x000002b4caf79490 Exception <a 'java/lang/NoSuchMethodError'{0x00000000c50b2da0}: 'void java.lang.invoke.Invokers$Holder.invokeExact_MT(java.lang.Object, java.lang.Object, java.lang.Object, java.lang.Object)'> (0x00000000c50b2da0) 
thrown [s\open\src\hotspot\share\interpreter\linkResolver.cpp, line 796]
Event: 15.240 Thread 0x000002b4caf79490 Exception <a 'java/lang/NoClassDefFoundError'{0x00000000c4f44c88}: com/google/inject/servlet/ServletModuleTargetVisitor> (0x00000000c4f44c88) 
thrown [s\open\src\hotspot\share\classfile\systemDictionary.cpp, line 302]
Event: 15.587 Thread 0x000002b4caf79490 Exception <a 'java/lang/NoSuchMethodError'{0x00000000c6701458}: 'void java.lang.invoke.DirectMethodHandle$Holder.invokeVirtual(java.lang.Object, java.lang.Object)'> (0x00000000c6701458) 
thrown [s\open\src\hotspot\share\interpreter\linkResolver.cpp, line 796]
Event: 15.735 Thread 0x000002b4caf79490 Exception <a 'java/lang/NoSuchMethodError'{0x00000000c6790f78}: 'java.lang.Object java.lang.invoke.DirectMethodHandle$Holder.invokeStaticInit(java.lang.Object, int, int, int, int)'> (0x00000000c6790f78) 
thrown [s\open\src\hotspot\share\interpreter\linkResolver.cpp, line 796]
Event: 16.372 Thread 0x000002b4caf79490 Exception <a 'java/lang/NoSuchMethodError'{0x00000000c6229fe0}: 'void java.lang.invoke.DirectMethodHandle$Holder.invokeSpecial(java.lang.Object, java.lang.Object, java.lang.Object, java.lang.Object, java.lang.Object)'> (0x00000000c6229fe0) 
thrown [s\open\src\hotspot\share\interpreter\linkResolver.cpp, line 796]
Event: 16.379 Thread 0x000002b4caf79490 Exception <a 'java/lang/NoSuchMethodError'{0x00000000c6244188}: 'java.lang.Object java.lang.invoke.DirectMethodHandle$Holder.invokeVirtual(java.lang.Object, java.lang.Object, java.lang.Object)'> (0x00000000c6244188) 
thrown [s\open\src\hotspot\share\interpreter\linkResolver.cpp, line 796]
Event: 16.386 Thread 0x000002b4caf79490 Exception <a 'java/lang/NoSuchMethodError'{0x00000000c62515f0}: 'void java.lang.invoke.DirectMethodHandle$Holder.invokeSpecial(java.lang.Object, java.lang.Object, java.lang.Object, java.lang.Object, java.lang.Object, java.lang.Object)'> (0x00000000c62515f0) 
thrown [s\open\src\hotspot\share\interpreter\linkResolver.cpp, line 796]
Event: 16.520 Thread 0x000002b4caf79490 Exception <a 'java/lang/NoSuchMethodError'{0x00000000c61e57b0}: 'void java.lang.invoke.DirectMethodHandle$Holder.invokeVirtual(java.lang.Object, java.lang.Object, int)'> (0x00000000c61e57b0) 
thrown [s\open\src\hotspot\share\interpreter\linkResolver.cpp, line 796]
Event: 16.521 Thread 0x000002b4caf79490 Exception <a 'java/lang/NoSuchMethodError'{0x00000000c61e9818}: 'void java.lang.invoke.DirectMethodHandle$Holder.invokeSpecial(java.lang.Object, java.lang.Object, java.lang.Object, int)'> (0x00000000c61e9818) 
thrown [s\open\src\hotspot\share\interpreter\linkResolver.cpp, line 796]
Event: 16.524 Thread 0x000002b4caf79490 Exception <a 'java/lang/NoSuchMethodError'{0x00000000c61ecf00}: 'void java.lang.invoke.DelegatingMethodHandle$Holder.reinvoke_L(java.lang.Object, java.lang.Object, int)'> (0x00000000c61ecf00) 
thrown [s\open\src\hotspot\share\interpreter\linkResolver.cpp, line 796]
Event: 18.608 Thread 0x000002b4caf79490 Implicit null exception at 0x000002b4db2114e8 to 0x000002b4db2116d8
Event: 18.608 Thread 0x000002b4caf79490 Implicit null exception at 0x000002b4db2799fe to 0x000002b4db27b440
Event: 18.608 Thread 0x000002b4caf79490 Implicit null exception at 0x000002b4db211ee8 to 0x000002b4db2120c4
Event: 18.608 Thread 0x000002b4caf79490 Implicit null exception at 0x000002b4db270279 to 0x000002b4db270b64
Event: 18.800 Thread 0x000002b4caf79490 Exception <a 'java/lang/NoSuchMethodError'{0x00000000c562a970}: 'java.lang.Object java.lang.invoke.DirectMethodHandle$Holder.newInvokeSpecial(java.lang.Object, java.lang.Object, java.lang.Object, java.lang.Object, java.lang.Object, java.lang.Object, java.lang.Object)'> (0x00000000c562a970) 
thrown [s\open\src\hotspot\share\interpreter\linkResolver.cpp, line 796]
Event: 19.999 Thread 0x000002b4caf79490 Exception <a 'java/lang/NoSuchMethodError'{0x00000000c49fa1f8}: 'int java.lang.invoke.DirectMethodHandle$Holder.invokeVirtual(java.lang.Object, java.lang.Object)'> (0x00000000c49fa1f8) 
thrown [s\open\src\hotspot\share\interpreter\linkResolver.cpp, line 796]
Event: 20.102 Thread 0x000002b4caf79490 Exception <a 'java/lang/NoSuchMethodError'{0x00000000c6822630}: 'void java.lang.invoke.Invokers$Holder.invokeExact_MT(java.lang.Object, java.lang.Object, int, java.lang.Object)'> (0x00000000c6822630) 
thrown [s\open\src\hotspot\share\interpreter\linkResolver.cpp, line 796]

VM Operations (20 events):
Event: 14.568 Executing VM operation: HandshakeAllThreads (Deoptimize)
Event: 14.568 Executing VM operation: HandshakeAllThreads (Deoptimize) done
Event: 15.174 Executing VM operation: HandshakeAllThreads (Deoptimize)
Event: 15.174 Executing VM operation: HandshakeAllThreads (Deoptimize) done
Event: 15.313 Executing VM operation: G1CollectForAllocation (G1 Evacuation Pause)
Event: 15.328 Executing VM operation: G1CollectForAllocation (G1 Evacuation Pause) done
Event: 15.652 Executing VM operation: HandshakeAllThreads (Deoptimize)
Event: 15.652 Executing VM operation: HandshakeAllThreads (Deoptimize) done
Event: 15.803 Executing VM operation: HandshakeAllThreads (Deoptimize)
Event: 15.803 Executing VM operation: HandshakeAllThreads (Deoptimize) done
Event: 16.099 Executing VM operation: HandshakeAllThreads (Deoptimize)
Event: 16.099 Executing VM operation: HandshakeAllThreads (Deoptimize) done
Event: 16.303 Executing VM operation: HandshakeAllThreads (Deoptimize)
Event: 16.303 Executing VM operation: HandshakeAllThreads (Deoptimize) done
Event: 16.305 Executing VM operation: HandshakeAllThreads (Deoptimize)
Event: 16.305 Executing VM operation: HandshakeAllThreads (Deoptimize) done
Event: 20.000 Executing VM operation: G1CollectForAllocation (G1 Evacuation Pause)
Event: 20.018 Executing VM operation: G1CollectForAllocation (G1 Evacuation Pause) done
Event: 20.099 Executing VM operation: HandshakeAllThreads (Deoptimize)
Event: 20.099 Executing VM operation: HandshakeAllThreads (Deoptimize) done

Memory protections (0 events):
No events

Nmethod flushes (0 events):
No events

Events (12 events):
Event: 0.059 Thread 0x000002b4caf79490 Thread added: 0x000002b4caf79490
Event: 0.089 Thread 0x000002b4caf79490 Thread added: 0x000002b4c112f8a0
Event: 0.089 Thread 0x000002b4caf79490 Thread added: 0x000002b4c1132e80
Event: 0.089 Thread 0x000002b4caf79490 Thread added: 0x000002b4c1137870
Event: 0.089 Thread 0x000002b4caf79490 Thread added: 0x000002b4c11382d0
Event: 0.089 Thread 0x000002b4caf79490 Thread added: 0x000002b4c1138d30
Event: 0.089 Thread 0x000002b4caf79490 Thread added: 0x000002b4c1139790
Event: 0.090 Thread 0x000002b4caf79490 Thread added: 0x000002b4c113c530
Event: 0.092 Thread 0x000002b4caf79490 Thread added: 0x000002b4c115b010
Event: 0.248 Thread 0x000002b4caf79490 Thread added: 0x000002b4c13f7530
Event: 0.258 Thread 0x000002b4caf79490 Thread added: 0x000002b4c14023d0
Event: 1.575 Thread 0x000002b4caf79490 Thread added: 0x000002b4c17786a0


Dynamic libraries:
0x00007ff6b2170000 - 0x00007ff6b2180000 	C:\Program Files\Java\jdk-23\bin\java.exe
0x00007ffa83080000 - 0x00007ffa832e8000 	C:\Windows\SYSTEM32\ntdll.dll
0x00007ffa81cd0000 - 0x00007ffa81d99000 	C:\Windows\System32\KERNEL32.DLL
0x00007ffa80210000 - 0x00007ffa80602000 	C:\Windows\System32\KERNELBASE.dll
0x00007ffa80980000 - 0x00007ffa80acb000 	C:\Windows\System32\ucrtbase.dll
0x00007ffa60040000 - 0x00007ffa60057000 	C:\Program Files\Java\jdk-23\bin\jli.dll
0x00007ffa80e50000 - 0x00007ffa81015000 	C:\Windows\System32\USER32.dll
0x00007ffa808b0000 - 0x00007ffa808d7000 	C:\Windows\System32\win32u.dll
0x00007ffa81250000 - 0x00007ffa8127b000 	C:\Windows\System32\GDI32.dll
0x00007ffa80780000 - 0x00007ffa808ad000 	C:\Windows\System32\gdi32full.dll
0x00007ffa80b60000 - 0x00007ffa80c03000 	C:\Windows\System32\msvcp_win.dll
0x00007ffa66f20000 - 0x00007ffa66f3b000 	C:\Program Files\Java\jdk-23\bin\VCRUNTIME140.dll
0x00007ffa6e580000 - 0x00007ffa6e813000 	C:\Windows\WinSxS\amd64_microsoft.windows.common-controls_6595b64144ccf1df_6.0.26100.6725_none_3e085828e334708b\COMCTL32.dll
0x00007ffa81f00000 - 0x00007ffa81fa9000 	C:\Windows\System32\msvcrt.dll
0x00007ffa81da0000 - 0x00007ffa81dcf000 	C:\Windows\System32\IMM32.DLL
0x00007ffa6d8f0000 - 0x00007ffa6d8fc000 	C:\Program Files\Java\jdk-23\bin\vcruntime140_1.dll
0x00007ffa4f2a0000 - 0x00007ffa4f32e000 	C:\Program Files\Java\jdk-23\bin\msvcp140.dll
0x00007ffa1e1c0000 - 0x00007ffa1ef10000 	C:\Program Files\Java\jdk-23\bin\server\jvm.dll
0x00007ffa81360000 - 0x00007ffa81414000 	C:\Windows\System32\ADVAPI32.dll
0x00007ffa81560000 - 0x00007ffa81606000 	C:\Windows\System32\sechost.dll
0x00007ffa82e20000 - 0x00007ffa82f38000 	C:\Windows\System32\RPCRT4.dll
0x00007ffa81de0000 - 0x00007ffa81e54000 	C:\Windows\System32\WS2_32.dll
0x00007ffa7ffc0000 - 0x00007ffa8001e000 	C:\Windows\SYSTEM32\POWRPROF.dll
0x00007ffa69f80000 - 0x00007ffa69fb5000 	C:\Windows\SYSTEM32\WINMM.dll
0x00007ffa6d0b0000 - 0x00007ffa6d0bb000 	C:\Windows\SYSTEM32\VERSION.dll
0x00007ffa7feb0000 - 0x00007ffa7fec4000 	C:\Windows\SYSTEM32\UMPDC.dll
0x00007ffa7efe0000 - 0x00007ffa7effb000 	C:\Windows\SYSTEM32\kernel.appcore.dll
0x00007ffa67a00000 - 0x00007ffa67a0a000 	C:\Program Files\Java\jdk-23\bin\jimage.dll
0x00007ffa7d950000 - 0x00007ffa7db92000 	C:\Windows\SYSTEM32\DBGHELP.DLL
0x00007ffa81780000 - 0x00007ffa81afb000 	C:\Windows\System32\combase.dll
0x00007ffa81280000 - 0x00007ffa81357000 	C:\Windows\System32\OLEAUT32.dll
0x00007ffa62340000 - 0x00007ffa6237c000 	C:\Windows\SYSTEM32\dbgcore.DLL
0x00007ffa808e0000 - 0x00007ffa80978000 	C:\Windows\System32\bcryptPrimitives.dll
0x00007ffa62200000 - 0x00007ffa6221e000 	C:\Program Files\Java\jdk-23\bin\java.dll
0x00007ffa82c80000 - 0x00007ffa82e18000 	C:\Windows\System32\ole32.dll
0x00007ffa82450000 - 0x00007ffa82b9c000 	C:\Windows\System32\SHELL32.dll
0x00007ffa80610000 - 0x00007ffa8077b000 	C:\Windows\System32\wintypes.dll
0x00007ffa7dea0000 - 0x00007ffa7e6fd000 	C:\Windows\SYSTEM32\windows.storage.dll
0x00007ffa82f40000 - 0x00007ffa83032000 	C:\Windows\System32\SHCORE.dll
0x00007ffa81b00000 - 0x00007ffa81b62000 	C:\Windows\System32\shlwapi.dll
0x00007ffa80130000 - 0x00007ffa80159000 	C:\Windows\SYSTEM32\profapi.dll
0x00007ffa4f910000 - 0x00007ffa4f9e7000 	C:\Program Files\Java\jdk-23\bin\jsvml.dll
0x00007ffa66f80000 - 0x00007ffa66f90000 	C:\Program Files\Java\jdk-23\bin\net.dll
0x00007ffa7f550000 - 0x00007ffa7f5bb000 	C:\Windows\system32\mswsock.dll
0x00007ffa621c0000 - 0x00007ffa621d6000 	C:\Program Files\Java\jdk-23\bin\nio.dll
0x00007ffa60300000 - 0x00007ffa60317000 	C:\Program Files\Java\jdk-23\bin\zip.dll
0x00007ffa67040000 - 0x00007ffa67064000 	C:\Program Files\NetBeans-25\netbeans\java\maven\lib\jansi-native\Windows\x86_64\jansi.dll
0x00007ffa62450000 - 0x00007ffa62460000 	C:\Program Files\Java\jdk-23\bin\verify.dll

dbghelp: loaded successfully - version: 4.0.5 - missing functions: none
symbol engine: initialized successfully - sym options: 0x614 - pdb path: .;C:\Program Files\Java\jdk-23\bin;C:\Windows\SYSTEM32;C:\Windows\WinSxS\amd64_microsoft.windows.common-controls_6595b64144ccf1df_6.0.26100.6725_none_3e085828e334708b;C:\Program Files\Java\jdk-23\bin\server;C:\Program Files\NetBeans-25\netbeans\java\maven\lib\jansi-native\Windows\x86_64

VM Arguments:
jvm_args: -Dclassworlds.conf=C:\Program Files\NetBeans-25\netbeans\java\maven\bin\m2.conf -Dmaven.home=C:\Program Files\NetBeans-25\netbeans\java\maven -Dlibrary.jansi.path=C:\Program Files\NetBeans-25\netbeans\java\maven\lib\jansi-native -Dmaven.multiModuleProjectDirectory=C:\Users\manga\Documents\NetBeansProjects\CourseEnrolmentSystem 
java_command: org.codehaus.plexus.classworlds.launcher.Launcher -Dexec.vmArgs= -Dexec.args=${exec.vmArgs} -classpath %classpath ${exec.mainClass} ${exec.appArgs} -Dexec.executable=C:\Program Files\Java\jdk-23\bin\java.exe -Dexec.mainClass=za.ac.cput.courseenrolmentsystem.SystemGUI.ServerGui -Dexec.classpathScope=runtime -Dexec.appArgs= -Dmaven.ext.class.path=C:\Program Files\NetBeans-25\netbeans\java\maven-nblib\netbeans-eventspy.jar --no-transfer-progress process-classes org.codehaus.mojo:exec-maven-plugin:3.1.0:exec
java_class_path (initial): C:\Program Files\NetBeans-25\netbeans\java\maven\boot\plexus-classworlds-2.8.0.jar
Launcher Type: SUN_STANDARD

[Global flags]
     intx CICompilerCount                          = 2                                         {product} {ergonomic}
     uint ConcGCThreads                            = 1                                         {product} {ergonomic}
     uint G1ConcRefinementThreads                  = 2                                         {product} {ergonomic}
   size_t G1HeapRegionSize                         = 1048576                                   {product} {ergonomic}
   size_t InitialHeapSize                          = 65011712                                  {product} {ergonomic}
   size_t MarkStackSize                            = 4194304                                   {product} {ergonomic}
   size_t MarkStackSizeMax                         = 536870912                                 {product} {ergonomic}
   size_t MaxHeapSize                              = 1027604480                                {product} {ergonomic}
   size_t MaxNewSize                               = 616562688                                 {product} {ergonomic}
   size_t MinHeapDeltaBytes                        = 1048576                                   {product} {ergonomic}
   size_t MinHeapSize                              = 8388608                                   {product} {ergonomic}
    uintx NonNMethodCodeHeapSize                   = 5767168                                {pd product} {ergonomic}
    uintx NonProfiledCodeHeapSize                  = 123011072                              {pd product} {ergonomic}
    uintx ProfiledCodeHeapSize                     = 122880000                              {pd product} {ergonomic}
    uintx ReservedCodeCacheSize                    = 251658240                              {pd product} {ergonomic}
     bool SegmentedCodeCache                       = true                                      {product} {ergonomic}
   size_t SoftMaxHeapSize                          = 1027604480                             {manageable} {ergonomic}
     bool UseCompressedOops                        = true                           {product lp64_product} {ergonomic}
     bool UseG1GC                                  = true                                      {product} {ergonomic}
     bool UseLargePagesIndividualAllocation        = false                                  {pd product} {ergonomic}

Logging:
Log output configuration:
 #0: stdout all=warning uptime,level,tags foldmultilines=false
 #1: stderr all=off uptime,level,tags foldmultilines=false

Environment Variables:
JAVA_HOME=C:\Program Files\Java\jdk-23
PATH=C:\Program Files\Common Files\Oracle\Java\javapath;C:\Windows\system32;C:\Windows;C:\Windows\System32\Wbem;C:\Windows\System32\WindowsPowerShell\v1.0\;C:\Windows\System32\OpenSSH\;C:\Program Files\MySQL\MySQL Shell 8.0\bin\;C:\Users\manga\AppData\Local\Microsoft\WindowsApps;C:\Users\manga\AppData\Local\Programs\Microsoft VS Code\bin
USERNAME=manga
OS=Windows_NT
PROCESSOR_IDENTIFIER=Intel64 Family 6 Model 122 Stepping 8, GenuineIntel
TMP=C:\Users\manga\AppData\Local\Temp
TEMP=C:\Users\manga\AppData\Local\Temp




Periodic native trim disabled

---------------  S Y S T E M  ---------------

OS:
 Windows 11 , 64 bit Build 26100 (10.0.26100.6725)
OS uptime: 5 days 1:46 hours

CPU: total 2 (initial active 2) (2 cores per cpu, 1 threads per core) family 6 model 122 stepping 8 microcode 0x1c, cx8, cmov, fxsr, mmx, 3dnowpref, sse, sse2, sse3, ssse3, sse4.1, sse4.2, popcnt, tsc, tscinvbit, aes, erms, clmul, sha, clflush, clflushopt, rdtscp, rdpid
Processor Information for the first 2 processors :
  Max Mhz: 1101, Current Mhz: 1101, Mhz Limit: 1101

Memory: 4k page, system-wide physical 3918M (219M free)
TotalPageFile size 15694M (AvailPageFile size 20M)
current process WorkingSet (physical memory assigned to process): 133M, peak: 136M
current process commit charge ("private bytes"): 182M, peak: 184M

vm_info: Java HotSpot(TM) 64-Bit Server VM (23.0.2+7-58) for windows-amd64 JRE (23.0.2+7-58), built on 2024-11-29T09:34:55Z with MS VC++ 17.6 (VS2022)

END.
