#
# There is insufficient memory for the Java Runtime Environment to continue.
# Native memory allocation (mmap) failed to map 65536 bytes. Error detail: Failed to commit metaspace.
# Possible reasons:
#   The system is out of physical RAM or swap space
#   This process is running with CompressedOops enabled, and the Java Heap may be blocking the growth of the native heap
# Possible solutions:
#   Reduce memory load on the system
#   Increase physical memory or swap space
#   Check if swap backing store is full
#   Decrease Java heap size (-Xmx/-Xms)
#   Decrease number of Java threads
#   Decrease Java thread stack sizes (-Xss)
#   Set larger code cache with -XX:ReservedCodeCacheSize=
#   JVM is running with Unscaled Compressed Oops mode in which the Java heap is
#     placed in the first 4GB address space. The Java Heap base address is the
#     maximum limit for the native heap growth. Please use -XX:HeapBaseMinAddress
#     to set the Java Heap base and to place the Java Heap above 4GB virtual address.
# This output file may be truncated or incomplete.
#
#  Out of Memory Error (virtualSpaceNode.cpp:113), pid=15540, tid=2572
#
# JRE version: Java(TM) SE Runtime Environment (23.0.2+7) (build 23.0.2+7-58)
# Java VM: Java HotSpot(TM) 64-Bit Server VM (23.0.2+7-58, mixed mode, sharing, tiered, compressed oops, compressed class ptrs, g1 gc, windows-amd64)
# No core dump will be written. Minidumps are not enabled by default on client versions of Windows
#

---------------  S U M M A R Y ------------

Command Line: za.ac.cput.courseenrolmentsystem.CourseEnrolmentSystem

Host: Intel(R) Celeron(R) N4020 CPU @ 1.10GHz, 2 cores, 3G,  Windows 11 , 64 bit Build 26100 (10.0.26100.6725)
Time: Wed Oct  8 19:52:35 2025 South Africa Standard Time elapsed time: 2.587000 seconds (0d 0h 0m 2s)

---------------  T H R E A D  ---------------

Current thread (0x000002835e2a2390):  JavaThread "main"             [_thread_in_vm, id=2572, stack(0x0000008bd1300000,0x0000008bd1400000) (1024K)]

Stack: [0x0000008bd1300000,0x0000008bd1400000]
Native frames: (J=compiled Java code, j=interpreted, Vv=VM code, C=native code)
V  [jvm.dll+0x6e0b99]  (no source info available)
V  [jvm.dll+0x87e2b3]  (no source info available)
V  [jvm.dll+0x88073e]  (no source info available)
V  [jvm.dll+0x880e13]  (no source info available)
V  [jvm.dll+0x27b006]  (no source info available)
V  [jvm.dll+0x879ebe]  (no source info available)
V  [jvm.dll+0x6822f5]  (no source info available)
V  [jvm.dll+0x68235a]  (no source info available)
V  [jvm.dll+0x684b9a]  (no source info available)
V  [jvm.dll+0x221aec]  (no source info available)
V  [jvm.dll+0x682d0e]  (no source info available)
V  [jvm.dll+0x266480]  (no source info available)
V  [jvm.dll+0x212ac7]  (no source info available)
V  [jvm.dll+0x20822e]  (no source info available)
V  [jvm.dll+0x5be93f]  (no source info available)
V  [jvm.dll+0x219c3b]  (no source info available)
V  [jvm.dll+0x7f3670]  (no source info available)
V  [jvm.dll+0x7f4716]  (no source info available)
V  [jvm.dll+0x7f4d24]  (no source info available)
V  [jvm.dll+0x7f49a8]  (no source info available)
V  [jvm.dll+0x268acb]  (no source info available)
V  [jvm.dll+0x268cf6]  (no source info available)
V  [jvm.dll+0x5e20e7]  (no source info available)
V  [jvm.dll+0x5e5196]  (no source info available)
V  [jvm.dll+0x3d5dbd]  (no source info available)
V  [jvm.dll+0x3d53bd]  (no source info available)
C  0x0000028370399b0e  (no source info available)

The last pc belongs to invokestatic (printed below).
Java frames: (J=compiled Java code, j=interpreted, Vv=VM code)
j  java.awt.Image.<clinit>()V+28 java.desktop@23.0.2
v  ~StubRoutines::call_stub 0x0000028370380fd5
j  sun.awt.windows.WToolkit.initIDs()V+0 java.desktop@23.0.2
j  sun.awt.windows.WToolkit.<clinit>()V+20 java.desktop@23.0.2
v  ~StubRoutines::call_stub 0x0000028370380fd5
j  sun.awt.PlatformGraphicsInfo.createToolkit()Ljava/awt/Toolkit;+0 java.desktop@23.0.2
j  java.awt.Toolkit.getDefaultToolkit()Ljava/awt/Toolkit;+6 java.desktop@23.0.2
j  javax.swing.UIManager.<clinit>()V+100 java.desktop@23.0.2
v  ~StubRoutines::call_stub 0x0000028370380fd5
j  javax.swing.JOptionPane.updateUI()V+2 java.desktop@23.0.2
j  javax.swing.JOptionPane.<init>(Ljava/lang/Object;IILjavax/swing/Icon;[Ljava/lang/Object;Ljava/lang/Object;)V+67 java.desktop@23.0.2
j  javax.swing.JOptionPane.showOptionDialog(Ljava/awt/Component;Ljava/lang/Object;Ljava/lang/String;IILjavax/swing/Icon;[Ljava/lang/Object;Ljava/lang/Object;)I+14 java.desktop@23.0.2
j  javax.swing.JOptionPane.showMessageDialog(Ljava/awt/Component;Ljava/lang/Object;Ljava/lang/String;ILjavax/swing/Icon;)V+9 java.desktop@23.0.2
j  javax.swing.JOptionPane.showMessageDialog(Ljava/awt/Component;Ljava/lang/Object;Ljava/lang/String;I)V+5 java.desktop@23.0.2
j  ServerSide.Server.<init>()V+16
j  za.ac.cput.courseenrolmentsystem.CourseEnrolmentSystem.main([Ljava/lang/String;)V+4
v  ~StubRoutines::call_stub 0x0000028370380fd5
Lock stack of current Java thread (top to bottom):
LockStack[0]: java.lang.Class 
{0x00000000c62c3180} - klass: 'java/lang/Class'
 - ---- fields (total size 18 words):
 - private volatile transient 'classRedefinedCount' 'I' @12  0 (0x00000000)
 - injected 'klass' 'J' @16  2761681229776 (0x00000283010757d0)
 - injected 'array_klass' 'J' @24  0 (0x0000000000000000)
 - injected 'oop_size' 'I' @32  18 (0x00000012)
 - injected 'static_oop_field_count' 'I' @36  4 (0x00000004)
 - private volatile transient 'cachedConstructor' 'Ljava/lang/reflect/Constructor;' @40  null (0x00000000)
 - private transient 'name' 'Ljava/lang/String;' @44  null (0x00000000)
 - private transient 'module' 'Ljava/lang/Module;' @48  a 'java/lang/Module'{0x00000000c628df30} (0xc628df30)
 - private final 'classLoader' 'Ljava/lang/ClassLoader;' @52  null (0x00000000)
 - private transient 'classData' 'Ljava/lang/Object;' @56  null (0x00000000)
 - private transient 'packageName' 'Ljava/lang/String;' @60  null (0x00000000)
 - private final 'componentType' 'Ljava/lang/Class;' @64  null (0x00000000)
 - private volatile transient 'reflectionData' 'Ljava/lang/ref/SoftReference;' @68  null (0x00000000)
 - private volatile transient 'genericInfo' 'Lsun/reflect/generics/repository/ClassRepository;' @72  null (0x00000000)
 - private volatile transient 'enumConstants' '[Ljava/lang/Object;' @76  null (0x00000000)
 - private volatile transient 'enumConstantDirectory' 'Ljava/util/Map;' @80  null (0x00000000)
 - private volatile transient 'annotationData' 'Ljava/lang/Class$AnnotationData;' @84  null (0x00000000)
 - private volatile transient 'annotationType' 'Lsun/reflect/annotation/AnnotationType;' @88  null (0x00000000)
 - transient 'classValueMap' 'Ljava/lang/ClassValue$ClassValueMap;' @92  null (0x00000000)
 - injected 'protection_domain' 'Ljava/lang/Object;' @96  null (0x00000000)
 - injected 'signers_name' 'Ljava/lang/Object;' @100  null (0x00000000)
 - injected 'source_file' 'Ljava/lang/Object;' @104  null (0x00000000)
 - injected '<init_lock>' 'Ljava/lang/Object;' @108  null (0x00000000)
 - signature: Ljava/awt/Toolkit;
 - ---- static fields (4):
 - private static 'toolkit' 'Ljava/awt/Toolkit;' @112  null (0x00000000)
 - private static 'atNames' 'Ljava/lang/String;' @116  null (0x00000000)
 - private static 'resources' 'Ljava/util/ResourceBundle;' @120  a 'sun/awt/resources/awt'{0x00000000c62c0ab8} (0xc62c0ab8)
 - private static 'platformResources' 'Ljava/util/ResourceBundle;' @124  null (0x00000000)
 - private static 'loaded' 'Z' @140  true (0x01)
 - private static final 'LONG_BITS' 'I' @136  64 (0x00000040)
 - private static volatile 'enabledOnToolkitMask' 'J' @128  0 (0x0000000000000000)
 - static final synthetic '$assertionsDisabled' 'Z' @141  true (0x01)

invokestatic  184 invokestatic  [0x0000028370399a60, 0x0000028370399d38]  728 bytes
[MachCode]
  0x0000028370399a60: 4883 ec08 | f30f 1104 | 24eb 1f48 | 83ec 10f2 | 0f11 0424 | eb14 4883 | ec10 4889 | 0424 48c7 
  0x0000028370399a80: 4424 0800 | 0000 00eb | 0150 488b | 4dd0 410f | b755 0148 | 8b49 306b | d218 488d | 4c11 080f 
  0x0000028370399aa0: b659 1681 | fbb8 0000 | 000f 84b7 | 0000 00bb | b800 0000 | e805 0000 | 00e9 9300 | 0000 488b 
  0x0000028370399ac0: d348 8d44 | 2408 4c89 | 6dc0 498b | cf49 89af | b003 0000 | 4989 87a0 | 0300 0048 | 83ec 2040 
  0x0000028370399ae0: f6c4 0f0f | 8419 0000 | 0048 83ec | 0848 b850 | 5359 1efa | 7f00 00ff | d048 83c4 | 08e9 0c00 
  0x0000028370399b00: 0000 48b8 | 5053 591e | fa7f 0000 | ffd0 4883 | c420 49c7 | 87a0 0300 | 0000 0000 | 0049 c787 
  0x0000028370399b20: b003 0000 | 0000 0000 | 49c7 87a8 | 0300 0000 | 0000 0049 | 837f 0800 | 0f84 0500 | 0000 e97d 
  0x0000028370399b40: 73fe ff4c | 8b6d c04c | 8b75 c84e | 8d74 f500 | c348 8b4d | d041 0fb7 | 5501 488b | 4930 6bd2 
  0x0000028370399b60: 1848 8d4c | 1108 488b | 1948 8b5b | 0848 8b5b | 0848 8b5b | 1880 bb31 | 0100 0004 | 0f84 0d00 
  0x0000028370399b80: 0000 4c3b | bb38 0100 | 000f 8520 | ffff ff0f | b651 1548 | 8b19 4c89 | 6dc0 448b | ea0f b651 
  0x0000028370399ba0: 1449 bae0 | 44e4 1efa | 7f00 0049 | 8b14 d252 | 418b d54c | 8b6d c048 | 8b45 d848 | 85c0 0f84 
  0x0000028370399bc0: 1200 0000 | 4883 4008 | 0148 8358 | 0800 4883 | c010 4889 | 45d8 488b | 45d8 4885 | c00f 843d 
  0x0000028370399be0: 0100 0080 | 78f0 0a0f | 8533 0100 | 0048 83c0 | 084c 8b68 | f841 83ed | 0041 83fd | 020f 8c12 
  0x0000028370399c00: 0100 004c | 8b6b 0845 | 0fb7 6d2e | 4c2b 2841 | 83ed 014e | 8b6c ec08 | 4d85 ed75 | 0ef6 4008 
  0x0000028370399c20: 0175 58f0 | 4883 4808 | 01eb 5045 | 8b6d 0849 | ba00 0000 | 0083 0200 | 004d 03ea | 4d8b d54c 
  0x0000028370399c40: 3368 0849 | f7c5 fcff | ffff 742f | 41f6 c502 | 7529 4883 | 7808 0074 | 1e48 8378 | 0801 7417 
  0x0000028370399c60: 4d8b ea4c | 3368 0849 | f7c5 fcff | ffff 740b | 4883 4808 | 02eb 044c | 8968 0848 | 83c0 104c 
  0x0000028370399c80: 8b68 e841 | 83ed 0241 | 83fd 020f | 8c84 0000 | 004c 8b6b | 0845 0fb7 | 6d2e 4c2b | 2841 83ed 
  0x0000028370399ca0: 014e 8b6c | ec08 4d85 | ed75 0ef6 | 4008 0175 | 58f0 4883 | 4808 01eb | 5045 8b6d | 0849 ba00 
  0x0000028370399cc0: 0000 0083 | 0200 004d | 03ea 4d8b | d54c 3368 | 0849 f7c5 | fcff ffff | 742f 41f6 | c502 7529 
  0x0000028370399ce0: 4883 7808 | 0074 1e48 | 8378 0801 | 7417 4d8b | ea4c 3368 | 0849 f7c5 | fcff ffff | 740b 4883 
  0x0000028370399d00: 4808 02eb | 044c 8968 | 0848 83c0 | 104c 8b68 | d841 83ed | 0441 c1e5 | 0349 03c5 | 4889 45d8 
  0x0000028370399d20: 4c8d 6c24 | 0849 8bcd | 482b cd48 | c1f9 0348 | 894d f0ff | 6350 6690 
[/MachCode]

---------------  P R O C E S S  ---------------

Threads class SMR info:
_java_thread_list=0x00000283413d7380, length=11, elements={
0x000002835e2a2390, 0x000002834112b0c0, 0x0000028341130860, 0x0000028341131fe0,
0x0000028341132a40, 0x00000283411334a0, 0x0000028341133f00, 0x0000028341136ca0,
0x00000283411a57d0, 0x00000283413fa160, 0x0000028341409410
}

Java Threads: ( => current thread )
=>0x000002835e2a2390 JavaThread "main"                              [_thread_in_vm, id=2572, stack(0x0000008bd1300000,0x0000008bd1400000) (1024K)]
  0x000002834112b0c0 JavaThread "Reference Handler"          daemon [_thread_blocked, id=20288, stack(0x0000008bd1c00000,0x0000008bd1d00000) (1024K)]
  0x0000028341130860 JavaThread "Finalizer"                  daemon [_thread_blocked, id=19532, stack(0x0000008bd1d00000,0x0000008bd1e00000) (1024K)]
  0x0000028341131fe0 JavaThread "Signal Dispatcher"          daemon [_thread_blocked, id=15840, stack(0x0000008bd1e00000,0x0000008bd1f00000) (1024K)]
  0x0000028341132a40 JavaThread "Attach Listener"            daemon [_thread_blocked, id=2936, stack(0x0000008bd1f00000,0x0000008bd2000000) (1024K)]
  0x00000283411334a0 JavaThread "Service Thread"             daemon [_thread_blocked, id=20744, stack(0x0000008bd2000000,0x0000008bd2100000) (1024K)]
  0x0000028341133f00 JavaThread "Monitor Deflation Thread"   daemon [_thread_blocked, id=18632, stack(0x0000008bd2100000,0x0000008bd2200000) (1024K)]
  0x0000028341136ca0 JavaThread "C2 CompilerThread0"         daemon [_thread_blocked, id=18476, stack(0x0000008bd2200000,0x0000008bd2300000) (1024K)]
  0x00000283411a57d0 JavaThread "C1 CompilerThread0"         daemon [_thread_blocked, id=2080, stack(0x0000008bd2300000,0x0000008bd2400000) (1024K)]
  0x00000283413fa160 JavaThread "Notification Thread"        daemon [_thread_blocked, id=19356, stack(0x0000008bd2400000,0x0000008bd2500000) (1024K)]
  0x0000028341409410 JavaThread "Common-Cleaner"             daemon [_thread_blocked, id=10320, stack(0x0000008bd2500000,0x0000008bd2600000) (1024K)]
Total: 11

Other Threads:
  0x00000283607c2730 VMThread "VM Thread"                           [id=3856, stack(0x0000008bd1b00000,0x0000008bd1c00000) (1024K)]
  0x00000283607b0900 WatcherThread "VM Periodic Task Thread"        [id=19120, stack(0x0000008bd1a00000,0x0000008bd1b00000) (1024K)]
  0x0000028360742cf0 WorkerThread "GC Thread#0"                     [id=15148, stack(0x0000008bd1500000,0x0000008bd1600000) (1024K)]
  0x00000283416ec750 WorkerThread "GC Thread#1"                     [id=1744, stack(0x0000008bd2600000,0x0000008bd2700000) (1024K)]
  0x000002836074d660 ConcurrentGCThread "G1 Main Marker"            [id=20060, stack(0x0000008bd1600000,0x0000008bd1700000) (1024K)]
  0x000002836074eff0 WorkerThread "G1 Conc#0"                       [id=14104, stack(0x0000008bd1700000,0x0000008bd1800000) (1024K)]
  0x000002836079c9f0 ConcurrentGCThread "G1 Refine#0"               [id=3048, stack(0x0000008bd1800000,0x0000008bd1900000) (1024K)]
  0x000002836079f2a0 ConcurrentGCThread "G1 Service"                [id=20976, stack(0x0000008bd1900000,0x0000008bd1a00000) (1024K)]
Total: 8

Threads with active compile tasks:
Total: 0

VM state: not at safepoint (normal execution)

VM Mutex/Monitor currently owned by a thread:  ([mutex/lock_event])
[0x00007ffa1ee32888] Metaspace_lock - owner thread: 0x000002835e2a2390

Heap address: 0x00000000c2c00000, size: 980 MB, Compressed Oops mode: 32-bit

CDS archive(s) mapped at: [0x0000028300000000-0x0000028300d70000-0x0000028300d70000), size 14090240, SharedBaseAddress: 0x0000028300000000, ArchiveRelocationMode: 1.
Compressed class space mapped at: 0x0000028301000000-0x0000028341000000, reserved size: 1073741824
Narrow klass base: 0x0000028300000000, Narrow klass shift: 0, Narrow klass range: 0x41000000

GC Precious Log:
 CardTable entry size: 512
 Card Set container configuration: InlinePtr #cards 5 size 8 Array Of Cards #cards 10 size 36 Howl #buckets 4 coarsen threshold 1843 Howl Bitmap #cards 512 size 80 coarsen threshold 460 Card regions per heap region 1 cards per card region 2048
 CPUs: 2 total, 2 available
 Memory: 3918M
 Large Page Support: Disabled
 NUMA Support: Disabled
 Compressed Oops: Enabled (32-bit)
 Heap Region Size: 1M
 Heap Min Capacity: 8M
 Heap Initial Capacity: 62M
 Heap Max Capacity: 980M
 Pre-touch: Disabled
 Parallel Workers: 2
 Concurrent Workers: 1
 Concurrent Refinement Workers: 2
 Periodic GC: Disabled

Heap:
 garbage-first heap   total reserved 1003520K, committed 63488K, used 1858K [0x00000000c2c00000, 0x0000000100000000)
  region size 1024K, 2 young (2048K), 1 survivors (1024K)
 Metaspace       used 5418K, committed 5696K, reserved 1114112K
  class space    used 529K, committed 704K, reserved 1048576K

Heap Regions: E=young(eden), S=young(survivor), O=old, HS=humongous(starts), HC=humongous(continues), CS=collection set, F=free, TAMS=top-at-mark-start, PB=parsable bottom
|   0|0x00000000c2c00000, 0x00000000c2cd0810, 0x00000000c2d00000| 81%| O|  |TAMS 0x00000000c2c00000| PB 0x00000000c2c00000| Untracked |  0
|   1|0x00000000c2d00000, 0x00000000c2d00000, 0x00000000c2e00000|  0%| F|  |TAMS 0x00000000c2d00000| PB 0x00000000c2d00000| Untracked |  0
|   2|0x00000000c2e00000, 0x00000000c2e00000, 0x00000000c2f00000|  0%| F|  |TAMS 0x00000000c2e00000| PB 0x00000000c2e00000| Untracked |  0
|   3|0x00000000c2f00000, 0x00000000c2f00000, 0x00000000c3000000|  0%| F|  |TAMS 0x00000000c2f00000| PB 0x00000000c2f00000| Untracked |  0
|   4|0x00000000c3000000, 0x00000000c3000000, 0x00000000c3100000|  0%| F|  |TAMS 0x00000000c3000000| PB 0x00000000c3000000| Untracked |  0
|   5|0x00000000c3100000, 0x00000000c3100000, 0x00000000c3200000|  0%| F|  |TAMS 0x00000000c3100000| PB 0x00000000c3100000| Untracked |  0
|   6|0x00000000c3200000, 0x00000000c3200000, 0x00000000c3300000|  0%| F|  |TAMS 0x00000000c3200000| PB 0x00000000c3200000| Untracked |  0
|   7|0x00000000c3300000, 0x00000000c3300000, 0x00000000c3400000|  0%| F|  |TAMS 0x00000000c3300000| PB 0x00000000c3300000| Untracked |  0
|   8|0x00000000c3400000, 0x00000000c3400000, 0x00000000c3500000|  0%| F|  |TAMS 0x00000000c3400000| PB 0x00000000c3400000| Untracked |  0
|   9|0x00000000c3500000, 0x00000000c3500000, 0x00000000c3600000|  0%| F|  |TAMS 0x00000000c3500000| PB 0x00000000c3500000| Untracked |  0
|  10|0x00000000c3600000, 0x00000000c3600000, 0x00000000c3700000|  0%| F|  |TAMS 0x00000000c3600000| PB 0x00000000c3600000| Untracked |  0
|  11|0x00000000c3700000, 0x00000000c3700000, 0x00000000c3800000|  0%| F|  |TAMS 0x00000000c3700000| PB 0x00000000c3700000| Untracked |  0
|  12|0x00000000c3800000, 0x00000000c3800000, 0x00000000c3900000|  0%| F|  |TAMS 0x00000000c3800000| PB 0x00000000c3800000| Untracked |  0
|  13|0x00000000c3900000, 0x00000000c3900000, 0x00000000c3a00000|  0%| F|  |TAMS 0x00000000c3900000| PB 0x00000000c3900000| Untracked |  0
|  14|0x00000000c3a00000, 0x00000000c3a00000, 0x00000000c3b00000|  0%| F|  |TAMS 0x00000000c3a00000| PB 0x00000000c3a00000| Untracked |  0
|  15|0x00000000c3b00000, 0x00000000c3b00000, 0x00000000c3c00000|  0%| F|  |TAMS 0x00000000c3b00000| PB 0x00000000c3b00000| Untracked |  0
|  16|0x00000000c3c00000, 0x00000000c3c00000, 0x00000000c3d00000|  0%| F|  |TAMS 0x00000000c3c00000| PB 0x00000000c3c00000| Untracked |  0
|  17|0x00000000c3d00000, 0x00000000c3d00000, 0x00000000c3e00000|  0%| F|  |TAMS 0x00000000c3d00000| PB 0x00000000c3d00000| Untracked |  0
|  18|0x00000000c3e00000, 0x00000000c3e00000, 0x00000000c3f00000|  0%| F|  |TAMS 0x00000000c3e00000| PB 0x00000000c3e00000| Untracked |  0
|  19|0x00000000c3f00000, 0x00000000c3f00000, 0x00000000c4000000|  0%| F|  |TAMS 0x00000000c3f00000| PB 0x00000000c3f00000| Untracked |  0
|  20|0x00000000c4000000, 0x00000000c4000000, 0x00000000c4100000|  0%| F|  |TAMS 0x00000000c4000000| PB 0x00000000c4000000| Untracked |  0
|  21|0x00000000c4100000, 0x00000000c4100000, 0x00000000c4200000|  0%| F|  |TAMS 0x00000000c4100000| PB 0x00000000c4100000| Untracked |  0
|  22|0x00000000c4200000, 0x00000000c4200000, 0x00000000c4300000|  0%| F|  |TAMS 0x00000000c4200000| PB 0x00000000c4200000| Untracked |  0
|  23|0x00000000c4300000, 0x00000000c4300000, 0x00000000c4400000|  0%| F|  |TAMS 0x00000000c4300000| PB 0x00000000c4300000| Untracked |  0
|  24|0x00000000c4400000, 0x00000000c4400000, 0x00000000c4500000|  0%| F|  |TAMS 0x00000000c4400000| PB 0x00000000c4400000| Untracked |  0
|  25|0x00000000c4500000, 0x00000000c4500000, 0x00000000c4600000|  0%| F|  |TAMS 0x00000000c4500000| PB 0x00000000c4500000| Untracked |  0
|  26|0x00000000c4600000, 0x00000000c4600000, 0x00000000c4700000|  0%| F|  |TAMS 0x00000000c4600000| PB 0x00000000c4600000| Untracked |  0
|  27|0x00000000c4700000, 0x00000000c4700000, 0x00000000c4800000|  0%| F|  |TAMS 0x00000000c4700000| PB 0x00000000c4700000| Untracked |  0
|  28|0x00000000c4800000, 0x00000000c4800000, 0x00000000c4900000|  0%| F|  |TAMS 0x00000000c4800000| PB 0x00000000c4800000| Untracked |  0
|  29|0x00000000c4900000, 0x00000000c4900000, 0x00000000c4a00000|  0%| F|  |TAMS 0x00000000c4900000| PB 0x00000000c4900000| Untracked |  0
|  30|0x00000000c4a00000, 0x00000000c4a00000, 0x00000000c4b00000|  0%| F|  |TAMS 0x00000000c4a00000| PB 0x00000000c4a00000| Untracked |  0
|  31|0x00000000c4b00000, 0x00000000c4b00000, 0x00000000c4c00000|  0%| F|  |TAMS 0x00000000c4b00000| PB 0x00000000c4b00000| Untracked |  0
|  32|0x00000000c4c00000, 0x00000000c4c00000, 0x00000000c4d00000|  0%| F|  |TAMS 0x00000000c4c00000| PB 0x00000000c4c00000| Untracked |  0
|  33|0x00000000c4d00000, 0x00000000c4d00000, 0x00000000c4e00000|  0%| F|  |TAMS 0x00000000c4d00000| PB 0x00000000c4d00000| Untracked |  0
|  34|0x00000000c4e00000, 0x00000000c4e00000, 0x00000000c4f00000|  0%| F|  |TAMS 0x00000000c4e00000| PB 0x00000000c4e00000| Untracked |  0
|  35|0x00000000c4f00000, 0x00000000c4f00000, 0x00000000c5000000|  0%| F|  |TAMS 0x00000000c4f00000| PB 0x00000000c4f00000| Untracked |  0
|  36|0x00000000c5000000, 0x00000000c5000000, 0x00000000c5100000|  0%| F|  |TAMS 0x00000000c5000000| PB 0x00000000c5000000| Untracked |  0
|  37|0x00000000c5100000, 0x00000000c5100000, 0x00000000c5200000|  0%| F|  |TAMS 0x00000000c5100000| PB 0x00000000c5100000| Untracked |  0
|  38|0x00000000c5200000, 0x00000000c5200000, 0x00000000c5300000|  0%| F|  |TAMS 0x00000000c5200000| PB 0x00000000c5200000| Untracked |  0
|  39|0x00000000c5300000, 0x00000000c5300000, 0x00000000c5400000|  0%| F|  |TAMS 0x00000000c5300000| PB 0x00000000c5300000| Untracked |  0
|  40|0x00000000c5400000, 0x00000000c5400000, 0x00000000c5500000|  0%| F|  |TAMS 0x00000000c5400000| PB 0x00000000c5400000| Untracked |  0
|  41|0x00000000c5500000, 0x00000000c5500000, 0x00000000c5600000|  0%| F|  |TAMS 0x00000000c5500000| PB 0x00000000c5500000| Untracked |  0
|  42|0x00000000c5600000, 0x00000000c5600000, 0x00000000c5700000|  0%| F|  |TAMS 0x00000000c5600000| PB 0x00000000c5600000| Untracked |  0
|  43|0x00000000c5700000, 0x00000000c5700000, 0x00000000c5800000|  0%| F|  |TAMS 0x00000000c5700000| PB 0x00000000c5700000| Untracked |  0
|  44|0x00000000c5800000, 0x00000000c5800000, 0x00000000c5900000|  0%| F|  |TAMS 0x00000000c5800000| PB 0x00000000c5800000| Untracked |  0
|  45|0x00000000c5900000, 0x00000000c5900000, 0x00000000c5a00000|  0%| F|  |TAMS 0x00000000c5900000| PB 0x00000000c5900000| Untracked |  0
|  46|0x00000000c5a00000, 0x00000000c5a00000, 0x00000000c5b00000|  0%| F|  |TAMS 0x00000000c5a00000| PB 0x00000000c5a00000| Untracked |  0
|  47|0x00000000c5b00000, 0x00000000c5b00000, 0x00000000c5c00000|  0%| F|  |TAMS 0x00000000c5b00000| PB 0x00000000c5b00000| Untracked |  0
|  48|0x00000000c5c00000, 0x00000000c5c00000, 0x00000000c5d00000|  0%| F|  |TAMS 0x00000000c5c00000| PB 0x00000000c5c00000| Untracked |  0
|  49|0x00000000c5d00000, 0x00000000c5d00000, 0x00000000c5e00000|  0%| F|  |TAMS 0x00000000c5d00000| PB 0x00000000c5d00000| Untracked |  0
|  50|0x00000000c5e00000, 0x00000000c5e00000, 0x00000000c5f00000|  0%| F|  |TAMS 0x00000000c5e00000| PB 0x00000000c5e00000| Untracked |  0
|  51|0x00000000c5f00000, 0x00000000c5f00000, 0x00000000c6000000|  0%| F|  |TAMS 0x00000000c5f00000| PB 0x00000000c5f00000| Untracked |  0
|  52|0x00000000c6000000, 0x00000000c6000000, 0x00000000c6100000|  0%| F|  |TAMS 0x00000000c6000000| PB 0x00000000c6000000| Untracked |  0
|  53|0x00000000c6100000, 0x00000000c6100000, 0x00000000c6200000|  0%| F|  |TAMS 0x00000000c6100000| PB 0x00000000c6100000| Untracked |  0
|  54|0x00000000c6200000, 0x00000000c6300000, 0x00000000c6300000|100%| S|CS|TAMS 0x00000000c6200000| PB 0x00000000c6200000| Complete |  0
|  55|0x00000000c6300000, 0x00000000c6300000, 0x00000000c6400000|  0%| F|  |TAMS 0x00000000c6300000| PB 0x00000000c6300000| Untracked |  0
|  56|0x00000000c6400000, 0x00000000c6400000, 0x00000000c6500000|  0%| F|  |TAMS 0x00000000c6400000| PB 0x00000000c6400000| Untracked |  0
|  57|0x00000000c6500000, 0x00000000c6500000, 0x00000000c6600000|  0%| F|  |TAMS 0x00000000c6500000| PB 0x00000000c6500000| Untracked |  0
|  58|0x00000000c6600000, 0x00000000c6600000, 0x00000000c6700000|  0%| F|  |TAMS 0x00000000c6600000| PB 0x00000000c6600000| Untracked |  0
|  59|0x00000000c6700000, 0x00000000c6700000, 0x00000000c6800000|  0%| F|  |TAMS 0x00000000c6700000| PB 0x00000000c6700000| Untracked |  0
|  60|0x00000000c6800000, 0x00000000c6800000, 0x00000000c6900000|  0%| F|  |TAMS 0x00000000c6800000| PB 0x00000000c6800000| Untracked |  0
|  61|0x00000000c6900000, 0x00000000c6942950, 0x00000000c6a00000| 26%| E|  |TAMS 0x00000000c6900000| PB 0x00000000c6900000| Complete |  0

Card table byte_map: [0x00000283604c0000,0x00000283606b0000] _byte_map_base: 0x000002835feaa000

Marking Bits: (CMBitMap*) 0x0000028360743400
 Bits: [0x0000028377e50000, 0x0000028378da0000)

Polling page: 0x000002835e4f0000

Metaspace:

Usage:
  Non-class:      4.77 MB used.
      Class:    529.20 KB used.
       Both:      5.29 MB used.

Virtual space:
  Non-class space:       64.00 MB reserved,       4.88 MB (  8%) committed,  1 nodes.
      Class space:        1.00 GB reserved,     704.00 KB ( <1%) committed,  1 nodes.
             Both:        1.06 GB reserved,       5.56 MB ( <1%) committed. 

Chunk freelists:
   Non-Class:  10.42 MB
       Class:  15.24 MB
        Both:  25.66 MB

MaxMetaspaceSize: unlimited
CompressedClassSpaceSize: 1.00 GB
Initial GC threshold: 21.00 MB
Current GC threshold: 21.00 MB
CDS: on
 - commit_granule_bytes: 65536.
 - commit_granule_words: 8192.
 - virtual_space_node_default_size: 8388608.
 - enlarge_chunks_in_place: 1.
 - use_allocation_guard: 0.


Internal statistics:

num_allocs_failed_limit: 0.
num_arena_births: 136.
num_arena_deaths: 0.
num_vsnodes_births: 2.
num_vsnodes_deaths: 0.
num_space_committed: 89.
num_space_uncommitted: 0.
num_chunks_returned_to_freelist: 0.
num_chunks_taken_from_freelist: 243.
num_chunk_merges: 0.
num_chunk_splits: 152.
num_chunks_enlarged: 81.
num_inconsistent_stats: 0.

CodeHeap 'non-profiled nmethods': size=120128Kb used=201Kb max_used=201Kb free=119926Kb
 bounds [0x0000028370900000, 0x0000028370b70000, 0x0000028377e50000]
CodeHeap 'profiled nmethods': size=120000Kb used=729Kb max_used=729Kb free=119270Kb
 bounds [0x0000028368e50000, 0x00000283690c0000, 0x0000028370380000]
CodeHeap 'non-nmethods': size=5632Kb used=1459Kb max_used=1459Kb free=4172Kb
 bounds [0x0000028370380000, 0x00000283705f0000, 0x0000028370900000]
CodeCache: size=245760Kb, used=2389Kb, max_used=2389Kb, free=243368Kb
 total_blobs=1214, nmethods=657, adapters=464, full_count=0
Compilation: enabled, stopped_count=0, restarted_count=0

Compilation events (20 events):
Event: 2.545 Thread 0x00000283411a57d0  642       3       java.lang.invoke.LambdaForm$NamedFunction::intrinsicName (21 bytes)
Event: 2.545 Thread 0x00000283411a57d0 nmethod 642 0x0000028368f02008 code [0x0000028368f02140, 0x0000028368f02388]
Event: 2.545 Thread 0x00000283411a57d0  643       3       java.lang.invoke.LambdaForm$NamedFunction::member (26 bytes)
Event: 2.545 Thread 0x00000283411a57d0 nmethod 643 0x0000028368f02408 code [0x0000028368f02520, 0x0000028368f02640]
Event: 2.545 Thread 0x00000283411a57d0  645       3       java.lang.invoke.MemberName::ensureTypeVisible (180 bytes)
Event: 2.547 Thread 0x00000283411a57d0 nmethod 645 0x0000028368f02708 code [0x0000028368f02ae0, 0x0000028368f046a0]
Event: 2.547 Thread 0x00000283411a57d0  651       3       java.lang.StringConcatHelper::checkOverflow (17 bytes)
Event: 2.547 Thread 0x00000283411a57d0 nmethod 651 0x0000028368f04788 code [0x0000028368f048c0, 0x0000028368f04a90]
Event: 2.547 Thread 0x00000283411a57d0  647       3       jdk.internal.org.objectweb.asm.Type::getDescriptor (93 bytes)
Event: 2.547 Thread 0x00000283411a57d0 nmethod 647 0x0000028368f04b08 code [0x0000028368f04ce0, 0x0000028368f05420]
Event: 2.547 Thread 0x00000283411a57d0  648       3       jdk.internal.org.objectweb.asm.MethodWriter::visitAbstractType (8 bytes)
Event: 2.548 Thread 0x00000283411a57d0 nmethod 648 0x0000028368f05488 code [0x0000028368f055a0, 0x0000028368f056d8]
Event: 2.556 Thread 0x00000283411a57d0  653       3       java.lang.String::<init> (74 bytes)
Event: 2.556 Thread 0x00000283411a57d0 nmethod 653 0x0000028368f05788 code [0x0000028368f05900, 0x0000028368f05eb0]
Event: 2.556 Thread 0x00000283411a57d0  654       1       java.util.concurrent.locks.AbstractOwnableSynchronizer::getExclusiveOwnerThread (5 bytes)
Event: 2.557 Thread 0x00000283411a57d0 nmethod 654 0x0000028370932108 code [0x0000028370932220, 0x00000283709322e8]
Event: 2.561 Thread 0x00000283411a57d0  655       3       java.lang.invoke.MethodType::basicType (8 bytes)
Event: 2.561 Thread 0x00000283411a57d0 nmethod 655 0x0000028368f05f08 code [0x0000028368f06020, 0x0000028368f06150]
Event: 2.571 Thread 0x00000283411a57d0  656       3       java.lang.reflect.Modifier::isPublic (12 bytes)
Event: 2.571 Thread 0x00000283411a57d0 nmethod 656 0x0000028368f06208 code [0x0000028368f06320, 0x0000028368f06458]

GC Heap History (2 events):
Event: 2.522 GC heap before
{Heap before GC invocations=0 (full 0):
 garbage-first heap   total reserved 1003520K, committed 63488K, used 6144K [0x00000000c2c00000, 0x0000000100000000)
  region size 1024K, 7 young (7168K), 0 survivors (0K)
 Metaspace       used 4824K, committed 5120K, reserved 1114112K
  class space    used 463K, committed 640K, reserved 1048576K
}
Event: 2.539 GC heap after
{Heap after GC invocations=1 (full 0):
 garbage-first heap   total reserved 1003520K, committed 63488K, used 1858K [0x00000000c2c00000, 0x0000000100000000)
  region size 1024K, 1 young (1024K), 1 survivors (1024K)
 Metaspace       used 4824K, committed 5120K, reserved 1114112K
  class space    used 463K, committed 640K, reserved 1048576K
}

Dll operation events (9 events):
Event: 0.035 Loaded shared library C:\Program Files\Java\jdk-23\bin\java.dll
Event: 0.182 Loaded shared library C:\Program Files\Java\jdk-23\bin\jsvml.dll
Event: 0.525 Loaded shared library C:\Program Files\Java\jdk-23\bin\jimage.dll
Event: 0.642 Loaded shared library C:\Program Files\Java\jdk-23\bin\net.dll
Event: 0.644 Loaded shared library C:\Program Files\Java\jdk-23\bin\nio.dll
Event: 0.656 Loaded shared library C:\Program Files\Java\jdk-23\bin\zip.dll
Event: 1.947 Loaded shared library C:\Program Files\Java\jdk-23\bin\sunmscapi.dll
Event: 2.238 Loaded shared library C:\Program Files\Java\jdk-23\bin\extnet.dll
Event: 2.451 Loaded shared library C:\Program Files\Java\jdk-23\bin\awt.dll

Deoptimization events (6 events):
Event: 2.009 Thread 0x000002835e2a2390 DEOPT PACKING pc=0x0000028368e7b397 sp=0x0000008bd13fa030
Event: 2.009 Thread 0x000002835e2a2390 DEOPT UNPACKING pc=0x00000283703d4b83 sp=0x0000008bd13f94c8 mode 0
Event: 2.256 Thread 0x000002835e2a2390 Uncommon trap: trap_request=0xffffff45 fr.pc=0x00000283709217d0 relative=0x0000000000000590
Event: 2.256 Thread 0x000002835e2a2390 Uncommon trap: reason=unstable_if action=reinterpret pc=0x00000283709217d0 method=java.lang.StringLatin1.newString([BII)Ljava/lang/String; @ 1 c2
Event: 2.256 Thread 0x000002835e2a2390 DEOPT PACKING pc=0x00000283709217d0 sp=0x0000008bd13fed90
Event: 2.256 Thread 0x000002835e2a2390 DEOPT UNPACKING pc=0x00000283703d43fc sp=0x0000008bd13fecf0 mode 2

Classes loaded (20 events):
Event: 2.578 Loading class sun/java2d/pipe/DrawImage done
Event: 2.578 Loading class sun/java2d/loops/RenderCache
Event: 2.578 Loading class sun/java2d/loops/RenderCache done
Event: 2.578 Loading class sun/java2d/loops/RenderCache$Entry
Event: 2.578 Loading class sun/java2d/loops/RenderCache$Entry done
Event: 2.578 Loading class sun/awt/image/SunVolatileImage
Event: 2.579 Loading class sun/java2d/DestSurfaceProvider
Event: 2.579 Loading class sun/java2d/DestSurfaceProvider done
Event: 2.579 Loading class java/awt/image/VolatileImage
Event: 2.579 Loading class java/awt/Image
Event: 2.580 Loading class java/awt/Image done
Event: 2.580 Loading class java/awt/image/VolatileImage done
Event: 2.580 Loading class sun/awt/image/SunVolatileImage done
Event: 2.580 Loading class java/awt/ImageCapabilities
Event: 2.580 Loading class java/awt/ImageCapabilities done
Event: 2.580 Loading class java/awt/Image$1
Event: 2.580 Loading class sun/awt/image/SurfaceManager$ImageAccessor
Event: 2.580 Loading class sun/awt/image/SurfaceManager$ImageAccessor done
Event: 2.580 Loading class java/awt/Image$1 done
Event: 2.580 Loading class sun/awt/image/SurfaceManager

Classes unloaded (0 events):
No events

Classes redefined (0 events):
No events

Internal exceptions (5 events):
Event: 1.994 Thread 0x000002835e2a2390 Exception <a 'java/lang/NoSuchMethodError'{0x00000000c6666448}: 'java.lang.Object java.lang.invoke.DirectMethodHandle$Holder.invokeStaticInit(java.lang.Object, int, int, int, int)'> (0x00000000c6666448) 
thrown [s\open\src\hotspot\share\interpreter\linkResolver.cpp, line 796]
Event: 2.242 Thread 0x000002835e2a2390 Exception <a 'java/lang/NoSuchMethodError'{0x00000000c64a1b28}: 'void java.lang.invoke.DirectMethodHandle$Holder.invokeStatic(java.lang.Object, java.lang.Object)'> (0x00000000c64a1b28) 
thrown [s\open\src\hotspot\share\interpreter\linkResolver.cpp, line 796]
Event: 2.435 Thread 0x000002835e2a2390 Exception <a 'java/lang/ClassNotFoundException'{0x00000000c63973c0}: sun/awt/resources/spi/awtProvider> (0x00000000c63973c0) 
thrown [s\open\src\hotspot\share\classfile\systemDictionary.cpp, line 313]
Event: 2.456 Thread 0x000002835e2a2390 Exception <a 'java/io/FileNotFoundException'{0x00000000c63a7208}> (0x00000000c63a7208) 
thrown [s\open\src\hotspot\share\prims\jni.cpp, line 520]
Event: 2.463 Thread 0x000002835e2a2390 Exception <a 'java/io/FileNotFoundException'{0x00000000c63d1cd8}> (0x00000000c63d1cd8) 
thrown [s\open\src\hotspot\share\prims\jni.cpp, line 520]

VM Operations (8 events):
Event: 0.657 Executing VM operation: HandshakeAllThreads (Deoptimize)
Event: 0.657 Executing VM operation: HandshakeAllThreads (Deoptimize) done
Event: 2.014 Executing VM operation: HandshakeAllThreads (Deoptimize)
Event: 2.014 Executing VM operation: HandshakeAllThreads (Deoptimize) done
Event: 2.030 Executing VM operation: HandshakeAllThreads (Deoptimize)
Event: 2.030 Executing VM operation: HandshakeAllThreads (Deoptimize) done
Event: 2.522 Executing VM operation: G1CollectForAllocation (G1 Evacuation Pause)
Event: 2.539 Executing VM operation: G1CollectForAllocation (G1 Evacuation Pause) done

Memory protections (0 events):
No events

Nmethod flushes (0 events):
No events

Events (11 events):
Event: 0.111 Thread 0x000002835e2a2390 Thread added: 0x000002835e2a2390
Event: 0.177 Thread 0x000002835e2a2390 Thread added: 0x000002834112b0c0
Event: 0.177 Thread 0x000002835e2a2390 Thread added: 0x0000028341130860
Event: 0.178 Thread 0x000002835e2a2390 Thread added: 0x0000028341131fe0
Event: 0.178 Thread 0x000002835e2a2390 Thread added: 0x0000028341132a40
Event: 0.178 Thread 0x000002835e2a2390 Thread added: 0x00000283411334a0
Event: 0.179 Thread 0x000002835e2a2390 Thread added: 0x0000028341133f00
Event: 0.179 Thread 0x000002835e2a2390 Thread added: 0x0000028341136ca0
Event: 0.200 Thread 0x000002835e2a2390 Thread added: 0x00000283411a57d0
Event: 0.489 Thread 0x000002835e2a2390 Thread added: 0x00000283413fa160
Event: 0.508 Thread 0x000002835e2a2390 Thread added: 0x0000028341409410


Dynamic libraries:
0x00007ff6b2170000 - 0x00007ff6b2180000 	C:\Program Files\Java\jdk-23\bin\java.exe
0x00007ffa83080000 - 0x00007ffa832e8000 	C:\Windows\SYSTEM32\ntdll.dll
0x00007ffa81cd0000 - 0x00007ffa81d99000 	C:\Windows\System32\KERNEL32.DLL
0x00007ffa80210000 - 0x00007ffa80602000 	C:\Windows\System32\KERNELBASE.dll
0x00007ffa80980000 - 0x00007ffa80acb000 	C:\Windows\System32\ucrtbase.dll
0x00007ffa60040000 - 0x00007ffa60057000 	C:\Program Files\Java\jdk-23\bin\jli.dll
0x00007ffa80e50000 - 0x00007ffa81015000 	C:\Windows\System32\USER32.dll
0x00007ffa808b0000 - 0x00007ffa808d7000 	C:\Windows\System32\win32u.dll
0x00007ffa81250000 - 0x00007ffa8127b000 	C:\Windows\System32\GDI32.dll
0x00007ffa80780000 - 0x00007ffa808ad000 	C:\Windows\System32\gdi32full.dll
0x00007ffa80b60000 - 0x00007ffa80c03000 	C:\Windows\System32\msvcp_win.dll
0x00007ffa66f20000 - 0x00007ffa66f3b000 	C:\Program Files\Java\jdk-23\bin\VCRUNTIME140.dll
0x00007ffa6e580000 - 0x00007ffa6e813000 	C:\Windows\WinSxS\amd64_microsoft.windows.common-controls_6595b64144ccf1df_6.0.26100.6725_none_3e085828e334708b\COMCTL32.dll
0x00007ffa81f00000 - 0x00007ffa81fa9000 	C:\Windows\System32\msvcrt.dll
0x00007ffa81da0000 - 0x00007ffa81dcf000 	C:\Windows\System32\IMM32.DLL
0x00007ffa6d8f0000 - 0x00007ffa6d8fc000 	C:\Program Files\Java\jdk-23\bin\vcruntime140_1.dll
0x00007ffa4f2a0000 - 0x00007ffa4f32e000 	C:\Program Files\Java\jdk-23\bin\msvcp140.dll
0x00007ffa1e1c0000 - 0x00007ffa1ef10000 	C:\Program Files\Java\jdk-23\bin\server\jvm.dll
0x00007ffa81360000 - 0x00007ffa81414000 	C:\Windows\System32\ADVAPI32.dll
0x00007ffa81560000 - 0x00007ffa81606000 	C:\Windows\System32\sechost.dll
0x00007ffa82e20000 - 0x00007ffa82f38000 	C:\Windows\System32\RPCRT4.dll
0x00007ffa81de0000 - 0x00007ffa81e54000 	C:\Windows\System32\WS2_32.dll
0x00007ffa7ffc0000 - 0x00007ffa8001e000 	C:\Windows\SYSTEM32\POWRPROF.dll
0x00007ffa69f80000 - 0x00007ffa69fb5000 	C:\Windows\SYSTEM32\WINMM.dll
0x00007ffa6d0b0000 - 0x00007ffa6d0bb000 	C:\Windows\SYSTEM32\VERSION.dll
0x00007ffa7feb0000 - 0x00007ffa7fec4000 	C:\Windows\SYSTEM32\UMPDC.dll
0x00007ffa7efe0000 - 0x00007ffa7effb000 	C:\Windows\SYSTEM32\kernel.appcore.dll
0x00007ffa67a00000 - 0x00007ffa67a0a000 	C:\Program Files\Java\jdk-23\bin\jimage.dll
0x00007ffa7d950000 - 0x00007ffa7db92000 	C:\Windows\SYSTEM32\DBGHELP.DLL
0x00007ffa81780000 - 0x00007ffa81afb000 	C:\Windows\System32\combase.dll
0x00007ffa81280000 - 0x00007ffa81357000 	C:\Windows\System32\OLEAUT32.dll
0x00007ffa62340000 - 0x00007ffa6237c000 	C:\Windows\SYSTEM32\dbgcore.DLL
0x00007ffa808e0000 - 0x00007ffa80978000 	C:\Windows\System32\bcryptPrimitives.dll
0x00007ffa62200000 - 0x00007ffa6221e000 	C:\Program Files\Java\jdk-23\bin\java.dll
0x00007ffa82c80000 - 0x00007ffa82e18000 	C:\Windows\System32\ole32.dll
0x00007ffa82450000 - 0x00007ffa82b9c000 	C:\Windows\System32\SHELL32.dll
0x00007ffa80610000 - 0x00007ffa8077b000 	C:\Windows\System32\wintypes.dll
0x00007ffa7dea0000 - 0x00007ffa7e6fd000 	C:\Windows\SYSTEM32\windows.storage.dll
0x00007ffa82f40000 - 0x00007ffa83032000 	C:\Windows\System32\SHCORE.dll
0x00007ffa81b00000 - 0x00007ffa81b62000 	C:\Windows\System32\shlwapi.dll
0x00007ffa80130000 - 0x00007ffa80159000 	C:\Windows\SYSTEM32\profapi.dll
0x00007ffa4f910000 - 0x00007ffa4f9e7000 	C:\Program Files\Java\jdk-23\bin\jsvml.dll
0x00007ffa66f80000 - 0x00007ffa66f90000 	C:\Program Files\Java\jdk-23\bin\net.dll
0x00007ffa7f550000 - 0x00007ffa7f5bb000 	C:\Windows\system32\mswsock.dll
0x00007ffa621c0000 - 0x00007ffa621d6000 	C:\Program Files\Java\jdk-23\bin\nio.dll
0x00007ffa60300000 - 0x00007ffa60317000 	C:\Program Files\Java\jdk-23\bin\zip.dll
0x00007ffa60180000 - 0x00007ffa6018e000 	C:\Program Files\Java\jdk-23\bin\sunmscapi.dll
0x00007ffa80c10000 - 0x00007ffa80d87000 	C:\Windows\System32\CRYPT32.dll
0x00007ffa7fa20000 - 0x00007ffa7fa50000 	C:\Windows\SYSTEM32\ncrypt.dll
0x00007ffa7f9d0000 - 0x00007ffa7fa0f000 	C:\Windows\SYSTEM32\NTASN1.dll
0x00007ffa7eb90000 - 0x00007ffa7ecb6000 	C:\Windows\SYSTEM32\DNSAPI.dll
0x00007ffa7eb50000 - 0x00007ffa7eb84000 	C:\Windows\SYSTEM32\IPHLPAPI.DLL
0x00007ffa81e60000 - 0x00007ffa81e6a000 	C:\Windows\System32\NSI.dll
0x00007ffa744d0000 - 0x00007ffa744db000 	C:\Windows\System32\rasadhlp.dll
0x00007ffa6ea40000 - 0x00007ffa6eac6000 	C:\Windows\System32\fwpuclnt.dll
0x00007ffa62190000 - 0x00007ffa62199000 	C:\Program Files\Java\jdk-23\bin\extnet.dll
0x00007ffa35500000 - 0x00007ffa3568e000 	C:\Program Files\Java\jdk-23\bin\awt.dll
0x00007ffa7cfe0000 - 0x00007ffa7d07f000 	C:\Windows\SYSTEM32\apphelp.dll

dbghelp: loaded successfully - version: 4.0.5 - missing functions: none
symbol engine: initialized successfully - sym options: 0x614 - pdb path: .;C:\Program Files\Java\jdk-23\bin;C:\Windows\SYSTEM32;C:\Windows\WinSxS\amd64_microsoft.windows.common-controls_6595b64144ccf1df_6.0.26100.6725_none_3e085828e334708b;C:\Program Files\Java\jdk-23\bin\server

VM Arguments:
java_command: za.ac.cput.courseenrolmentsystem.CourseEnrolmentSystem
java_class_path (initial): C:\Users\manga\Documents\NetBeansProjects\CourseEnrolmentSystem\target\classes;C:\Users\manga\.m2\repository\org\apache\derby\derbyclient\10.17.1.0\derbyclient-10.17.1.0.jar;C:\Users\manga\.m2\repository\org\apache\derby\derbyshared\10.17.1.0\derbyshared-10.17.1.0.jar
Launcher Type: SUN_STANDARD

[Global flags]
     intx CICompilerCount                          = 2                                         {product} {ergonomic}
     uint ConcGCThreads                            = 1                                         {product} {ergonomic}
     uint G1ConcRefinementThreads                  = 2                                         {product} {ergonomic}
   size_t G1HeapRegionSize                         = 1048576                                   {product} {ergonomic}
   size_t InitialHeapSize                          = 65011712                                  {product} {ergonomic}
   size_t MarkStackSize                            = 4194304                                   {product} {ergonomic}
   size_t MarkStackSizeMax                         = 536870912                                 {product} {ergonomic}
   size_t MaxHeapSize                              = 1027604480                                {product} {ergonomic}
   size_t MaxNewSize                               = 616562688                                 {product} {ergonomic}
   size_t MinHeapDeltaBytes                        = 1048576                                   {product} {ergonomic}
   size_t MinHeapSize                              = 8388608                                   {product} {ergonomic}
    uintx NonNMethodCodeHeapSize                   = 5767168                                {pd product} {ergonomic}
    uintx NonProfiledCodeHeapSize                  = 123011072                              {pd product} {ergonomic}
    uintx ProfiledCodeHeapSize                     = 122880000                              {pd product} {ergonomic}
    uintx ReservedCodeCacheSize                    = 251658240                              {pd product} {ergonomic}
     bool SegmentedCodeCache                       = true                                      {product} {ergonomic}
   size_t SoftMaxHeapSize                          = 1027604480                             {manageable} {ergonomic}
     bool UseCompressedOops                        = true                           {product lp64_product} {ergonomic}
     bool UseG1GC                                  = true                                      {product} {ergonomic}
     bool UseLargePagesIndividualAllocation        = false                                  {pd product} {ergonomic}

Logging:
Log output configuration:
 #0: stdout all=warning uptime,level,tags foldmultilines=false
 #1: stderr all=off uptime,level,tags foldmultilines=false

Environment Variables:
JAVA_HOME=C:\Program Files\Java\jdk-23
PATH=C:\Program Files\Common Files\Oracle\Java\javapath;C:\Windows\system32;C:\Windows;C:\Windows\System32\Wbem;C:\Windows\System32\WindowsPowerShell\v1.0\;C:\Windows\System32\OpenSSH\;C:\Program Files\MySQL\MySQL Shell 8.0\bin\;C:\Users\manga\AppData\Local\Microsoft\WindowsApps;C:\Users\manga\AppData\Local\Programs\Microsoft VS Code\bin
USERNAME=manga
OS=Windows_NT
PROCESSOR_IDENTIFIER=Intel64 Family 6 Model 122 Stepping 8, GenuineIntel
TMP=C:\Users\manga\AppData\Local\Temp
TEMP=C:\Users\manga\AppData\Local\Temp




Periodic native trim disabled

---------------  S Y S T E M  ---------------

OS:
 Windows 11 , 64 bit Build 26100 (10.0.26100.6725)
OS uptime: 5 days 1:54 hours

CPU: total 2 (initial active 2) (2 cores per cpu, 1 threads per core) family 6 model 122 stepping 8 microcode 0x1c, cx8, cmov, fxsr, mmx, 3dnowpref, sse, sse2, sse3, ssse3, sse4.1, sse4.2, popcnt, tsc, tscinvbit, aes, erms, clmul, sha, clflush, clflushopt, rdtscp, rdpid
Processor Information for the first 2 processors :
  Max Mhz: 1101, Current Mhz: 1101, Mhz Limit: 1101

Memory: 4k page, system-wide physical 3918M (205M free)
TotalPageFile size 15694M (AvailPageFile size 3M)
current process WorkingSet (physical memory assigned to process): 59M, peak: 59M
current process commit charge ("private bytes"): 138M, peak: 138M

vm_info: Java HotSpot(TM) 64-Bit Server VM (23.0.2+7-58) for windows-amd64 JRE (23.0.2+7-58), built on 2024-11-29T09:34:55Z with MS VC++ 17.6 (VS2022)

END.
