#
# There is insufficient memory for the Java Runtime Environment to continue.
# Native memory allocation (malloc) failed to allocate 1282576 bytes. Error detail: Chunk::new
# Possible reasons:
#   The system is out of physical RAM or swap space
#   This process is running with CompressedOops enabled, and the Java Heap may be blocking the growth of the native heap
# Possible solutions:
#   Reduce memory load on the system
#   Increase physical memory or swap space
#   Check if swap backing store is full
#   Decrease Java heap size (-Xmx/-Xms)
#   Decrease number of Java threads
#   Decrease Java thread stack sizes (-Xss)
#   Set larger code cache with -XX:ReservedCodeCacheSize=
#   JVM is running with Unscaled Compressed Oops mode in which the Java heap is
#     placed in the first 4GB address space. The Java Heap base address is the
#     maximum limit for the native heap growth. Please use -XX:HeapBaseMinAddress
#     to set the Java Heap base and to place the Java Heap above 4GB virtual address.
# This output file may be truncated or incomplete.
#
#  Out of Memory Error (arena.cpp:149), pid=17424, tid=12680
#
# JRE version: Java(TM) SE Runtime Environment (23.0.2+7) (build 23.0.2+7-58)
# Java VM: Java HotSpot(TM) 64-Bit Server VM (23.0.2+7-58, mixed mode, sharing, tiered, compressed oops, compressed class ptrs, g1 gc, windows-amd64)
# No core dump will be written. Minidumps are not enabled by default on client versions of Windows
#

---------------  S U M M A R Y ------------

Command Line: -Dclassworlds.conf=C:\Program Files\NetBeans-25\netbeans\java\maven\bin\m2.conf -Dmaven.home=C:\Program Files\NetBeans-25\netbeans\java\maven -Dlibrary.jansi.path=C:\Program Files\NetBeans-25\netbeans\java\maven\lib\jansi-native -Dmaven.multiModuleProjectDirectory=C:\Users\manga\Documents\NetBeansProjects\CourseEnrolmentSystem org.codehaus.plexus.classworlds.launcher.Launcher -Dexec.vmArgs= -Dexec.args=${exec.vmArgs} -classpath %classpath ${exec.mainClass} ${exec.appArgs} -Dexec.executable=C:\Program Files\Java\jdk-23\bin\java.exe -Dexec.mainClass=za.ac.cput.courseenrolmentsystem.SystemGUI.AdminLogin -Dexec.classpathScope=runtime -Dexec.appArgs= -Dmaven.ext.class.path=C:\Program Files\NetBeans-25\netbeans\java\maven-nblib\netbeans-eventspy.jar --no-transfer-progress process-classes org.codehaus.mojo:exec-maven-plugin:3.1.0:exec

Host: Intel(R) Celeron(R) N4020 CPU @ 1.10GHz, 2 cores, 3G,  Windows 11 , 64 bit Build 26100 (10.0.26100.6725)
Time: Tue Oct 14 05:33:13 2025 South Africa Standard Time elapsed time: 19.040848 seconds (0d 0h 0m 19s)

---------------  T H R E A D  ---------------

Current thread (0x00000299d59ba010):  JavaThread "C2 CompilerThread0" daemon [_thread_in_native, id=12680, stack(0x000000faa4a00000,0x000000faa4b00000) (1024K)]


Current CompileTask:
C2:19041 4356   !   4       jdk.internal.loader.BuiltinClassLoader::loadClassOrNull (143 bytes)

Stack: [0x000000faa4a00000,0x000000faa4b00000]
Native frames: (J=compiled Java code, j=interpreted, Vv=VM code, C=native code)
V  [jvm.dll+0x6e0b99]  (no source info available)
V  [jvm.dll+0x87e2b3]  (no source info available)
V  [jvm.dll+0x88073e]  (no source info available)
V  [jvm.dll+0x880e13]  (no source info available)
V  [jvm.dll+0x27b006]  (no source info available)
V  [jvm.dll+0xbc06f]  (no source info available)
V  [jvm.dll+0xbc2cb]  (no source info available)
V  [jvm.dll+0x3b3c22]  (no source info available)
V  [jvm.dll+0x38a55b]  (no source info available)
V  [jvm.dll+0x3899ca]  (no source info available)
V  [jvm.dll+0x244ba1]  (no source info available)
V  [jvm.dll+0x243eff]  (no source info available)
V  [jvm.dll+0x1c34b0]  (no source info available)
V  [jvm.dll+0x253df1]  (no source info available)
V  [jvm.dll+0x2520aa]  (no source info available)
V  [jvm.dll+0x3ee226]  (no source info available)
V  [jvm.dll+0x8254cb]  (no source info available)
V  [jvm.dll+0x6df345]  (no source info available)
C  [ucrtbase.dll+0x37b0]  (no source info available)
C  [KERNEL32.DLL+0x2e8d7]  (no source info available)
C  [ntdll.dll+0x8c53c]  (no source info available)

Lock stack of current Java thread (top to bottom):


---------------  P R O C E S S  ---------------

Threads class SMR info:
_java_thread_list=0x0000029a1c0a7e40, length=11, elements={
0x00000299bafc9490, 0x00000299d59ad380, 0x00000299d59b0960, 0x00000299d59b5350,
0x00000299d59b5db0, 0x00000299d59b6810, 0x00000299d59b7270, 0x00000299d59ba010,
0x00000299d5a20850, 0x00000299d5c6bd60, 0x00000299d5c76fb0
}

Java Threads: ( => current thread )
  0x00000299bafc9490 JavaThread "main"                              [_thread_in_vm, id=15872, stack(0x000000faa3c00000,0x000000faa3d00000) (1024K)]
  0x00000299d59ad380 JavaThread "Reference Handler"          daemon [_thread_blocked, id=7268, stack(0x000000faa4400000,0x000000faa4500000) (1024K)]
  0x00000299d59b0960 JavaThread "Finalizer"                  daemon [_thread_blocked, id=540, stack(0x000000faa4500000,0x000000faa4600000) (1024K)]
  0x00000299d59b5350 JavaThread "Signal Dispatcher"          daemon [_thread_blocked, id=4596, stack(0x000000faa4600000,0x000000faa4700000) (1024K)]
  0x00000299d59b5db0 JavaThread "Attach Listener"            daemon [_thread_blocked, id=1564, stack(0x000000faa4700000,0x000000faa4800000) (1024K)]
  0x00000299d59b6810 JavaThread "Service Thread"             daemon [_thread_blocked, id=9200, stack(0x000000faa4800000,0x000000faa4900000) (1024K)]
  0x00000299d59b7270 JavaThread "Monitor Deflation Thread"   daemon [_thread_blocked, id=352, stack(0x000000faa4900000,0x000000faa4a00000) (1024K)]
=>0x00000299d59ba010 JavaThread "C2 CompilerThread0"         daemon [_thread_in_native, id=12680, stack(0x000000faa4a00000,0x000000faa4b00000) (1024K)]
  0x00000299d5a20850 JavaThread "C1 CompilerThread0"         daemon [_thread_blocked, id=7412, stack(0x000000faa4b00000,0x000000faa4c00000) (1024K)]
  0x00000299d5c6bd60 JavaThread "Notification Thread"        daemon [_thread_blocked, id=14052, stack(0x000000faa4c00000,0x000000faa4d00000) (1024K)]
  0x00000299d5c76fb0 JavaThread "Common-Cleaner"             daemon [_thread_blocked, id=10992, stack(0x000000faa4d00000,0x000000faa4e00000) (1024K)]
Total: 11

Other Threads:
  0x00000299bb087370 VMThread "VM Thread"                           [id=17372, stack(0x000000faa4300000,0x000000faa4400000) (1024K)]
  0x00000299d599c0d0 WatcherThread "VM Periodic Task Thread"        [id=18968, stack(0x000000faa4200000,0x000000faa4300000) (1024K)]
  0x00000299bb003850 WorkerThread "GC Thread#0"                     [id=5592, stack(0x000000faa3d00000,0x000000faa3e00000) (1024K)]
  0x0000029a1b0c5be0 WorkerThread "GC Thread#1"                     [id=10732, stack(0x000000faa4f00000,0x000000faa5000000) (1024K)]
  0x00000299bb00f0e0 ConcurrentGCThread "G1 Main Marker"            [id=17720, stack(0x000000faa3e00000,0x000000faa3f00000) (1024K)]
  0x00000299bb010a20 WorkerThread "G1 Conc#0"                       [id=12172, stack(0x000000faa3f00000,0x000000faa4000000) (1024K)]
  0x00000299bb05ccc0 ConcurrentGCThread "G1 Refine#0"               [id=10776, stack(0x000000faa4000000,0x000000faa4100000) (1024K)]
  0x00000299bb05d750 ConcurrentGCThread "G1 Service"                [id=8836, stack(0x000000faa4100000,0x000000faa4200000) (1024K)]
Total: 8

Threads with active compile tasks:
C2 CompilerThread0  19469 4356   !   4       jdk.internal.loader.BuiltinClassLoader::loadClassOrNull (143 bytes)
Total: 1

VM state: not at safepoint (normal execution)

VM Mutex/Monitor currently owned by a thread: None

Heap address: 0x00000000c2c00000, size: 980 MB, Compressed Oops mode: 32-bit

CDS archive(s) mapped at: [0x00000299d6000000-0x00000299d6d70000-0x00000299d6d70000), size 14090240, SharedBaseAddress: 0x00000299d6000000, ArchiveRelocationMode: 1.
Compressed class space mapped at: 0x00000299d7000000-0x0000029a17000000, reserved size: 1073741824
Narrow klass base: 0x00000299d6000000, Narrow klass shift: 0, Narrow klass range: 0x41000000

GC Precious Log:
 CardTable entry size: 512
 Card Set container configuration: InlinePtr #cards 5 size 8 Array Of Cards #cards 10 size 36 Howl #buckets 4 coarsen threshold 1843 Howl Bitmap #cards 512 size 80 coarsen threshold 460 Card regions per heap region 1 cards per card region 2048
 CPUs: 2 total, 2 available
 Memory: 3918M
 Large Page Support: Disabled
 NUMA Support: Disabled
 Compressed Oops: Enabled (32-bit)
 Heap Region Size: 1M
 Heap Min Capacity: 8M
 Heap Initial Capacity: 62M
 Heap Max Capacity: 980M
 Pre-touch: Disabled
 Parallel Workers: 2
 Concurrent Workers: 1
 Concurrent Refinement Workers: 2
 Periodic GC: Disabled

Heap:
 garbage-first heap   total reserved 1003520K, committed 63488K, used 19820K [0x00000000c2c00000, 0x0000000100000000)
  region size 1024K, 7 young (7168K), 5 survivors (5120K)
 Metaspace       used 24273K, committed 24576K, reserved 1114112K
  class space    used 2979K, committed 3136K, reserved 1048576K

Heap Regions: E=young(eden), S=young(survivor), O=old, HS=humongous(starts), HC=humongous(continues), CS=collection set, F=free, TAMS=top-at-mark-start, PB=parsable bottom
|   0|0x00000000c2c00000, 0x00000000c2d00000, 0x00000000c2d00000|100%| O|  |TAMS 0x00000000c2c00000| PB 0x00000000c2c00000| Untracked |  0
|   1|0x00000000c2d00000, 0x00000000c2e00000, 0x00000000c2e00000|100%| O|  |TAMS 0x00000000c2d00000| PB 0x00000000c2d00000| Untracked |  0
|   2|0x00000000c2e00000, 0x00000000c2f00000, 0x00000000c2f00000|100%| O|Cm|TAMS 0x00000000c2e00000| PB 0x00000000c2e00000| Complete |  0
|   3|0x00000000c2f00000, 0x00000000c3000000, 0x00000000c3000000|100%| O|  |TAMS 0x00000000c2f00000| PB 0x00000000c2f00000| Untracked |  0
|   4|0x00000000c3000000, 0x00000000c3100000, 0x00000000c3100000|100%| O|  |TAMS 0x00000000c3000000| PB 0x00000000c3000000| Untracked |  0
|   5|0x00000000c3100000, 0x00000000c3200000, 0x00000000c3200000|100%|HS|  |TAMS 0x00000000c3100000| PB 0x00000000c3100000| Complete |  0
|   6|0x00000000c3200000, 0x00000000c3300000, 0x00000000c3300000|100%|HC|  |TAMS 0x00000000c3200000| PB 0x00000000c3200000| Complete |  0
|   7|0x00000000c3300000, 0x00000000c3400000, 0x00000000c3400000|100%|HS|  |TAMS 0x00000000c3300000| PB 0x00000000c3300000| Complete |  0
|   8|0x00000000c3400000, 0x00000000c3500000, 0x00000000c3500000|100%|HC|  |TAMS 0x00000000c3400000| PB 0x00000000c3400000| Complete |  0
|   9|0x00000000c3500000, 0x00000000c3600000, 0x00000000c3600000|100%| O|  |TAMS 0x00000000c3500000| PB 0x00000000c3500000| Untracked |  0
|  10|0x00000000c3600000, 0x00000000c3700000, 0x00000000c3700000|100%| O|  |TAMS 0x00000000c3600000| PB 0x00000000c3600000| Untracked |  0
|  11|0x00000000c3700000, 0x00000000c3800000, 0x00000000c3800000|100%| O|  |TAMS 0x00000000c3700000| PB 0x00000000c3700000| Untracked |  0
|  12|0x00000000c3800000, 0x00000000c3900000, 0x00000000c3900000|100%| O|  |TAMS 0x00000000c3800000| PB 0x00000000c3800000| Untracked |  0
|  13|0x00000000c3900000, 0x00000000c395b340, 0x00000000c3a00000| 35%| O|  |TAMS 0x00000000c3900000| PB 0x00000000c3900000| Untracked |  0
|  14|0x00000000c3a00000, 0x00000000c3a00000, 0x00000000c3b00000|  0%| F|  |TAMS 0x00000000c3a00000| PB 0x00000000c3a00000| Untracked |  0
|  15|0x00000000c3b00000, 0x00000000c3b00000, 0x00000000c3c00000|  0%| F|  |TAMS 0x00000000c3b00000| PB 0x00000000c3b00000| Untracked |  0
|  16|0x00000000c3c00000, 0x00000000c3c00000, 0x00000000c3d00000|  0%| F|  |TAMS 0x00000000c3c00000| PB 0x00000000c3c00000| Untracked |  0
|  17|0x00000000c3d00000, 0x00000000c3d00000, 0x00000000c3e00000|  0%| F|  |TAMS 0x00000000c3d00000| PB 0x00000000c3d00000| Untracked |  0
|  18|0x00000000c3e00000, 0x00000000c3e00000, 0x00000000c3f00000|  0%| F|  |TAMS 0x00000000c3e00000| PB 0x00000000c3e00000| Untracked |  0
|  19|0x00000000c3f00000, 0x00000000c3f00000, 0x00000000c4000000|  0%| F|  |TAMS 0x00000000c3f00000| PB 0x00000000c3f00000| Untracked |  0
|  20|0x00000000c4000000, 0x00000000c4000000, 0x00000000c4100000|  0%| F|  |TAMS 0x00000000c4000000| PB 0x00000000c4000000| Untracked |  0
|  21|0x00000000c4100000, 0x00000000c4100000, 0x00000000c4200000|  0%| F|  |TAMS 0x00000000c4100000| PB 0x00000000c4100000| Untracked |  0
|  22|0x00000000c4200000, 0x00000000c4200000, 0x00000000c4300000|  0%| F|  |TAMS 0x00000000c4200000| PB 0x00000000c4200000| Untracked |  0
|  23|0x00000000c4300000, 0x00000000c4400000, 0x00000000c4400000|100%| S|CS|TAMS 0x00000000c4300000| PB 0x00000000c4300000| Complete |  0
|  24|0x00000000c4400000, 0x00000000c4400000, 0x00000000c4500000|  0%| F|  |TAMS 0x00000000c4400000| PB 0x00000000c4400000| Untracked |  0
|  25|0x00000000c4500000, 0x00000000c4500000, 0x00000000c4600000|  0%| F|  |TAMS 0x00000000c4500000| PB 0x00000000c4500000| Untracked |  0
|  26|0x00000000c4600000, 0x00000000c4600000, 0x00000000c4700000|  0%| F|  |TAMS 0x00000000c4600000| PB 0x00000000c4600000| Untracked |  0
|  27|0x00000000c4700000, 0x00000000c4700000, 0x00000000c4800000|  0%| F|  |TAMS 0x00000000c4700000| PB 0x00000000c4700000| Untracked |  0
|  28|0x00000000c4800000, 0x00000000c4800000, 0x00000000c4900000|  0%| F|  |TAMS 0x00000000c4800000| PB 0x00000000c4800000| Untracked |  0
|  29|0x00000000c4900000, 0x00000000c4a00000, 0x00000000c4a00000|100%| S|CS|TAMS 0x00000000c4900000| PB 0x00000000c4900000| Complete |  0
|  30|0x00000000c4a00000, 0x00000000c4b00000, 0x00000000c4b00000|100%| S|CS|TAMS 0x00000000c4a00000| PB 0x00000000c4a00000| Complete |  0
|  31|0x00000000c4b00000, 0x00000000c4c00000, 0x00000000c4c00000|100%| S|CS|TAMS 0x00000000c4b00000| PB 0x00000000c4b00000| Complete |  0
|  32|0x00000000c4c00000, 0x00000000c4d00000, 0x00000000c4d00000|100%| S|CS|TAMS 0x00000000c4c00000| PB 0x00000000c4c00000| Complete |  0
|  33|0x00000000c4d00000, 0x00000000c4d00000, 0x00000000c4e00000|  0%| F|  |TAMS 0x00000000c4d00000| PB 0x00000000c4d00000| Untracked |  0
|  34|0x00000000c4e00000, 0x00000000c4e00000, 0x00000000c4f00000|  0%| F|  |TAMS 0x00000000c4e00000| PB 0x00000000c4e00000| Untracked |  0
|  35|0x00000000c4f00000, 0x00000000c4f00000, 0x00000000c5000000|  0%| F|  |TAMS 0x00000000c4f00000| PB 0x00000000c4f00000| Untracked |  0
|  36|0x00000000c5000000, 0x00000000c5000000, 0x00000000c5100000|  0%| F|  |TAMS 0x00000000c5000000| PB 0x00000000c5000000| Untracked |  0
|  37|0x00000000c5100000, 0x00000000c5100000, 0x00000000c5200000|  0%| F|  |TAMS 0x00000000c5100000| PB 0x00000000c5100000| Untracked |  0
|  38|0x00000000c5200000, 0x00000000c5200000, 0x00000000c5300000|  0%| F|  |TAMS 0x00000000c5200000| PB 0x00000000c5200000| Untracked |  0
|  39|0x00000000c5300000, 0x00000000c5300000, 0x00000000c5400000|  0%| F|  |TAMS 0x00000000c5300000| PB 0x00000000c5300000| Untracked |  0
|  40|0x00000000c5400000, 0x00000000c5400000, 0x00000000c5500000|  0%| F|  |TAMS 0x00000000c5400000| PB 0x00000000c5400000| Untracked |  0
|  41|0x00000000c5500000, 0x00000000c5500000, 0x00000000c5600000|  0%| F|  |TAMS 0x00000000c5500000| PB 0x00000000c5500000| Untracked |  0
|  42|0x00000000c5600000, 0x00000000c5600000, 0x00000000c5700000|  0%| F|  |TAMS 0x00000000c5600000| PB 0x00000000c5600000| Untracked |  0
|  43|0x00000000c5700000, 0x00000000c5700000, 0x00000000c5800000|  0%| F|  |TAMS 0x00000000c5700000| PB 0x00000000c5700000| Untracked |  0
|  44|0x00000000c5800000, 0x00000000c5800000, 0x00000000c5900000|  0%| F|  |TAMS 0x00000000c5800000| PB 0x00000000c5800000| Untracked |  0
|  45|0x00000000c5900000, 0x00000000c5900000, 0x00000000c5a00000|  0%| F|  |TAMS 0x00000000c5900000| PB 0x00000000c5900000| Untracked |  0
|  46|0x00000000c5a00000, 0x00000000c5a00000, 0x00000000c5b00000|  0%| F|  |TAMS 0x00000000c5a00000| PB 0x00000000c5a00000| Untracked |  0
|  47|0x00000000c5b00000, 0x00000000c5b00000, 0x00000000c5c00000|  0%| F|  |TAMS 0x00000000c5b00000| PB 0x00000000c5b00000| Untracked |  0
|  48|0x00000000c5c00000, 0x00000000c5c00000, 0x00000000c5d00000|  0%| F|  |TAMS 0x00000000c5c00000| PB 0x00000000c5c00000| Untracked |  0
|  49|0x00000000c5d00000, 0x00000000c5d00000, 0x00000000c5e00000|  0%| F|  |TAMS 0x00000000c5d00000| PB 0x00000000c5d00000| Untracked |  0
|  50|0x00000000c5e00000, 0x00000000c5e00000, 0x00000000c5f00000|  0%| F|  |TAMS 0x00000000c5e00000| PB 0x00000000c5e00000| Untracked |  0
|  51|0x00000000c5f00000, 0x00000000c5f00000, 0x00000000c6000000|  0%| F|  |TAMS 0x00000000c5f00000| PB 0x00000000c5f00000| Untracked |  0
|  52|0x00000000c6000000, 0x00000000c6000000, 0x00000000c6100000|  0%| F|  |TAMS 0x00000000c6000000| PB 0x00000000c6000000| Untracked |  0
|  53|0x00000000c6100000, 0x00000000c6100000, 0x00000000c6200000|  0%| F|  |TAMS 0x00000000c6100000| PB 0x00000000c6100000| Untracked |  0
|  54|0x00000000c6200000, 0x00000000c6200000, 0x00000000c6300000|  0%| F|  |TAMS 0x00000000c6200000| PB 0x00000000c6200000| Untracked |  0
|  55|0x00000000c6300000, 0x00000000c6300000, 0x00000000c6400000|  0%| F|  |TAMS 0x00000000c6300000| PB 0x00000000c6300000| Untracked |  0
|  56|0x00000000c6400000, 0x00000000c6400000, 0x00000000c6500000|  0%| F|  |TAMS 0x00000000c6400000| PB 0x00000000c6400000| Untracked |  0
|  57|0x00000000c6500000, 0x00000000c6500000, 0x00000000c6600000|  0%| F|  |TAMS 0x00000000c6500000| PB 0x00000000c6500000| Untracked |  0
|  58|0x00000000c6600000, 0x00000000c6600000, 0x00000000c6700000|  0%| F|  |TAMS 0x00000000c6600000| PB 0x00000000c6600000| Untracked |  0
|  59|0x00000000c6700000, 0x00000000c6780000, 0x00000000c6800000| 50%| E|  |TAMS 0x00000000c6700000| PB 0x00000000c6700000| Complete |  0
|  60|0x00000000c6800000, 0x00000000c6900000, 0x00000000c6900000|100%| E|CS|TAMS 0x00000000c6800000| PB 0x00000000c6800000| Complete |  0
|  61|0x00000000c6900000, 0x00000000c6a00000, 0x00000000c6a00000|100%| E|CS|TAMS 0x00000000c6900000| PB 0x00000000c6900000| Complete |  0

Card table byte_map: [0x00000299bad80000,0x00000299baf70000] _byte_map_base: 0x00000299ba76a000

Marking Bits: (CMBitMap*) 0x00000299bb003e70
 Bits: [0x00000299d2710000, 0x00000299d3660000)

Polling page: 0x00000299b8e30000

Metaspace:

Usage:
  Non-class:     20.80 MB used.
      Class:      2.91 MB used.
       Both:     23.70 MB used.

Virtual space:
  Non-class space:       64.00 MB reserved,      20.94 MB ( 33%) committed,  1 nodes.
      Class space:        1.00 GB reserved,       3.06 MB ( <1%) committed,  1 nodes.
             Both:        1.06 GB reserved,      24.00 MB (  2%) committed. 

Chunk freelists:
   Non-Class:  10.69 MB
       Class:  12.92 MB
        Both:  23.61 MB

MaxMetaspaceSize: unlimited
CompressedClassSpaceSize: 1.00 GB
Initial GC threshold: 21.00 MB
Current GC threshold: 35.12 MB
CDS: on
 - commit_granule_bytes: 65536.
 - commit_granule_words: 8192.
 - virtual_space_node_default_size: 8388608.
 - enlarge_chunks_in_place: 1.
 - use_allocation_guard: 0.


Internal statistics:

num_allocs_failed_limit: 3.
num_arena_births: 244.
num_arena_deaths: 0.
num_vsnodes_births: 2.
num_vsnodes_deaths: 0.
num_space_committed: 384.
num_space_uncommitted: 0.
num_chunks_returned_to_freelist: 3.
num_chunks_taken_from_freelist: 1079.
num_chunk_merges: 3.
num_chunk_splits: 779.
num_chunks_enlarged: 618.
num_inconsistent_stats: 0.

CodeHeap 'non-profiled nmethods': size=120128Kb used=1495Kb max_used=1495Kb free=118632Kb
 bounds [0x00000299cb1c0000, 0x00000299cb430000, 0x00000299d2710000]
CodeHeap 'profiled nmethods': size=120000Kb used=6920Kb max_used=6920Kb free=113080Kb
 bounds [0x00000299c3710000, 0x00000299c3de0000, 0x00000299cac40000]
CodeHeap 'non-nmethods': size=5632Kb used=1448Kb max_used=1462Kb free=4183Kb
 bounds [0x00000299cac40000, 0x00000299caeb0000, 0x00000299cb1c0000]
CodeCache: size=245760Kb, used=9863Kb, max_used=9877Kb, free=235895Kb
 total_blobs=4984, nmethods=4440, adapters=449, full_count=0
Compilation: enabled, stopped_count=0, restarted_count=0

Compilation events (20 events):
Event: 18.744 Thread 0x00000299d5a20850 4361       3       jdk.internal.jimage.ImageLocation::decompress (116 bytes)
Event: 18.744 Thread 0x00000299d5a20850 nmethod 4361 0x00000299c3dad588 code [0x00000299c3dad780, 0x00000299c3dae250]
Event: 18.745 Thread 0x00000299d5a20850 4362       3       java.nio.MappedByteBuffer::<init> (24 bytes)
Event: 18.745 Thread 0x00000299d5a20850 nmethod 4362 0x00000299c3dae308 code [0x00000299c3dae420, 0x00000299c3dae5d0]
Event: 18.745 Thread 0x00000299d5a20850 4363   !   3       jdk.internal.jimage.BasicImageReader::getResourceBuffer (203 bytes)
Event: 18.747 Thread 0x00000299d5a20850 nmethod 4363 0x00000299c3dae608 code [0x00000299c3dae9a0, 0x00000299c3db01b8]
Event: 18.747 Thread 0x00000299d5a20850 4364       3       java.nio.DirectByteBufferR::slice (74 bytes)
Event: 18.748 Thread 0x00000299d5a20850 nmethod 4364 0x00000299c3db0288 code [0x00000299c3db03c0, 0x00000299c3db0668]
Event: 18.749 Thread 0x00000299d5a20850 4365       3       java.security.SecureClassLoader::defineClass (12 bytes)
Event: 18.749 Thread 0x00000299d5a20850 nmethod 4365 0x00000299c3db0708 code [0x00000299c3db0840, 0x00000299c3db09d8]
Event: 18.756 Thread 0x00000299d5a20850 4366       3       java.lang.invoke.MethodHandles$Lookup::checkMethodName (45 bytes)
Event: 18.757 Thread 0x00000299d5a20850 nmethod 4366 0x00000299c3db0a08 code [0x00000299c3db0bc0, 0x00000299c3db12e0]
Event: 18.906 Thread 0x00000299d5a20850 4367   !   3       jdk.internal.ref.PhantomCleanable::isListEmpty (34 bytes)
Event: 18.907 Thread 0x00000299d5a20850 nmethod 4367 0x00000299c3db1388 code [0x00000299c3db14a0, 0x00000299c3db1790]
Event: 18.907 Thread 0x00000299d5a20850 4368       3       jdk.internal.misc.InnocuousThread::eraseThreadLocals (23 bytes)
Event: 18.907 Thread 0x00000299d5a20850 nmethod 4368 0x00000299c3db1808 code [0x00000299c3db1920, 0x00000299c3db1b08]
Event: 18.907 Thread 0x00000299d5a20850 4369   !   3       java.lang.ref.ReferenceQueue::remove (61 bytes)
Event: 18.908 Thread 0x00000299d5a20850 nmethod 4369 0x00000299c3db1b88 code [0x00000299c3db1d80, 0x00000299c3db2900]
Event: 18.908 Thread 0x00000299d5a20850 4370       3       java.lang.invoke.MethodHandleNatives$CallSiteContext::run (5 bytes)
Event: 18.908 Thread 0x00000299d5a20850 nmethod 4370 0x00000299c3db2988 code [0x00000299c3db2aa0, 0x00000299c3db2bd8]

GC Heap History (14 events):
Event: 3.747 GC heap before
{Heap before GC invocations=0 (full 0):
 garbage-first heap   total reserved 1003520K, committed 63488K, used 6144K [0x00000000c2c00000, 0x0000000100000000)
  region size 1024K, 7 young (7168K), 0 survivors (0K)
 Metaspace       used 2352K, committed 2560K, reserved 1114112K
  class space    used 225K, committed 320K, reserved 1048576K
}
Event: 3.760 GC heap after
{Heap after GC invocations=1 (full 0):
 garbage-first heap   total reserved 1003520K, committed 63488K, used 2112K [0x00000000c2c00000, 0x0000000100000000)
  region size 1024K, 1 young (1024K), 1 survivors (1024K)
 Metaspace       used 2352K, committed 2560K, reserved 1114112K
  class space    used 225K, committed 320K, reserved 1048576K
}
Event: 5.045 GC heap before
{Heap before GC invocations=1 (full 0):
 garbage-first heap   total reserved 1003520K, committed 63488K, used 8256K [0x00000000c2c00000, 0x0000000100000000)
  region size 1024K, 7 young (7168K), 1 survivors (1024K)
 Metaspace       used 3934K, committed 4096K, reserved 1114112K
  class space    used 421K, committed 512K, reserved 1048576K
}
Event: 5.053 GC heap after
{Heap after GC invocations=2 (full 0):
 garbage-first heap   total reserved 1003520K, committed 63488K, used 3380K [0x00000000c2c00000, 0x0000000100000000)
  region size 1024K, 1 young (1024K), 1 survivors (1024K)
 Metaspace       used 3934K, committed 4096K, reserved 1114112K
  class space    used 421K, committed 512K, reserved 1048576K
}
Event: 7.153 GC heap before
{Heap before GC invocations=2 (full 0):
 garbage-first heap   total reserved 1003520K, committed 63488K, used 15668K [0x00000000c2c00000, 0x0000000100000000)
  region size 1024K, 13 young (13312K), 1 survivors (1024K)
 Metaspace       used 6049K, committed 6208K, reserved 1114112K
  class space    used 742K, committed 832K, reserved 1048576K
}
Event: 7.160 GC heap after
{Heap after GC invocations=3 (full 0):
 garbage-first heap   total reserved 1003520K, committed 63488K, used 4357K [0x00000000c2c00000, 0x0000000100000000)
  region size 1024K, 2 young (2048K), 2 survivors (2048K)
 Metaspace       used 6049K, committed 6208K, reserved 1114112K
  class space    used 742K, committed 832K, reserved 1048576K
}
Event: 8.947 GC heap before
{Heap before GC invocations=3 (full 0):
 garbage-first heap   total reserved 1003520K, committed 63488K, used 20741K [0x00000000c2c00000, 0x0000000100000000)
  region size 1024K, 19 young (19456K), 2 survivors (2048K)
 Metaspace       used 7795K, committed 7936K, reserved 1114112K
  class space    used 942K, committed 1024K, reserved 1048576K
}
Event: 8.954 GC heap after
{Heap after GC invocations=4 (full 0):
 garbage-first heap   total reserved 1003520K, committed 63488K, used 4936K [0x00000000c2c00000, 0x0000000100000000)
  region size 1024K, 2 young (2048K), 2 survivors (2048K)
 Metaspace       used 7795K, committed 7936K, reserved 1114112K
  class space    used 942K, committed 1024K, reserved 1048576K
}
Event: 12.782 GC heap before
{Heap before GC invocations=4 (full 0):
 garbage-first heap   total reserved 1003520K, committed 63488K, used 29512K [0x00000000c2c00000, 0x0000000100000000)
  region size 1024K, 27 young (27648K), 2 survivors (2048K)
 Metaspace       used 12687K, committed 12928K, reserved 1114112K
  class space    used 1589K, committed 1728K, reserved 1048576K
}
Event: 12.794 GC heap after
{Heap after GC invocations=5 (full 0):
 garbage-first heap   total reserved 1003520K, committed 63488K, used 6800K [0x00000000c2c00000, 0x0000000100000000)
  region size 1024K, 4 young (4096K), 4 survivors (4096K)
 Metaspace       used 12687K, committed 12928K, reserved 1114112K
  class space    used 1589K, committed 1728K, reserved 1048576K
}
Event: 16.470 GC heap before
{Heap before GC invocations=5 (full 0):
 garbage-first heap   total reserved 1003520K, committed 63488K, used 36496K [0x00000000c2c00000, 0x0000000100000000)
  region size 1024K, 33 young (33792K), 4 survivors (4096K)
 Metaspace       used 16132K, committed 16384K, reserved 1114112K
  class space    used 1977K, committed 2112K, reserved 1048576K
}
Event: 16.487 GC heap after
{Heap after GC invocations=6 (full 0):
 garbage-first heap   total reserved 1003520K, committed 63488K, used 9548K [0x00000000c2c00000, 0x0000000100000000)
  region size 1024K, 5 young (5120K), 5 survivors (5120K)
 Metaspace       used 16132K, committed 16384K, reserved 1114112K
  class space    used 1977K, committed 2112K, reserved 1048576K
}
Event: 18.847 GC heap before
{Heap before GC invocations=6 (full 0):
 garbage-first heap   total reserved 1003520K, committed 63488K, used 42316K [0x00000000c2c00000, 0x0000000100000000)
  region size 1024K, 34 young (34816K), 5 survivors (5120K)
 Metaspace       used 21263K, committed 21504K, reserved 1114112K
  class space    used 2610K, committed 2752K, reserved 1048576K
}
Event: 18.873 GC heap after
{Heap after GC invocations=7 (full 0):
 garbage-first heap   total reserved 1003520K, committed 63488K, used 18796K [0x00000000c2c00000, 0x0000000100000000)
  region size 1024K, 5 young (5120K), 5 survivors (5120K)
 Metaspace       used 21263K, committed 21504K, reserved 1114112K
  class space    used 2610K, committed 2752K, reserved 1048576K
}

Dll operation events (8 events):
Event: 0.054 Loaded shared library C:\Program Files\Java\jdk-23\bin\java.dll
Event: 0.410 Loaded shared library C:\Program Files\Java\jdk-23\bin\jsvml.dll
Event: 1.490 Loaded shared library C:\Program Files\Java\jdk-23\bin\net.dll
Event: 1.496 Loaded shared library C:\Program Files\Java\jdk-23\bin\nio.dll
Event: 1.511 Loaded shared library C:\Program Files\Java\jdk-23\bin\zip.dll
Event: 2.794 Loaded shared library C:\Program Files\NetBeans-25\netbeans\java\maven\lib\jansi-native\Windows\x86_64\jansi.dll
Event: 2.892 Loaded shared library C:\Program Files\Java\jdk-23\bin\verify.dll
Event: 2.974 Loaded shared library C:\Program Files\Java\jdk-23\bin\jimage.dll

Deoptimization events (20 events):
Event: 18.065 Thread 0x00000299bafc9490 DEOPT PACKING pc=0x00000299cb32511c sp=0x000000faa3cfcb70
Event: 18.065 Thread 0x00000299bafc9490 DEOPT UNPACKING pc=0x00000299cac943fc sp=0x000000faa3cfcad8 mode 2
Event: 18.177 Thread 0x00000299bafc9490 Uncommon trap: trap_request=0xffffff45 fr.pc=0x00000299cb326694 relative=0x00000000000000f4
Event: 18.177 Thread 0x00000299bafc9490 Uncommon trap: reason=unstable_if action=reinterpret pc=0x00000299cb326694 method=jdk.nio.zipfs.ZipConstants.pkSigAt([BIII)Z @ 5 c2
Event: 18.177 Thread 0x00000299bafc9490 DEOPT PACKING pc=0x00000299cb326694 sp=0x000000faa3cfd8d0
Event: 18.177 Thread 0x00000299bafc9490 DEOPT UNPACKING pc=0x00000299cac943fc sp=0x000000faa3cfd878 mode 2
Event: 18.283 Thread 0x00000299bafc9490 DEOPT PACKING pc=0x00000299c39b94b1 sp=0x000000faa3cfd980
Event: 18.283 Thread 0x00000299bafc9490 DEOPT UNPACKING pc=0x00000299cac94b83 sp=0x000000faa3cfcdf8 mode 0
Event: 18.287 Thread 0x00000299bafc9490 Uncommon trap: trap_request=0xffffffbe fr.pc=0x00000299cb32dc9c relative=0x000000000000027c
Event: 18.287 Thread 0x00000299bafc9490 Uncommon trap: reason=profile_predicate action=maybe_recompile pc=0x00000299cb32dc9c method=java.util.LinkedHashMap.valuesToArray([Ljava/lang/Object;Z)[Ljava/lang/Object; @ 51 c2
Event: 18.287 Thread 0x00000299bafc9490 DEOPT PACKING pc=0x00000299cb32dc9c sp=0x000000faa3cfd950
Event: 18.287 Thread 0x00000299bafc9490 DEOPT UNPACKING pc=0x00000299cac943fc sp=0x000000faa3cfd908 mode 2
Event: 18.287 Thread 0x00000299bafc9490 Uncommon trap: trap_request=0xffffffbe fr.pc=0x00000299cb32dc9c relative=0x000000000000027c
Event: 18.287 Thread 0x00000299bafc9490 Uncommon trap: reason=profile_predicate action=maybe_recompile pc=0x00000299cb32dc9c method=java.util.LinkedHashMap.valuesToArray([Ljava/lang/Object;Z)[Ljava/lang/Object; @ 51 c2
Event: 18.287 Thread 0x00000299bafc9490 DEOPT PACKING pc=0x00000299cb32dc9c sp=0x000000faa3cfd950
Event: 18.288 Thread 0x00000299bafc9490 DEOPT UNPACKING pc=0x00000299cac943fc sp=0x000000faa3cfd908 mode 2
Event: 18.675 Thread 0x00000299bafc9490 Uncommon trap: trap_request=0xffffffcc fr.pc=0x00000299cb31dfe8 relative=0x00000000000001a8
Event: 18.675 Thread 0x00000299bafc9490 Uncommon trap: reason=intrinsic_or_type_checked_inlining action=make_not_entrant pc=0x00000299cb31dfe8 method=java.util.Arrays.copyOf([Ljava/lang/Object;ILjava/lang/Class;)[Ljava/lang/Object; @ 35 c2
Event: 18.675 Thread 0x00000299bafc9490 DEOPT PACKING pc=0x00000299cb31dfe8 sp=0x000000faa3cfc930
Event: 18.675 Thread 0x00000299bafc9490 DEOPT UNPACKING pc=0x00000299cac943fc sp=0x000000faa3cfc8c0 mode 2

Classes loaded (20 events):
Event: 18.028 Loading class java/nio/file/attribute/FileOwnerAttributeView done
Event: 18.028 Loading class java/nio/file/attribute/AclFileAttributeView done
Event: 18.028 Loading class sun/nio/fs/AbstractAclFileAttributeView done
Event: 18.028 Loading class sun/nio/fs/WindowsAclFileAttributeView done
Event: 18.029 Loading class sun/nio/fs/WindowsSecurity
Event: 18.029 Loading class sun/nio/fs/WindowsSecurity done
Event: 18.034 Loading class java/nio/file/attribute/PosixFileAttributeView
Event: 18.034 Loading class java/nio/file/attribute/PosixFileAttributeView done
Event: 18.115 Loading class java/nio/file/ClosedDirectoryStreamException
Event: 18.115 Loading class java/nio/file/ClosedDirectoryStreamException done
Event: 18.115 Loading class java/nio/file/DirectoryIteratorException
Event: 18.115 Loading class java/nio/file/DirectoryIteratorException done
Event: 18.134 Loading class java/util/TreeMap$KeySpliterator
Event: 18.135 Loading class java/util/TreeMap$TreeMapSpliterator
Event: 18.140 Loading class java/util/TreeMap$TreeMapSpliterator done
Event: 18.140 Loading class java/util/TreeMap$KeySpliterator done
Event: 18.673 Loading class java/util/regex/PatternSyntaxException
Event: 18.674 Loading class java/util/regex/PatternSyntaxException done
Event: 18.674 Loading class java/time/Year
Event: 18.675 Loading class java/time/Year done

Classes unloaded (0 events):
No events

Classes redefined (0 events):
No events

Internal exceptions (20 events):
Event: 17.979 Thread 0x00000299bafc9490 Exception <a 'sun/nio/fs/WindowsException'{0x00000000c58d1278}> (0x00000000c58d1278) 
thrown [s\open\src\hotspot\share\prims\jni.cpp, line 520]
Event: 17.980 Thread 0x00000299bafc9490 Exception <a 'sun/nio/fs/WindowsException'{0x00000000c58d1980}> (0x00000000c58d1980) 
thrown [s\open\src\hotspot\share\prims\jni.cpp, line 520]
Event: 17.980 Thread 0x00000299bafc9490 Exception <a 'sun/nio/fs/WindowsException'{0x00000000c58d20a8}> (0x00000000c58d20a8) 
thrown [s\open\src\hotspot\share\prims\jni.cpp, line 520]
Event: 17.982 Thread 0x00000299bafc9490 Exception <a 'sun/nio/fs/WindowsException'{0x00000000c58df768}> (0x00000000c58df768) 
thrown [s\open\src\hotspot\share\prims\jni.cpp, line 520]
Event: 17.983 Thread 0x00000299bafc9490 Exception <a 'sun/nio/fs/WindowsException'{0x00000000c58dfe88}> (0x00000000c58dfe88) 
thrown [s\open\src\hotspot\share\prims\jni.cpp, line 520]
Event: 17.983 Thread 0x00000299bafc9490 Exception <a 'sun/nio/fs/WindowsException'{0x00000000c58e05b0}> (0x00000000c58e05b0) 
thrown [s\open\src\hotspot\share\prims\jni.cpp, line 520]
Event: 17.983 Thread 0x00000299bafc9490 Exception <a 'sun/nio/fs/WindowsException'{0x00000000c58e0cd0}> (0x00000000c58e0cd0) 
thrown [s\open\src\hotspot\share\prims\jni.cpp, line 520]
Event: 17.983 Thread 0x00000299bafc9490 Exception <a 'sun/nio/fs/WindowsException'{0x00000000c58e13d0}> (0x00000000c58e13d0) 
thrown [s\open\src\hotspot\share\prims\jni.cpp, line 520]
Event: 17.983 Thread 0x00000299bafc9490 Exception <a 'sun/nio/fs/WindowsException'{0x00000000c58e1af0}> (0x00000000c58e1af0) 
thrown [s\open\src\hotspot\share\prims\jni.cpp, line 520]
Event: 17.983 Thread 0x00000299bafc9490 Exception <a 'sun/nio/fs/WindowsException'{0x00000000c58e2210}> (0x00000000c58e2210) 
thrown [s\open\src\hotspot\share\prims\jni.cpp, line 520]
Event: 17.983 Thread 0x00000299bafc9490 Exception <a 'sun/nio/fs/WindowsException'{0x00000000c58e2ac8}> (0x00000000c58e2ac8) 
thrown [s\open\src\hotspot\share\prims\jni.cpp, line 520]
Event: 17.983 Thread 0x00000299bafc9490 Exception <a 'sun/nio/fs/WindowsException'{0x00000000c58e32e0}> (0x00000000c58e32e0) 
thrown [s\open\src\hotspot\share\prims\jni.cpp, line 520]
Event: 17.985 Thread 0x00000299bafc9490 Exception <a 'sun/nio/fs/WindowsException'{0x00000000c58e3a00}> (0x00000000c58e3a00) 
thrown [s\open\src\hotspot\share\prims\jni.cpp, line 520]
Event: 17.989 Thread 0x00000299bafc9490 Exception <a 'sun/nio/fs/WindowsException'{0x00000000c58e4128}> (0x00000000c58e4128) 
thrown [s\open\src\hotspot\share\prims\jni.cpp, line 520]
Event: 17.989 Thread 0x00000299bafc9490 Exception <a 'sun/nio/fs/WindowsException'{0x00000000c58e4848}> (0x00000000c58e4848) 
thrown [s\open\src\hotspot\share\prims\jni.cpp, line 520]
Event: 17.989 Thread 0x00000299bafc9490 Exception <a 'sun/nio/fs/WindowsException'{0x00000000c58e4f70}> (0x00000000c58e4f70) 
thrown [s\open\src\hotspot\share\prims\jni.cpp, line 520]
Event: 17.989 Thread 0x00000299bafc9490 Exception <a 'sun/nio/fs/WindowsException'{0x00000000c58e5698}> (0x00000000c58e5698) 
thrown [s\open\src\hotspot\share\prims\jni.cpp, line 520]
Event: 18.009 Thread 0x00000299bafc9490 Exception <a 'java/lang/NoSuchMethodError'{0x00000000c5702f38}: 'int java.lang.invoke.DirectMethodHandle$Holder.invokeVirtual(java.lang.Object, java.lang.Object, java.lang.Object)'> (0x00000000c5702f38) 
thrown [s\open\src\hotspot\share\interpreter\linkResolver.cpp, line 796]
Event: 18.013 Thread 0x00000299bafc9490 Exception <a 'java/lang/NoSuchMethodError'{0x00000000c570fda0}: 'int java.lang.invoke.DirectMethodHandle$Holder.invokeStaticInit(java.lang.Object, java.lang.Object, java.lang.Object)'> (0x00000000c570fda0) 
thrown [s\open\src\hotspot\share\interpreter\linkResolver.cpp, line 796]
Event: 18.699 Thread 0x00000299bafc9490 Exception <a 'sun/nio/fs/WindowsException'{0x00000000c4e54cd0}> (0x00000000c4e54cd0) 
thrown [s\open\src\hotspot\share\prims\jni.cpp, line 520]

VM Operations (20 events):
Event: 14.185 Executing VM operation: HandshakeAllThreads (Deoptimize)
Event: 14.185 Executing VM operation: HandshakeAllThreads (Deoptimize) done
Event: 16.470 Executing VM operation: G1CollectForAllocation (G1 Evacuation Pause)
Event: 16.487 Executing VM operation: G1CollectForAllocation (G1 Evacuation Pause) done
Event: 16.664 Executing VM operation: HandshakeAllThreads (Deoptimize)
Event: 16.664 Executing VM operation: HandshakeAllThreads (Deoptimize) done
Event: 17.873 Executing VM operation: HandshakeAllThreads (Deoptimize)
Event: 17.873 Executing VM operation: HandshakeAllThreads (Deoptimize) done
Event: 17.960 Executing VM operation: HandshakeAllThreads (Deoptimize)
Event: 17.960 Executing VM operation: HandshakeAllThreads (Deoptimize) done
Event: 18.019 Executing VM operation: HandshakeAllThreads (Deoptimize)
Event: 18.019 Executing VM operation: HandshakeAllThreads (Deoptimize) done
Event: 18.032 Executing VM operation: HandshakeAllThreads (Deoptimize)
Event: 18.032 Executing VM operation: HandshakeAllThreads (Deoptimize) done
Event: 18.033 Executing VM operation: HandshakeAllThreads (Deoptimize)
Event: 18.033 Executing VM operation: HandshakeAllThreads (Deoptimize) done
Event: 18.847 Executing VM operation: CollectForMetadataAllocation (Metadata GC Threshold)
Event: 18.873 Executing VM operation: CollectForMetadataAllocation (Metadata GC Threshold) done
Event: 18.893 Executing VM operation: G1PauseRemark
Event: 18.900 Executing VM operation: G1PauseRemark done

Memory protections (0 events):
No events

Nmethod flushes (0 events):
No events

Events (13 events):
Event: 0.159 Thread 0x00000299bafc9490 Thread added: 0x00000299bafc9490
Event: 0.226 Thread 0x00000299bafc9490 Thread added: 0x00000299d59ad380
Event: 0.227 Thread 0x00000299bafc9490 Thread added: 0x00000299d59b0960
Event: 0.229 Thread 0x00000299bafc9490 Thread added: 0x00000299d59b5350
Event: 0.229 Thread 0x00000299bafc9490 Thread added: 0x00000299d59b5db0
Event: 0.229 Thread 0x00000299bafc9490 Thread added: 0x00000299d59b6810
Event: 0.229 Thread 0x00000299bafc9490 Thread added: 0x00000299d59b7270
Event: 0.230 Thread 0x00000299bafc9490 Thread added: 0x00000299d59ba010
Event: 0.428 Thread 0x00000299bafc9490 Thread added: 0x00000299d5a20850
Event: 1.461 Thread 0x00000299bafc9490 Thread added: 0x00000299d5c6bd60
Event: 1.475 Thread 0x00000299bafc9490 Thread added: 0x00000299d5c76fb0
Event: 2.786 Thread 0x00000299bafc9490 Thread added: 0x0000029a1b00a2b0
Event: 16.000 Thread 0x0000029a1b00a2b0 Thread exited: 0x0000029a1b00a2b0


Dynamic libraries:
0x00007ff7e6b80000 - 0x00007ff7e6b90000 	C:\Program Files\Java\jdk-23\bin\java.exe
0x00007ffe583e0000 - 0x00007ffe58648000 	C:\Windows\SYSTEM32\ntdll.dll
0x00007ffe57de0000 - 0x00007ffe57ea9000 	C:\Windows\System32\KERNEL32.DLL
0x00007ffe55a60000 - 0x00007ffe55e52000 	C:\Windows\System32\KERNELBASE.dll
0x00007ffe55e60000 - 0x00007ffe55fab000 	C:\Windows\System32\ucrtbase.dll
0x00007ffe349c0000 - 0x00007ffe349d7000 	C:\Program Files\Java\jdk-23\bin\jli.dll
0x00007ffe575b0000 - 0x00007ffe57775000 	C:\Windows\System32\USER32.dll
0x00007ffe560e0000 - 0x00007ffe56107000 	C:\Windows\System32\win32u.dll
0x00007ffe57d30000 - 0x00007ffe57d5b000 	C:\Windows\System32\GDI32.dll
0x00007ffe55fb0000 - 0x00007ffe560dd000 	C:\Windows\System32\gdi32full.dll
0x00007ffe55840000 - 0x00007ffe558e3000 	C:\Windows\System32\msvcp_win.dll
0x00007ffe432a0000 - 0x00007ffe432bb000 	C:\Program Files\Java\jdk-23\bin\VCRUNTIME140.dll
0x00007ffe43930000 - 0x00007ffe43bc3000 	C:\Windows\WinSxS\amd64_microsoft.windows.common-controls_6595b64144ccf1df_6.0.26100.6725_none_3e085828e334708b\COMCTL32.dll
0x00007ffe57900000 - 0x00007ffe579a9000 	C:\Windows\System32\msvcrt.dll
0x00007ffe57d90000 - 0x00007ffe57dbf000 	C:\Windows\System32\IMM32.DLL
0x00007ffe50140000 - 0x00007ffe5014c000 	C:\Program Files\Java\jdk-23\bin\vcruntime140_1.dll
0x00007ffe2d090000 - 0x00007ffe2d11e000 	C:\Program Files\Java\jdk-23\bin\msvcp140.dll
0x00007ffdd7fb0000 - 0x00007ffdd8d00000 	C:\Program Files\Java\jdk-23\bin\server\jvm.dll
0x00007ffe57790000 - 0x00007ffe57844000 	C:\Windows\System32\ADVAPI32.dll
0x00007ffe57850000 - 0x00007ffe578f6000 	C:\Windows\System32\sechost.dll
0x00007ffe56b50000 - 0x00007ffe56c68000 	C:\Windows\System32\RPCRT4.dll
0x00007ffe574b0000 - 0x00007ffe57524000 	C:\Windows\System32\WS2_32.dll
0x00007ffe553d0000 - 0x00007ffe5542e000 	C:\Windows\SYSTEM32\POWRPROF.dll
0x00007ffe3f4d0000 - 0x00007ffe3f505000 	C:\Windows\SYSTEM32\WINMM.dll
0x00007ffe424f0000 - 0x00007ffe424fb000 	C:\Windows\SYSTEM32\VERSION.dll
0x00007ffe553b0000 - 0x00007ffe553c4000 	C:\Windows\SYSTEM32\UMPDC.dll
0x00007ffe54340000 - 0x00007ffe5435b000 	C:\Windows\SYSTEM32\kernel.appcore.dll
0x00007ffe50110000 - 0x00007ffe5011a000 	C:\Program Files\Java\jdk-23\bin\jimage.dll
0x00007ffe52cb0000 - 0x00007ffe52ef2000 	C:\Windows\SYSTEM32\DBGHELP.DLL
0x00007ffe579b0000 - 0x00007ffe57d2b000 	C:\Windows\System32\combase.dll
0x00007ffe58160000 - 0x00007ffe58237000 	C:\Windows\System32\OLEAUT32.dll
0x00007ffe367d0000 - 0x00007ffe3680c000 	C:\Windows\SYSTEM32\dbgcore.DLL
0x00007ffe56110000 - 0x00007ffe561a8000 	C:\Windows\System32\bcryptPrimitives.dll
0x00007ffe43280000 - 0x00007ffe4329e000 	C:\Program Files\Java\jdk-23\bin\java.dll
0x00007ffe57fb0000 - 0x00007ffe58148000 	C:\Windows\System32\ole32.dll
0x00007ffe56ca0000 - 0x00007ffe573ec000 	C:\Windows\System32\SHELL32.dll
0x00007ffe558f0000 - 0x00007ffe55a5b000 	C:\Windows\System32\wintypes.dll
0x00007ffe53200000 - 0x00007ffe53a5d000 	C:\Windows\SYSTEM32\windows.storage.dll
0x00007ffe56930000 - 0x00007ffe56a22000 	C:\Windows\System32\SHCORE.dll
0x00007ffe573f0000 - 0x00007ffe57452000 	C:\Windows\System32\shlwapi.dll
0x00007ffe55490000 - 0x00007ffe554b9000 	C:\Windows\SYSTEM32\profapi.dll
0x00007ffdf5400000 - 0x00007ffdf54d7000 	C:\Program Files\Java\jdk-23\bin\jsvml.dll
0x00007ffe48e40000 - 0x00007ffe48e50000 	C:\Program Files\Java\jdk-23\bin\net.dll
0x00007ffe548b0000 - 0x00007ffe5491b000 	C:\Windows\system32\mswsock.dll
0x00007ffe429f0000 - 0x00007ffe42a06000 	C:\Program Files\Java\jdk-23\bin\nio.dll
0x00007ffe416b0000 - 0x00007ffe416c7000 	C:\Program Files\Java\jdk-23\bin\zip.dll
0x00007ffe47180000 - 0x00007ffe471a4000 	C:\Program Files\NetBeans-25\netbeans\java\maven\lib\jansi-native\Windows\x86_64\jansi.dll
0x00007ffe48cd0000 - 0x00007ffe48ce0000 	C:\Program Files\Java\jdk-23\bin\verify.dll

dbghelp: loaded successfully - version: 4.0.5 - missing functions: none
symbol engine: initialized successfully - sym options: 0x614 - pdb path: .;C:\Program Files\Java\jdk-23\bin;C:\Windows\SYSTEM32;C:\Windows\WinSxS\amd64_microsoft.windows.common-controls_6595b64144ccf1df_6.0.26100.6725_none_3e085828e334708b;C:\Program Files\Java\jdk-23\bin\server;C:\Program Files\NetBeans-25\netbeans\java\maven\lib\jansi-native\Windows\x86_64

VM Arguments:
jvm_args: -Dclassworlds.conf=C:\Program Files\NetBeans-25\netbeans\java\maven\bin\m2.conf -Dmaven.home=C:\Program Files\NetBeans-25\netbeans\java\maven -Dlibrary.jansi.path=C:\Program Files\NetBeans-25\netbeans\java\maven\lib\jansi-native -Dmaven.multiModuleProjectDirectory=C:\Users\manga\Documents\NetBeansProjects\CourseEnrolmentSystem 
java_command: org.codehaus.plexus.classworlds.launcher.Launcher -Dexec.vmArgs= -Dexec.args=${exec.vmArgs} -classpath %classpath ${exec.mainClass} ${exec.appArgs} -Dexec.executable=C:\Program Files\Java\jdk-23\bin\java.exe -Dexec.mainClass=za.ac.cput.courseenrolmentsystem.SystemGUI.AdminLogin -Dexec.classpathScope=runtime -Dexec.appArgs= -Dmaven.ext.class.path=C:\Program Files\NetBeans-25\netbeans\java\maven-nblib\netbeans-eventspy.jar --no-transfer-progress process-classes org.codehaus.mojo:exec-maven-plugin:3.1.0:exec
java_class_path (initial): C:\Program Files\NetBeans-25\netbeans\java\maven\boot\plexus-classworlds-2.8.0.jar
Launcher Type: SUN_STANDARD

[Global flags]
     intx CICompilerCount                          = 2                                         {product} {ergonomic}
     uint ConcGCThreads                            = 1                                         {product} {ergonomic}
     uint G1ConcRefinementThreads                  = 2                                         {product} {ergonomic}
   size_t G1HeapRegionSize                         = 1048576                                   {product} {ergonomic}
   size_t InitialHeapSize                          = 65011712                                  {product} {ergonomic}
   size_t MarkStackSize                            = 4194304                                   {product} {ergonomic}
   size_t MarkStackSizeMax                         = 536870912                                 {product} {ergonomic}
   size_t MaxHeapSize                              = 1027604480                                {product} {ergonomic}
   size_t MaxNewSize                               = 616562688                                 {product} {ergonomic}
   size_t MinHeapDeltaBytes                        = 1048576                                   {product} {ergonomic}
   size_t MinHeapSize                              = 8388608                                   {product} {ergonomic}
    uintx NonNMethodCodeHeapSize                   = 5767168                                {pd product} {ergonomic}
    uintx NonProfiledCodeHeapSize                  = 123011072                              {pd product} {ergonomic}
    uintx ProfiledCodeHeapSize                     = 122880000                              {pd product} {ergonomic}
    uintx ReservedCodeCacheSize                    = 251658240                              {pd product} {ergonomic}
     bool SegmentedCodeCache                       = true                                      {product} {ergonomic}
   size_t SoftMaxHeapSize                          = 1027604480                             {manageable} {ergonomic}
     bool UseCompressedOops                        = true                           {product lp64_product} {ergonomic}
     bool UseG1GC                                  = true                                      {product} {ergonomic}
     bool UseLargePagesIndividualAllocation        = false                                  {pd product} {ergonomic}

Logging:
Log output configuration:
 #0: stdout all=warning uptime,level,tags foldmultilines=false
 #1: stderr all=off uptime,level,tags foldmultilines=false

Environment Variables:
JAVA_HOME=C:\Program Files\Java\jdk-23
PATH=C:\Program Files\Common Files\Oracle\Java\javapath;C:\Windows\system32;C:\Windows;C:\Windows\System32\Wbem;C:\Windows\System32\WindowsPowerShell\v1.0\;C:\Windows\System32\OpenSSH\;C:\Program Files\MySQL\MySQL Shell 8.0\bin\;C:\Users\manga\AppData\Local\Microsoft\WindowsApps;C:\Users\manga\AppData\Local\Programs\Microsoft VS Code\bin
USERNAME=manga
OS=Windows_NT
PROCESSOR_IDENTIFIER=Intel64 Family 6 Model 122 Stepping 8, GenuineIntel
TMP=C:\Users\manga\AppData\Local\Temp
TEMP=C:\Users\manga\AppData\Local\Temp




Periodic native trim disabled

---------------  S Y S T E M  ---------------

OS:
 Windows 11 , 64 bit Build 26100 (10.0.26100.6725)
OS uptime: 5 days 8:13 hours

CPU: total 2 (initial active 2) (2 cores per cpu, 1 threads per core) family 6 model 122 stepping 8 microcode 0x1c, cx8, cmov, fxsr, mmx, 3dnowpref, sse, sse2, sse3, ssse3, sse4.1, sse4.2, popcnt, tsc, tscinvbit, aes, erms, clmul, sha, clflush, clflushopt, rdtscp, rdpid
Processor Information for the first 2 processors :
  Max Mhz: 1101, Current Mhz: 1101, Mhz Limit: 1101

Memory: 4k page, system-wide physical 3918M (372M free)
TotalPageFile size 15694M (AvailPageFile size 7M)
current process WorkingSet (physical memory assigned to process): 156M, peak: 156M
current process commit charge ("private bytes"): 193M, peak: 193M

vm_info: Java HotSpot(TM) 64-Bit Server VM (23.0.2+7-58) for windows-amd64 JRE (23.0.2+7-58), built on 2024-11-29T09:34:55Z with MS VC++ 17.6 (VS2022)

END.
